INFO - Q-Learning - Rewards at end of epoch: [0.5 1.  2.  ... 0.  0.5 0.5]
INFO - Q-Learning - Rewards at end of epoch: [0.5  0.   1.25 ... 0.25 0.5  0.5 ]
INFO - Q-Learning - Rewards at end of epoch: [0.66666667 0.16666667 1.         ... 0.33333333 0.5        0.5       ]
INFO - Q-Learning - Rewards at end of epoch: [ 0.625 -0.375  0.875 ...  0.375  0.5    0.5  ]
INFO - Q-Learning - Rewards at end of epoch: [ 0.6 -0.2  0.8 ...  0.4  0.5  0. ]
INFO - Q-Learning - Rewards at end of epoch: [ 0.66666667 -0.08333333  0.83333333 ...  0.41666667  0.5
  0.08333333]
INFO - Q-Learning - Rewards at end of epoch: [ 0.71428571 -0.35714286  0.42857143 ...  0.42857143  0.28571429
  0.14285714]
INFO - Q-Learning - Rewards at end of epoch: [ 0.75   -0.5625  0.4375 ...  0.4375  0.25    0.1875]
INFO - Q-Learning - Rewards at end of epoch: [ 0.44444444 -0.44444444  0.44444444 ...  0.44444444  0.27777778
 -0.05555556]
INFO - Q-Learning - Rewards at end of epoch: [ 4.5000000e-01 -3.5000000e-01  4.5000000e-01 ...  4.5000000e-01
  3.0000000e-01  6.9388939e-18]
INFO - Q-Learning - Rewards at end of epoch: [ 0.45454545 -0.27272727  0.45454545 ...  0.45454545  0.36363636
  0.04545455]
INFO - Q-Learning - Rewards at end of epoch: [ 0.33333333 -0.33333333  0.58333333 ...  0.45833333  0.375
  0.08333333]
INFO - Q-Learning - Rewards at end of epoch: [ 0.15384615 -0.26923077  0.57692308 ...  0.5         0.38461538
 -0.07692308]
INFO - Q-Learning - Rewards at end of epoch: [ 0.17857143 -0.25        0.46428571 ...  0.39285714  0.39285714
 -0.03571429]
INFO - Q-Learning - Rewards at end of epoch: [ 0.03333333 -0.2         0.46666667 ...  0.4         0.36666667
  0.03333333]
INFO - Q-Learning - Rewards at end of epoch: [ 0.09375 -0.15625  0.5     ...  0.40625  0.40625  0.0625 ]
INFO - Q-Learning - Rewards at end of epoch: [ 0.02941176 -0.11764706  0.5        ...  0.41176471  0.44117647
  0.08823529]
INFO - Q-Learning - Rewards at end of epoch: [ 0.08333333 -0.16666667  0.41666667 ...  0.41666667  0.44444444
  0.11111111]
INFO - Q-Learning - Rewards at end of epoch: [ 0.10526316 -0.13157895  0.42105263 ...  0.44736842  0.44736842
  0.13157895]
INFO - Q-Learning - Rewards at end of epoch: [ 0.125 -0.1    0.425 ...  0.525  0.45   0.15 ]
INFO - Q-Learning - Rewards at end of epoch: [ 0.14285714 -0.14285714  0.42857143 ...  0.4047619   0.45238095
  0.16666667]
INFO - Q-Learning - Rewards at end of epoch: [ 0.15909091 -0.11363636  0.43181818 ...  0.40909091  0.45454545
  0.18181818]
INFO - Q-Learning - Rewards at end of epoch: [ 0.17391304 -0.08695652  0.43478261 ...  0.41304348  0.45652174
  0.19565217]
INFO - Q-Learning - Rewards at end of epoch: [ 0.1875     -0.0625      0.45833333 ...  0.41666667  0.45833333
  0.20833333]
INFO - Q-Learning - Rewards at end of epoch: [ 0.2  -0.04  0.46 ...  0.4   0.46  0.22]
INFO - Q-Learning - Rewards at end of epoch: [ 0.21153846 -0.01923077  0.44230769 ...  0.34615385  0.46153846
  0.23076923]
INFO - Q-Learning - Rewards at end of epoch: [0.22222222 0.         0.44444444 ... 0.2962963  0.40740741 0.18518519]
INFO - Q-Learning - Rewards at end of epoch: [0.23214286 0.03571429 0.44642857 ... 0.30357143 0.42857143 0.19642857]
INFO - Q-Learning - Rewards at end of epoch: [ 2.41379310e-01 -6.93889390e-18  3.96551724e-01 ...  3.10344828e-01
  4.31034483e-01  2.06896552e-01]
INFO - Q-Learning - Rewards at end of epoch: [ 2.50000000e-01 -6.70759744e-18  4.00000000e-01 ...  3.16666667e-01
  4.50000000e-01  2.16666667e-01]
INFO - Q-Learning - Rewards at end of epoch: [0.25806452 0.01612903 0.41935484 ... 0.32258065 0.4516129  0.22580645]
INFO - Q-Learning - Rewards at end of epoch: [0.265625 0.03125  0.421875 ... 0.328125 0.375    0.25    ]
INFO - Q-Learning - Rewards at end of epoch: [0.27272727 0.04545455 0.43939394 ... 0.34848485 0.39393939 0.25757576]
INFO - Q-Learning - Rewards at end of epoch: [0.27941176 0.01470588 0.36764706 ... 0.36764706 0.35294118 0.26470588]
INFO - Q-Learning - Rewards at end of epoch: [0.27142857 0.02857143 0.37142857 ... 0.3        0.35714286 0.28571429]
INFO - Q-Learning - Rewards at end of epoch: [0.29166667 0.04166667 0.375      ... 0.31944444 0.29166667 0.29166667]
INFO - Q-Learning - Rewards at end of epoch: [0.2972973  0.05405405 0.37837838 ... 0.28378378 0.2972973  0.2972973 ]
INFO - Q-Learning - Rewards at end of epoch: [0.30263158 0.02631579 0.38157895 ... 0.28947368 0.30263158 0.30263158]
INFO - Q-Learning - Rewards at end of epoch: [0.30769231 0.03846154 0.38461538 ... 0.30769231 0.30769231 0.30769231]
INFO - Q-Learning - Rewards at end of epoch: [0.3125 0.05   0.3875 ... 0.3125 0.325  0.25  ]
INFO - Q-Learning - Rewards at end of epoch: [0.32926829 0.07317073 0.3902439  ... 0.31707317 0.36585366 0.26829268]
INFO - Q-Learning - Rewards at end of epoch: [0.32142857 0.08333333 0.35714286 ... 0.33333333 0.36904762 0.23809524]
INFO - Q-Learning - Rewards at end of epoch: [0.3255814  0.09302326 0.34883721 ... 0.27906977 0.37209302 0.24418605]
INFO - Q-Learning - Rewards at end of epoch: [0.32954545 0.10227273 0.35227273 ... 0.29545455 0.375      0.25      ]
INFO - Q-Learning - Rewards at end of epoch: [0.32222222 0.11111111 0.35555556 ... 0.3        0.37777778 0.25555556]
INFO - Q-Learning - Rewards at end of epoch: [0.33695652 0.11956522 0.36956522 ... 0.31521739 0.38043478 0.22826087]
INFO - Q-Learning - Rewards at end of epoch: [0.34042553 0.12765957 0.37234043 ... 0.26595745 0.32978723 0.20212766]
INFO - Q-Learning - Rewards at end of epoch: [0.34375    0.13541667 0.375      ... 0.27083333 0.33333333 0.17708333]
INFO - Q-Learning - Rewards at end of epoch: [0.34693878 0.14285714 0.37755102 ... 0.2755102  0.33673469 0.15306122]
INFO - Q-Learning - Rewards at end of epoch: [0.35 0.16 0.38 ... 0.28 0.34 0.16]
INFO - Q-Learning - Rewards at end of epoch: [0.35294118 0.16666667 0.39215686 ... 0.2745098  0.34313725 0.16666667]
INFO - Q-Learning - Rewards at end of epoch: [0.35576923 0.16346154 0.34615385 ... 0.27884615 0.31730769 0.18269231]
INFO - Q-Learning - Rewards at end of epoch: [0.35849057 0.16981132 0.35849057 ... 0.28301887 0.32075472 0.19811321]
INFO - Q-Learning - Rewards at end of epoch: [0.37037037 0.17592593 0.31481481 ... 0.28703704 0.33333333 0.2037037 ]
INFO - Q-Learning - Rewards at end of epoch: [0.38181818 0.18181818 0.31818182 ... 0.29090909 0.33636364 0.2       ]
INFO - Q-Learning - Rewards at end of epoch: [0.38392857 0.1875     0.33035714 ... 0.29464286 0.33928571 0.20535714]
INFO - Q-Learning - Rewards at end of epoch: [0.38596491 0.19298246 0.33333333 ... 0.29824561 0.34210526 0.21052632]
INFO - Q-Learning - Rewards at end of epoch: [0.38793103 0.19827586 0.3362069  ... 0.30172414 0.34482759 0.21551724]
INFO - Q-Learning - Rewards at end of epoch: [0.38983051 0.20338983 0.34745763 ... 0.30508475 0.3559322  0.22033898]
INFO - Q-Learning - Rewards at end of epoch: [0.39166667 0.18333333 0.35833333 ... 0.30833333 0.36666667 0.225     ]
INFO - Q-Learning - Rewards at end of epoch: [0.39344262 0.18852459 0.35245902 ... 0.28688525 0.36885246 0.2295082 ]
INFO - Q-Learning - Rewards at end of epoch: [0.39516129 0.16935484 0.31451613 ... 0.29032258 0.33064516 0.24193548]
INFO - Q-Learning - Rewards at end of epoch: [0.3968254  0.17460317 0.31746032 ... 0.29365079 0.33333333 0.23809524]
INFO - Q-Learning - Rewards at end of epoch: [0.3984375 0.1796875 0.296875  ... 0.3046875 0.34375   0.203125 ]
INFO - Q-Learning - Rewards at end of epoch: [0.4        0.18461538 0.27692308 ... 0.30769231 0.34615385 0.21538462]
INFO - Q-Learning - Rewards at end of epoch: [0.37878788 0.18939394 0.25757576 ... 0.31060606 0.34848485 0.21969697]
INFO - Q-Learning - Rewards at end of epoch: [0.38059701 0.17164179 0.26119403 ... 0.31343284 0.35074627 0.23134328]
INFO - Q-Learning - Rewards at end of epoch: [0.36029412 0.15441176 0.25735294 ... 0.32352941 0.35294118 0.23529412]
INFO - Q-Learning - Rewards at end of epoch: [0.36231884 0.15942029 0.26086957 ... 0.33333333 0.31884058 0.2173913 ]
INFO - Q-Learning - Rewards at end of epoch: [0.36428571 0.16428571 0.26428571 ... 0.33571429 0.32142857 0.22142857]
INFO - Q-Learning - Rewards at end of epoch: [0.37323944 0.16901408 0.27464789 ... 0.33802817 0.32394366 0.22535211]
INFO - Q-Learning - Rewards at end of epoch: [0.375      0.17361111 0.27777778 ... 0.34027778 0.33333333 0.20833333]
INFO - Q-Learning - Rewards at end of epoch: [0.38356164 0.17808219 0.26027397 ... 0.30821918 0.34246575 0.21232877]
INFO - Q-Learning - Rewards at end of epoch: [0.38513514 0.18918919 0.26351351 ... 0.29054054 0.35135135 0.21621622]
INFO - Q-Learning - Rewards at end of epoch: [0.38666667 0.17333333 0.26666667 ... 0.29333333 0.32       0.2       ]
INFO - Q-Learning - Rewards at end of epoch: [0.38815789 0.17763158 0.26973684 ... 0.29605263 0.28947368 0.17763158]
INFO - Q-Learning - Rewards at end of epoch: [0.38961039 0.18181818 0.29220779 ... 0.2987013  0.29220779 0.18181818]
INFO - Q-Learning - Rewards at end of epoch: [0.3974359  0.19230769 0.29487179 ... 0.30128205 0.29487179 0.18589744]
INFO - Q-Learning - Rewards at end of epoch: [0.39873418 0.20253165 0.27848101 ... 0.31012658 0.29746835 0.18987342]
INFO - Q-Learning - Rewards at end of epoch: [0.40625 0.2125  0.28125 ... 0.3125  0.28125 0.19375]
INFO - Q-Learning - Rewards at end of epoch: [0.40740741 0.19753086 0.28395062 ... 0.31481481 0.28395062 0.19753086]
INFO - Q-Learning - Rewards at end of epoch: [0.40853659 0.20121951 0.26829268 ... 0.32317073 0.29268293 0.20731707]
INFO - Q-Learning - Rewards at end of epoch: [0.40963855 0.18674699 0.27108434 ... 0.3253012  0.29518072 0.21084337]
INFO - Q-Learning - Rewards at end of epoch: [0.41071429 0.16071429 0.27380952 ... 0.32738095 0.29761905 0.21428571]
INFO - Q-Learning - Rewards at end of epoch: [0.41176471 0.16470588 0.27058824 ... 0.32941176 0.3        0.22352941]
INFO - Q-Learning - Rewards at end of epoch: [0.41860465 0.16860465 0.27325581 ... 0.33139535 0.30232558 0.22674419]
INFO - Q-Learning - Rewards at end of epoch: [0.42528736 0.17816092 0.27586207 ... 0.35057471 0.3045977  0.22988506]
INFO - Q-Learning - Rewards at end of epoch: [0.43181818 0.18181818 0.27840909 ... 0.35227273 0.30681818 0.23295455]
INFO - Q-Learning - Rewards at end of epoch: [0.43258427 0.18539326 0.28089888 ... 0.35955056 0.30898876 0.23595506]
INFO - Q-Learning - Rewards at end of epoch: [0.40555556 0.18888889 0.28333333 ... 0.36111111 0.31111111 0.25555556]
INFO - Q-Learning - Rewards at end of epoch: [0.41208791 0.1978022  0.28571429 ... 0.36263736 0.31318681 0.27472527]
INFO - Q-Learning - Rewards at end of epoch: [0.38586957 0.20108696 0.28804348 ... 0.34782609 0.31521739 0.27717391]
INFO - Q-Learning - Rewards at end of epoch: [0.38709677 0.20430108 0.29032258 ... 0.35483871 0.3172043  0.27956989]
INFO - Q-Learning - Rewards at end of epoch: [0.37234043 0.18085106 0.29255319 ... 0.35638298 0.31914894 0.28191489]
INFO - Q-Learning - Rewards at end of epoch: [0.37368421 0.18421053 0.29473684 ... 0.35789474 0.32105263 0.28947368]
INFO - Q-Learning - Rewards at end of epoch: [0.375      0.19270833 0.3125     ... 0.36458333 0.32291667 0.296875  ]
INFO - Q-Learning - Rewards at end of epoch: [0.37628866 0.18041237 0.30927835 ... 0.37113402 0.32474227 0.30412371]
INFO - Q-Learning - Rewards at end of epoch: [0.37755102 0.18367347 0.29591837 ... 0.35714286 0.32653061 0.30612245]
INFO - Q-Learning - Rewards at end of epoch: [0.37878788 0.18686869 0.2979798  ... 0.35353535 0.32828283 0.31313131]
INFO - Q-Learning - Rewards at end of epoch: [0.375 0.165 0.295 ... 0.355 0.33  0.31 ]
INFO - Q-Learning - Rewards at end of epoch: [ 2.   0.5 -2.  ...  0.5  0.5  2. ]
INFO - Q-Learning - Rewards at end of epoch: [ 1.25  0.5  -0.75 ...  0.5   1.25  1.25]
INFO - Q-Learning - Rewards at end of epoch: [ 0.5         0.5        -0.33333333 ...  0.5         1.
  1.        ]
INFO - Q-Learning - Rewards at end of epoch: [ 0.5    0.875 -0.125 ...  0.5    1.25   0.875]
INFO - Q-Learning - Rewards at end of epoch: [0.5 0.9 0.  ... 0.5 1.1 0.8]
INFO - Q-Learning - Rewards at end of epoch: [ 0.5         0.83333333 -0.16666667 ...  0.5         0.75
  0.75      ]
INFO - Q-Learning - Rewards at end of epoch: [ 0.5         0.57142857 -0.07142857 ...  0.5         0.71428571
  0.71428571]
INFO - Q-Learning - Rewards at end of epoch: [0.5    0.5625 0.     ... 0.5    0.6875 0.6875]
INFO - Q-Learning - Rewards at end of epoch: [0.5        0.27777778 0.05555556 ... 0.5        0.66666667 0.66666667]
INFO - Q-Learning - Rewards at end of epoch: [0.5  0.15 0.25 ... 0.35 0.65 0.65]
INFO - Q-Learning - Rewards at end of epoch: [0.5        0.18181818 0.27272727 ... 0.36363636 0.77272727 0.5       ]
INFO - Q-Learning - Rewards at end of epoch: [0.54166667 0.25       0.29166667 ... 0.375      0.75       0.5       ]
INFO - Q-Learning - Rewards at end of epoch: [0.53846154 0.38461538 0.30769231 ... 0.38461538 0.73076923 0.5       ]
INFO - Q-Learning - Rewards at end of epoch: [0.53571429 0.39285714 0.32142857 ... 0.39285714 0.71428571 0.5       ]
INFO - Q-Learning - Rewards at end of epoch: [0.53333333 0.4        0.33333333 ... 0.4        0.7        0.5       ]
INFO - Q-Learning - Rewards at end of epoch: [0.4375  0.4375  0.34375 ... 0.40625 0.6875  0.5    ]
INFO - Q-Learning - Rewards at end of epoch: [0.44117647 0.44117647 0.35294118 ... 0.44117647 0.67647059 0.52941176]
INFO - Q-Learning - Rewards at end of epoch: [0.44444444 0.30555556 0.36111111 ... 0.36111111 0.66666667 0.52777778]
INFO - Q-Learning - Rewards at end of epoch: [0.44736842 0.31578947 0.36842105 ... 0.36842105 0.65789474 0.52631579]
INFO - Q-Learning - Rewards at end of epoch: [0.45  0.325 0.375 ... 0.375 0.525 0.45 ]
INFO - Q-Learning - Rewards at end of epoch: [0.45238095 0.33333333 0.38095238 ... 0.38095238 0.52380952 0.45238095]
INFO - Q-Learning - Rewards at end of epoch: [0.45454545 0.34090909 0.38636364 ... 0.38636364 0.54545455 0.45454545]
INFO - Q-Learning - Rewards at end of epoch: [0.45652174 0.34782609 0.41304348 ... 0.39130435 0.54347826 0.47826087]
INFO - Q-Learning - Rewards at end of epoch: [0.39583333 0.35416667 0.4375     ... 0.39583333 0.54166667 0.41666667]
INFO - Q-Learning - Rewards at end of epoch: [0.42 0.36 0.38 ... 0.4  0.54 0.42]
INFO - Q-Learning - Rewards at end of epoch: [0.36538462 0.42307692 0.38461538 ... 0.42307692 0.55769231 0.42307692]
INFO - Q-Learning - Rewards at end of epoch: [0.37037037 0.37037037 0.38888889 ... 0.42592593 0.55555556 0.42592593]
INFO - Q-Learning - Rewards at end of epoch: [0.32142857 0.32142857 0.39285714 ... 0.44642857 0.55357143 0.42857143]
INFO - Q-Learning - Rewards at end of epoch: [0.32758621 0.32758621 0.39655172 ... 0.44827586 0.55172414 0.43103448]
INFO - Q-Learning - Rewards at end of epoch: [0.33333333 0.33333333 0.4        ... 0.45       0.55       0.45      ]
INFO - Q-Learning - Rewards at end of epoch: [0.33870968 0.32258065 0.40322581 ... 0.4516129  0.5483871  0.4516129 ]
INFO - Q-Learning - Rewards at end of epoch: [0.34375  0.328125 0.40625  ... 0.453125 0.546875 0.40625 ]
INFO - Q-Learning - Rewards at end of epoch: [0.34848485 0.33333333 0.39393939 ... 0.45454545 0.54545455 0.40909091]
INFO - Q-Learning - Rewards at end of epoch: [0.36764706 0.38235294 0.39705882 ... 0.45588235 0.54411765 0.41176471]
INFO - Q-Learning - Rewards at end of epoch: [0.37142857 0.38571429 0.4        ... 0.47142857 0.54285714 0.41428571]
INFO - Q-Learning - Rewards at end of epoch: [0.41666667 0.34722222 0.41666667 ... 0.47222222 0.5        0.41666667]
INFO - Q-Learning - Rewards at end of epoch: [0.41891892 0.35135135 0.41891892 ... 0.48648649 0.5        0.45945946]
INFO - Q-Learning - Rewards at end of epoch: [0.42105263 0.31578947 0.43421053 ... 0.42105263 0.5        0.42105263]
INFO - Q-Learning - Rewards at end of epoch: [0.42307692 0.28205128 0.43589744 ... 0.42307692 0.5        0.41025641]
INFO - Q-Learning - Rewards at end of epoch: [0.425  0.2875 0.4375 ... 0.3875 0.5    0.4125]
INFO - Q-Learning - Rewards at end of epoch: [0.42682927 0.29268293 0.40243902 ... 0.3902439  0.5        0.41463415]
INFO - Q-Learning - Rewards at end of epoch: [0.42857143 0.29761905 0.3452381  ... 0.39285714 0.5        0.42857143]
INFO - Q-Learning - Rewards at end of epoch: [0.39534884 0.30232558 0.34883721 ... 0.39534884 0.5        0.37209302]
INFO - Q-Learning - Rewards at end of epoch: [0.34090909 0.30681818 0.35227273 ... 0.36363636 0.5        0.36363636]
INFO - Q-Learning - Rewards at end of epoch: [0.34444444 0.25555556 0.35555556 ... 0.36666667 0.5        0.36666667]
INFO - Q-Learning - Rewards at end of epoch: [0.34782609 0.26086957 0.36956522 ... 0.38043478 0.5        0.38043478]
INFO - Q-Learning - Rewards at end of epoch: [0.35106383 0.27659574 0.37234043 ... 0.38297872 0.5        0.38297872]
INFO - Q-Learning - Rewards at end of epoch: [0.35416667 0.28125    0.375      ... 0.38541667 0.5        0.38541667]
INFO - Q-Learning - Rewards at end of epoch: [0.30612245 0.28571429 0.34693878 ... 0.35714286 0.5        0.3877551 ]
INFO - Q-Learning - Rewards at end of epoch: [0.31 0.26 0.35 ... 0.37 0.5  0.39]
INFO - Q-Learning - Rewards at end of epoch: [0.31372549 0.26470588 0.35294118 ... 0.37254902 0.5        0.39215686]
INFO - Q-Learning - Rewards at end of epoch: [0.28846154 0.26923077 0.35576923 ... 0.375      0.5        0.39423077]
INFO - Q-Learning - Rewards at end of epoch: [0.24528302 0.27358491 0.35849057 ... 0.37735849 0.47169811 0.39622642]
INFO - Q-Learning - Rewards at end of epoch: [0.25       0.27777778 0.36111111 ... 0.37962963 0.47222222 0.35185185]
INFO - Q-Learning - Rewards at end of epoch: [0.25454545 0.28181818 0.36363636 ... 0.38181818 0.47272727 0.30909091]
INFO - Q-Learning - Rewards at end of epoch: [0.25892857 0.28571429 0.36607143 ... 0.38392857 0.44642857 0.3125    ]
INFO - Q-Learning - Rewards at end of epoch: [0.26315789 0.28947368 0.36842105 ... 0.38596491 0.45614035 0.31578947]
INFO - Q-Learning - Rewards at end of epoch: [0.26724138 0.26724138 0.37068966 ... 0.38793103 0.46551724 0.29310345]
INFO - Q-Learning - Rewards at end of epoch: [0.22881356 0.27966102 0.37288136 ... 0.38983051 0.46610169 0.25423729]
INFO - Q-Learning - Rewards at end of epoch: [0.23333333 0.28333333 0.375      ... 0.4        0.46666667 0.21666667]
INFO - Q-Learning - Rewards at end of epoch: [0.23770492 0.28688525 0.37704918 ... 0.36065574 0.46721311 0.22131148]
INFO - Q-Learning - Rewards at end of epoch: [0.24193548 0.29032258 0.37903226 ... 0.36290323 0.46774194 0.23387097]
INFO - Q-Learning - Rewards at end of epoch: [0.24603175 0.29365079 0.38888889 ... 0.36507937 0.46825397 0.23809524]
INFO - Q-Learning - Rewards at end of epoch: [0.25      0.296875  0.3515625 ... 0.3671875 0.46875   0.2421875]
INFO - Q-Learning - Rewards at end of epoch: [0.25384615 0.3        0.33076923 ... 0.36923077 0.46923077 0.24615385]
INFO - Q-Learning - Rewards at end of epoch: [0.25757576 0.3030303  0.33333333 ... 0.37878788 0.46969697 0.25      ]
INFO - Q-Learning - Rewards at end of epoch: [0.2238806  0.31343284 0.34328358 ... 0.38059701 0.47014925 0.25373134]
INFO - Q-Learning - Rewards at end of epoch: [0.22794118 0.31617647 0.34558824 ... 0.38235294 0.47058824 0.25735294]
INFO - Q-Learning - Rewards at end of epoch: [0.23188406 0.31884058 0.34782609 ... 0.34782609 0.47101449 0.26086957]
INFO - Q-Learning - Rewards at end of epoch: [0.23571429 0.32142857 0.35714286 ... 0.32857143 0.45       0.26428571]
INFO - Q-Learning - Rewards at end of epoch: [0.21830986 0.32394366 0.32394366 ... 0.33098592 0.45774648 0.23239437]
INFO - Q-Learning - Rewards at end of epoch: [0.22222222 0.32638889 0.32638889 ... 0.33333333 0.45833333 0.23611111]
INFO - Q-Learning - Rewards at end of epoch: [0.20547945 0.32876712 0.33561644 ... 0.33561644 0.45205479 0.23972603]
INFO - Q-Learning - Rewards at end of epoch: [0.20945946 0.33108108 0.33783784 ... 0.34459459 0.4527027  0.24324324]
INFO - Q-Learning - Rewards at end of epoch: [0.21333333 0.33333333 0.34       ... 0.32666667 0.42       0.22666667]
INFO - Q-Learning - Rewards at end of epoch: [0.21710526 0.33552632 0.34210526 ... 0.32894737 0.42105263 0.23026316]
INFO - Q-Learning - Rewards at end of epoch: [0.22077922 0.33766234 0.34415584 ... 0.33766234 0.4025974  0.23376623]
INFO - Q-Learning - Rewards at end of epoch: [0.23076923 0.32051282 0.3525641  ... 0.33974359 0.40384615 0.23717949]
INFO - Q-Learning - Rewards at end of epoch: [0.23417722 0.32278481 0.33544304 ... 0.36075949 0.40506329 0.24050633]
INFO - Q-Learning - Rewards at end of epoch: [0.20625 0.31875 0.3375  ... 0.3625  0.40625 0.24375]
INFO - Q-Learning - Rewards at end of epoch: [0.21604938 0.29012346 0.33950617 ... 0.36419753 0.40740741 0.24691358]
INFO - Q-Learning - Rewards at end of epoch: [0.2195122  0.29268293 0.32317073 ... 0.36585366 0.41463415 0.2195122 ]
INFO - Q-Learning - Rewards at end of epoch: [0.22289157 0.29518072 0.3253012  ... 0.36746988 0.42168675 0.20481928]
INFO - Q-Learning - Rewards at end of epoch: [0.22619048 0.30357143 0.32738095 ... 0.36904762 0.39285714 0.20833333]
INFO - Q-Learning - Rewards at end of epoch: [0.23529412 0.31176471 0.32941176 ... 0.37058824 0.39411765 0.18235294]
INFO - Q-Learning - Rewards at end of epoch: [0.23837209 0.31976744 0.33139535 ... 0.37209302 0.39534884 0.18604651]
INFO - Q-Learning - Rewards at end of epoch: [0.24137931 0.32183908 0.33333333 ... 0.35632184 0.40229885 0.18965517]
INFO - Q-Learning - Rewards at end of epoch: [0.24431818 0.32386364 0.32954545 ... 0.35795455 0.40909091 0.17613636]
INFO - Q-Learning - Rewards at end of epoch: [0.24719101 0.3258427  0.31460674 ... 0.35955056 0.41011236 0.16292135]
INFO - Q-Learning - Rewards at end of epoch: [0.25       0.3        0.31666667 ... 0.36666667 0.41111111 0.16666667]
INFO - Q-Learning - Rewards at end of epoch: [0.25274725 0.3021978  0.31868132 ... 0.36813187 0.3956044  0.15384615]
INFO - Q-Learning - Rewards at end of epoch: [0.25543478 0.30434783 0.32065217 ... 0.36956522 0.36956522 0.1576087 ]
INFO - Q-Learning - Rewards at end of epoch: [0.25806452 0.30645161 0.32258065 ... 0.37096774 0.35483871 0.14516129]
INFO - Q-Learning - Rewards at end of epoch: [0.2606383  0.30851064 0.32446809 ... 0.37234043 0.35638298 0.14893617]
INFO - Q-Learning - Rewards at end of epoch: [0.23684211 0.31052632 0.3        ... 0.37368421 0.35789474 0.15263158]
INFO - Q-Learning - Rewards at end of epoch: [0.23958333 0.3125     0.30208333 ... 0.38020833 0.359375   0.15625   ]
INFO - Q-Learning - Rewards at end of epoch: [0.24226804 0.31443299 0.30927835 ... 0.3814433  0.36082474 0.15979381]
INFO - Q-Learning - Rewards at end of epoch: [0.24489796 0.31632653 0.31122449 ... 0.38265306 0.3622449  0.16326531]
INFO - Q-Learning - Rewards at end of epoch: [0.24747475 0.31818182 0.31313131 ... 0.38383838 0.35858586 0.16666667]
INFO - Q-Learning - Rewards at end of epoch: [0.25  0.325 0.29  ... 0.385 0.36  0.17 ]
INFO - Q-Learning - Rewards at end of epoch: [ 1.   1.  -1.  ... -2.   0.5  0.5]
INFO - Q-Learning - Rewards at end of epoch: [ 0.75  0.75  0.5  ... -0.75  0.5   0.75]
INFO - Q-Learning - Rewards at end of epoch: [ 0.66666667  0.83333333  0.5        ... -0.16666667  0.5
 -0.16666667]
INFO - Q-Learning - Rewards at end of epoch: [6.25000000e-01 7.50000000e-01 5.00000000e-01 ... 2.77555756e-17
 5.00000000e-01 2.77555756e-17]
INFO - Q-Learning - Rewards at end of epoch: [0.6 0.8 0.5 ... 0.4 0.5 0.1]
INFO - Q-Learning - Rewards at end of epoch: [0.58333333 0.75       0.5        ... 0.41666667 0.5        0.16666667]
INFO - Q-Learning - Rewards at end of epoch: [ 0.57142857  0.71428571  0.5        ...  0.42857143  0.5
 -0.14285714]
INFO - Q-Learning - Rewards at end of epoch: [ 0.5625  0.6875  0.5    ...  0.5     0.3125 -0.0625]
INFO - Q-Learning - Rewards at end of epoch: [6.11111111e-01 6.66666667e-01 5.00000000e-01 ... 5.00000000e-01
 3.33333333e-01 5.55111512e-17]
INFO - Q-Learning - Rewards at end of epoch: [0.6  0.65 0.5  ... 0.5  0.35 0.2 ]
INFO - Q-Learning - Rewards at end of epoch: [0.59090909 0.63636364 0.54545455 ... 0.5        0.36363636 0.22727273]
INFO - Q-Learning - Rewards at end of epoch: [0.58333333 0.625      0.54166667 ... 0.5        0.375      0.25      ]
INFO - Q-Learning - Rewards at end of epoch: [0.61538462 0.61538462 0.53846154 ... 0.38461538 0.38461538 0.26923077]
INFO - Q-Learning - Rewards at end of epoch: [0.60714286 0.60714286 0.53571429 ... 0.39285714 0.39285714 0.28571429]
INFO - Q-Learning - Rewards at end of epoch: [0.6        0.5        0.53333333 ... 0.4        0.4        0.2       ]
INFO - Q-Learning - Rewards at end of epoch: [0.59375 0.53125 0.53125 ... 0.4375  0.40625 0.21875]
INFO - Q-Learning - Rewards at end of epoch: [0.5        0.52941176 0.52941176 ... 0.44117647 0.41176471 0.23529412]
INFO - Q-Learning - Rewards at end of epoch: [0.5        0.44444444 0.52777778 ... 0.44444444 0.33333333 0.27777778]
INFO - Q-Learning - Rewards at end of epoch: [0.5        0.44736842 0.55263158 ... 0.44736842 0.34210526 0.28947368]
INFO - Q-Learning - Rewards at end of epoch: [0.5   0.45  0.55  ... 0.325 0.375 0.325]
INFO - Q-Learning - Rewards at end of epoch: [0.5        0.45238095 0.54761905 ... 0.33333333 0.38095238 0.35714286]
INFO - Q-Learning - Rewards at end of epoch: [0.5        0.45454545 0.54545455 ... 0.36363636 0.31818182 0.36363636]
INFO - Q-Learning - Rewards at end of epoch: [0.5        0.45652174 0.60869565 ... 0.36956522 0.32608696 0.36956522]
INFO - Q-Learning - Rewards at end of epoch: [0.5        0.45833333 0.625      ... 0.375      0.22916667 0.375     ]
INFO - Q-Learning - Rewards at end of epoch: [0.52 0.46 0.62 ... 0.38 0.24 0.4 ]
INFO - Q-Learning - Rewards at end of epoch: [0.51923077 0.40384615 0.61538462 ... 0.38461538 0.25       0.40384615]
INFO - Q-Learning - Rewards at end of epoch: [0.51851852 0.40740741 0.61111111 ... 0.40740741 0.25925926 0.40740741]
INFO - Q-Learning - Rewards at end of epoch: [0.51785714 0.41071429 0.625      ... 0.42857143 0.26785714 0.41071429]
INFO - Q-Learning - Rewards at end of epoch: [0.5        0.4137931  0.62068966 ... 0.43103448 0.22413793 0.43103448]
INFO - Q-Learning - Rewards at end of epoch: [0.5        0.41666667 0.61666667 ... 0.43333333 0.23333333 0.43333333]
INFO - Q-Learning - Rewards at end of epoch: [0.4516129  0.41935484 0.53225806 ... 0.4516129  0.24193548 0.35483871]
INFO - Q-Learning - Rewards at end of epoch: [0.453125 0.375    0.53125  ... 0.453125 0.25     0.359375]
INFO - Q-Learning - Rewards at end of epoch: [0.45454545 0.37878788 0.53030303 ... 0.45454545 0.25757576 0.31818182]
INFO - Q-Learning - Rewards at end of epoch: [0.47058824 0.36764706 0.52941176 ... 0.41176471 0.26470588 0.25      ]
INFO - Q-Learning - Rewards at end of epoch: [0.48571429 0.37142857 0.54285714 ... 0.41428571 0.27142857 0.25714286]
INFO - Q-Learning - Rewards at end of epoch: [0.48611111 0.375      0.5        ... 0.41666667 0.27777778 0.26388889]
INFO - Q-Learning - Rewards at end of epoch: [0.48648649 0.39189189 0.5        ... 0.35135135 0.28378378 0.27027027]
INFO - Q-Learning - Rewards at end of epoch: [0.48684211 0.32894737 0.5        ... 0.36842105 0.28947368 0.27631579]
INFO - Q-Learning - Rewards at end of epoch: [0.48717949 0.37179487 0.5        ... 0.37179487 0.29487179 0.28205128]
INFO - Q-Learning - Rewards at end of epoch: [0.4875 0.375  0.5    ... 0.375  0.3    0.2875]
INFO - Q-Learning - Rewards at end of epoch: [0.45121951 0.37804878 0.5        ... 0.37804878 0.30487805 0.29268293]
INFO - Q-Learning - Rewards at end of epoch: [0.41666667 0.38095238 0.5        ... 0.38095238 0.30952381 0.29761905]
INFO - Q-Learning - Rewards at end of epoch: [0.41860465 0.38372093 0.51162791 ... 0.38372093 0.31395349 0.31395349]
INFO - Q-Learning - Rewards at end of epoch: [0.36363636 0.38636364 0.47727273 ... 0.32954545 0.32954545 0.31818182]
INFO - Q-Learning - Rewards at end of epoch: [0.36666667 0.33333333 0.48888889 ... 0.3        0.33333333 0.32222222]
INFO - Q-Learning - Rewards at end of epoch: [0.36956522 0.36956522 0.48913043 ... 0.30434783 0.36956522 0.32608696]
INFO - Q-Learning - Rewards at end of epoch: [0.34042553 0.37234043 0.4893617  ... 0.31914894 0.37234043 0.32978723]
INFO - Q-Learning - Rewards at end of epoch: [0.34375    0.375      0.48958333 ... 0.32291667 0.38541667 0.34375   ]
INFO - Q-Learning - Rewards at end of epoch: [0.34693878 0.36734694 0.48979592 ... 0.29591837 0.33673469 0.34693878]
INFO - Q-Learning - Rewards at end of epoch: [0.32 0.37 0.49 ... 0.3  0.31 0.35]
INFO - Q-Learning - Rewards at end of epoch: [0.32352941 0.37254902 0.49019608 ... 0.30392157 0.32352941 0.35294118]
INFO - Q-Learning - Rewards at end of epoch: [0.32692308 0.34615385 0.5        ... 0.27884615 0.29807692 0.35576923]
INFO - Q-Learning - Rewards at end of epoch: [0.33018868 0.3490566  0.5        ... 0.29245283 0.30188679 0.35849057]
INFO - Q-Learning - Rewards at end of epoch: [0.33333333 0.35185185 0.5        ... 0.2962963  0.31481481 0.36111111]
INFO - Q-Learning - Rewards at end of epoch: [0.30909091 0.30909091 0.5        ... 0.3        0.31818182 0.37272727]
INFO - Q-Learning - Rewards at end of epoch: [0.3125     0.3125     0.5        ... 0.30357143 0.32142857 0.375     ]
INFO - Q-Learning - Rewards at end of epoch: [0.31578947 0.27192982 0.47368421 ... 0.28070175 0.3245614  0.37719298]
INFO - Q-Learning - Rewards at end of epoch: [0.31896552 0.25       0.47413793 ... 0.28448276 0.31896552 0.37931034]
INFO - Q-Learning - Rewards at end of epoch: [0.3220339  0.24576271 0.47457627 ... 0.28813559 0.3220339  0.3559322 ]
INFO - Q-Learning - Rewards at end of epoch: [0.325      0.25       0.475      ... 0.29166667 0.325      0.35833333]
INFO - Q-Learning - Rewards at end of epoch: [0.32786885 0.25409836 0.47540984 ... 0.29508197 0.32786885 0.36065574]
INFO - Q-Learning - Rewards at end of epoch: [0.33064516 0.25806452 0.47580645 ... 0.2983871  0.33064516 0.36290323]
INFO - Q-Learning - Rewards at end of epoch: [0.33333333 0.26190476 0.47619048 ... 0.30952381 0.33333333 0.34126984]
INFO - Q-Learning - Rewards at end of epoch: [0.3359375 0.2421875 0.4765625 ... 0.3203125 0.3359375 0.34375  ]
INFO - Q-Learning - Rewards at end of epoch: [0.34615385 0.22307692 0.47692308 ... 0.32307692 0.33846154 0.34615385]
INFO - Q-Learning - Rewards at end of epoch: [0.32575758 0.20454545 0.47727273 ... 0.33333333 0.34090909 0.34848485]
INFO - Q-Learning - Rewards at end of epoch: [0.32835821 0.21641791 0.48507463 ... 0.3358209  0.34328358 0.35074627]
INFO - Q-Learning - Rewards at end of epoch: [0.33088235 0.22058824 0.48529412 ... 0.33823529 0.34558824 0.35294118]
INFO - Q-Learning - Rewards at end of epoch: [0.34057971 0.22463768 0.48550725 ... 0.34782609 0.34782609 0.31884058]
INFO - Q-Learning - Rewards at end of epoch: [0.35       0.22857143 0.48571429 ... 0.35       0.35       0.32857143]
INFO - Q-Learning - Rewards at end of epoch: [0.35915493 0.23239437 0.49295775 ... 0.35211268 0.35211268 0.33098592]
INFO - Q-Learning - Rewards at end of epoch: [0.36111111 0.23611111 0.47222222 ... 0.36111111 0.35416667 0.33333333]
INFO - Q-Learning - Rewards at end of epoch: [0.3630137  0.23972603 0.43835616 ... 0.34246575 0.35616438 0.32876712]
INFO - Q-Learning - Rewards at end of epoch: [0.33108108 0.24324324 0.41891892 ... 0.32432432 0.35810811 0.33108108]
INFO - Q-Learning - Rewards at end of epoch: [0.33333333 0.22666667 0.42       ... 0.34666667 0.36       0.33333333]
INFO - Q-Learning - Rewards at end of epoch: [0.33552632 0.23026316 0.42105263 ... 0.32894737 0.36184211 0.33552632]
INFO - Q-Learning - Rewards at end of epoch: [0.33766234 0.23376623 0.42207792 ... 0.33766234 0.36363636 0.34415584]
INFO - Q-Learning - Rewards at end of epoch: [0.33974359 0.23717949 0.42307692 ... 0.33974359 0.36538462 0.34615385]
INFO - Q-Learning - Rewards at end of epoch: [0.31012658 0.22151899 0.42405063 ... 0.34177215 0.36708861 0.34810127]
INFO - Q-Learning - Rewards at end of epoch: [0.3125  0.225   0.425   ... 0.34375 0.36875 0.35   ]
INFO - Q-Learning - Rewards at end of epoch: [0.31481481 0.22839506 0.42592593 ... 0.34567901 0.33950617 0.35185185]
INFO - Q-Learning - Rewards at end of epoch: [0.31707317 0.23170732 0.42682927 ... 0.35365854 0.32317073 0.35365854]
INFO - Q-Learning - Rewards at end of epoch: [0.3373494  0.20481928 0.42771084 ... 0.35542169 0.3313253  0.35542169]
INFO - Q-Learning - Rewards at end of epoch: [0.33928571 0.20833333 0.41071429 ... 0.35714286 0.33333333 0.35714286]
INFO - Q-Learning - Rewards at end of epoch: [0.31176471 0.19411765 0.41176471 ... 0.35882353 0.33529412 0.35882353]
INFO - Q-Learning - Rewards at end of epoch: [0.28488372 0.19767442 0.41860465 ... 0.36046512 0.33139535 0.36046512]
INFO - Q-Learning - Rewards at end of epoch: [0.28735632 0.2183908  0.41954023 ... 0.36206897 0.33333333 0.33333333]
INFO - Q-Learning - Rewards at end of epoch: [0.28977273 0.20454545 0.40340909 ... 0.36363636 0.33522727 0.33522727]
INFO - Q-Learning - Rewards at end of epoch: [0.29213483 0.19101124 0.40449438 ... 0.36516854 0.30898876 0.33707865]
INFO - Q-Learning - Rewards at end of epoch: [0.29444444 0.19444444 0.37777778 ... 0.36666667 0.31111111 0.33888889]
INFO - Q-Learning - Rewards at end of epoch: [0.2967033  0.21428571 0.37362637 ... 0.36813187 0.31318681 0.34615385]
INFO - Q-Learning - Rewards at end of epoch: [0.29891304 0.2173913  0.35869565 ... 0.36956522 0.31521739 0.34782609]
INFO - Q-Learning - Rewards at end of epoch: [0.30107527 0.22043011 0.36021505 ... 0.34408602 0.3172043  0.34946237]
INFO - Q-Learning - Rewards at end of epoch: [0.30319149 0.22340426 0.34574468 ... 0.34574468 0.30319149 0.35106383]
INFO - Q-Learning - Rewards at end of epoch: [0.32105263 0.22631579 0.34736842 ... 0.34736842 0.31052632 0.35263158]
INFO - Q-Learning - Rewards at end of epoch: [0.32291667 0.22916667 0.35416667 ... 0.34895833 0.3125     0.35416667]
INFO - Q-Learning - Rewards at end of epoch: [0.32474227 0.23195876 0.3556701  ... 0.35051546 0.28865979 0.34020619]
INFO - Q-Learning - Rewards at end of epoch: [0.33163265 0.23979592 0.35714286 ... 0.35204082 0.29081633 0.34183673]
INFO - Q-Learning - Rewards at end of epoch: [0.33333333 0.24242424 0.35858586 ... 0.35353535 0.29292929 0.34343434]
INFO - Q-Learning - Rewards at end of epoch: [0.335 0.245 0.36  ... 0.355 0.295 0.345]
INFO - Q-Learning - Rewards at end of epoch: [-1.  -1.   0.5 ...  0.5 -1.  -1. ]
INFO - Q-Learning - Rewards at end of epoch: [ 0.5  -1.   -0.25 ...  0.75 -1.   -1.  ]
INFO - Q-Learning - Rewards at end of epoch: [ 0.5        -0.5         0.16666667 ...  0.66666667 -0.5
 -1.        ]
INFO - Q-Learning - Rewards at end of epoch: [ 0.5   -0.625  0.25  ...  0.625 -0.875 -0.5  ]
INFO - Q-Learning - Rewards at end of epoch: [ 0.2 -0.7  0.4 ...  0.3 -0.5 -0.3]
INFO - Q-Learning - Rewards at end of epoch: [ 0.25       -0.75        0.16666667 ...  0.33333333 -0.58333333
 -0.08333333]
INFO - Q-Learning - Rewards at end of epoch: [ 0.35714286 -0.5         0.28571429 ...  0.14285714 -0.35714286
 -0.21428571]
INFO - Q-Learning - Rewards at end of epoch: [ 0.375  -0.5625  0.3125 ...  0.25   -0.0625 -0.125 ]
INFO - Q-Learning - Rewards at end of epoch: [ 0.38888889 -0.61111111  0.05555556 ...  0.11111111  0.
 -0.05555556]
INFO - Q-Learning - Rewards at end of epoch: [ 4.00000000e-01 -6.50000000e-01 -1.50000000e-01 ...  1.50000000e-01
  5.00000000e-02  2.08166817e-17]
INFO - Q-Learning - Rewards at end of epoch: [ 0.40909091 -0.77272727 -0.09090909 ...  0.04545455  0.09090909
 -0.09090909]
INFO - Q-Learning - Rewards at end of epoch: [ 4.58333333e-01 -8.75000000e-01 -4.16666667e-02 ...  8.33333333e-02
  1.25000000e-01  1.38777878e-17]
INFO - Q-Learning - Rewards at end of epoch: [ 4.61538462e-01 -7.69230769e-01  4.16333634e-17 ...  1.15384615e-01
  1.53846154e-01  3.84615385e-02]
INFO - Q-Learning - Rewards at end of epoch: [ 0.35714286 -0.64285714  0.14285714 ...  0.17857143  0.17857143
 -0.10714286]
INFO - Q-Learning - Rewards at end of epoch: [ 0.36666667 -0.46666667  0.16666667 ...  0.2         0.1
  0.03333333]
INFO - Q-Learning - Rewards at end of epoch: [ 0.28125 -0.40625  0.1875  ...  0.125    0.125   -0.03125]
INFO - Q-Learning - Rewards at end of epoch: [ 0.14705882 -0.32352941  0.20588235 ...  0.14705882  0.14705882
  0.08823529]
INFO - Q-Learning - Rewards at end of epoch: [ 0.19444444 -0.41666667  0.22222222 ...  0.16666667  0.08333333
  0.08333333]
INFO - Q-Learning - Rewards at end of epoch: [ 0.13157895 -0.5         0.23684211 ...  0.05263158  0.07894737
  0.13157895]
INFO - Q-Learning - Rewards at end of epoch: [ 1.50000000e-01 -4.25000000e-01  2.50000000e-01 ...  2.77555756e-17
  7.50000000e-02  7.50000000e-02]
INFO - Q-Learning - Rewards at end of epoch: [ 0.16666667 -0.38095238  0.28571429 ... -0.04761905  0.16666667
 -0.02380952]
INFO - Q-Learning - Rewards at end of epoch: [ 0.18181818 -0.40909091  0.22727273 ... -0.02272727  0.18181818
 -0.06818182]
INFO - Q-Learning - Rewards at end of epoch: [ 0.19565217 -0.43478261  0.17391304 ... -0.10869565  0.19565217
 -0.10869565]
INFO - Q-Learning - Rewards at end of epoch: [ 0.27083333 -0.45833333  0.16666667 ... -0.1875      0.22916667
 -0.1875    ]
INFO - Q-Learning - Rewards at end of epoch: [ 0.3  -0.4   0.16 ... -0.18  0.24 -0.16]
INFO - Q-Learning - Rewards at end of epoch: [ 0.30769231 -0.36538462  0.17307692 ... -0.17307692  0.19230769
 -0.23076923]
INFO - Q-Learning - Rewards at end of epoch: [ 0.2962963  -0.31481481  0.24074074 ... -0.12962963  0.22222222
 -0.2037037 ]
INFO - Q-Learning - Rewards at end of epoch: [ 0.25       -0.375       0.16071429 ... -0.10714286  0.23214286
 -0.125     ]
INFO - Q-Learning - Rewards at end of epoch: [ 0.24137931 -0.36206897  0.17241379 ... -0.13793103  0.24137931
 -0.12068966]
INFO - Q-Learning - Rewards at end of epoch: [ 0.2        -0.38333333  0.13333333 ... -0.11666667  0.16666667
 -0.18333333]
INFO - Q-Learning - Rewards at end of epoch: [ 0.20967742 -0.35483871  0.14516129 ... -0.17741935  0.16129032
 -0.16129032]
INFO - Q-Learning - Rewards at end of epoch: [ 0.171875 -0.328125  0.15625  ... -0.15625   0.09375  -0.140625]
INFO - Q-Learning - Rewards at end of epoch: [ 0.13636364 -0.3030303   0.16666667 ... -0.13636364  0.06060606
 -0.12121212]
INFO - Q-Learning - Rewards at end of epoch: [ 0.10294118 -0.32352941  0.13235294 ... -0.10294118  0.02941176
 -0.14705882]
INFO - Q-Learning - Rewards at end of epoch: [ 0.04285714 -0.37142857  0.1        ... -0.12857143  0.05714286
 -0.11428571]
INFO - Q-Learning - Rewards at end of epoch: [ 0.01388889 -0.41666667  0.11111111 ... -0.06944444  0.11111111
 -0.16666667]
INFO - Q-Learning - Rewards at end of epoch: [ 0.02702703 -0.39189189  0.10810811 ... -0.05405405  0.12162162
 -0.14864865]
INFO - Q-Learning - Rewards at end of epoch: [-0.02631579 -0.36842105  0.07894737 ... -0.03947368  0.09210526
 -0.17105263]
INFO - Q-Learning - Rewards at end of epoch: [-0.01282051 -0.33333333  0.05128205 ... -0.06410256  0.14102564
 -0.19230769]
INFO - Q-Learning - Rewards at end of epoch: [ 0.0125 -0.325   0.0625 ... -0.0875  0.1625 -0.2125]
INFO - Q-Learning - Rewards at end of epoch: [-0.01219512 -0.36585366  0.07317073 ... -0.1097561   0.18292683
 -0.18292683]
INFO - Q-Learning - Rewards at end of epoch: [ 0.03571429 -0.3452381   0.04761905 ... -0.13095238  0.19047619
 -0.16666667]
INFO - Q-Learning - Rewards at end of epoch: [ 0.04651163 -0.36046512  0.05813953 ... -0.11627907  0.13953488
 -0.15116279]
INFO - Q-Learning - Rewards at end of epoch: [ 0.05681818 -0.34090909  0.03409091 ... -0.09090909  0.11363636
 -0.13636364]
INFO - Q-Learning - Rewards at end of epoch: [ 0.03333333 -0.35555556  0.01111111 ... -0.06666667  0.13333333
 -0.12222222]
INFO - Q-Learning - Rewards at end of epoch: [-0.01086957 -0.39130435 -0.01086957 ... -0.04347826  0.15217391
 -0.16304348]
INFO - Q-Learning - Rewards at end of epoch: [-0.03191489 -0.37234043 -0.03191489 ... -0.06382979  0.15957447
 -0.11702128]
INFO - Q-Learning - Rewards at end of epoch: [-0.01041667 -0.38541667 -0.02083333 ... -0.05208333  0.17708333
 -0.10416667]
INFO - Q-Learning - Rewards at end of epoch: [-0.05102041 -0.33673469 -0.04081633 ... -0.03061224  0.18367347
 -0.12244898]
INFO - Q-Learning - Rewards at end of epoch: [-0.07 -0.31 -0.03 ... -0.02  0.19 -0.11]
INFO - Q-Learning - Rewards at end of epoch: [-0.04901961 -0.28431373 -0.01960784 ... -0.03921569  0.20588235
 -0.12745098]
INFO - Q-Learning - Rewards at end of epoch: [-0.03846154 -0.26923077 -0.03846154 ... -0.03846154  0.21153846
 -0.08653846]
INFO - Q-Learning - Rewards at end of epoch: [-0.02830189 -0.25471698 -0.05660377 ... -0.05660377  0.22641509
 -0.0754717 ]
INFO - Q-Learning - Rewards at end of epoch: [-0.00925926 -0.24074074 -0.0462963  ... -0.07407407  0.2037037
 -0.06481481]
INFO - Q-Learning - Rewards at end of epoch: [ 3.12250226e-17 -2.54545455e-01 -3.63636364e-02 ... -6.36363636e-02
  2.36363636e-01 -5.45454545e-02]
INFO - Q-Learning - Rewards at end of epoch: [-0.01785714 -0.24107143 -0.01785714 ... -0.04464286  0.21428571
 -0.04464286]
INFO - Q-Learning - Rewards at end of epoch: [-0.00877193 -0.25438596 -0.03508772 ... -0.06140351  0.19298246
 -0.02631579]
INFO - Q-Learning - Rewards at end of epoch: [ 2.94902991e-17 -2.32758621e-01 -1.72413793e-02 ... -4.31034483e-02
  1.98275862e-01 -1.72413793e-02]
INFO - Q-Learning - Rewards at end of epoch: [ 8.47457627e-03 -2.62711864e-01 -8.47457627e-03 ... -3.38983051e-02
  2.03389831e-01 -2.08166817e-17]
INFO - Q-Learning - Rewards at end of epoch: [-0.025      -0.29166667 -0.04166667 ... -0.025       0.21666667
 -0.03333333]
INFO - Q-Learning - Rewards at end of epoch: [-0.01639344 -0.30327869 -0.03278689 ... -0.01639344  0.22131148
 -0.01639344]
INFO - Q-Learning - Rewards at end of epoch: [-0.03225806 -0.31451613 -0.02419355 ... -0.03225806  0.22580645
 -0.03225806]
INFO - Q-Learning - Rewards at end of epoch: [-2.38095238e-02 -3.41269841e-01 -7.93650794e-03 ... -6.34920635e-02
  2.38095238e-01 -1.38777878e-17]
INFO - Q-Learning - Rewards at end of epoch: [-0.0078125 -0.3515625 -0.0234375 ... -0.078125   0.25       0.015625 ]
INFO - Q-Learning - Rewards at end of epoch: [ 2.77555756e-17 -3.38461538e-01 -3.84615385e-02 ... -9.23076923e-02
  2.76923077e-01  2.30769231e-02]
INFO - Q-Learning - Rewards at end of epoch: [ 0.00757576 -0.36363636 -0.06818182 ... -0.10606061  0.24242424
  0.00757576]
INFO - Q-Learning - Rewards at end of epoch: [ 0.01492537 -0.35074627 -0.05970149 ... -0.13432836  0.2238806
  0.01492537]
INFO - Q-Learning - Rewards at end of epoch: [ 4.41176471e-02 -3.60294118e-01 -5.14705882e-02 ... -1.17647059e-01
  2.20588235e-01 -1.38777878e-17]
INFO - Q-Learning - Rewards at end of epoch: [ 0.05072464 -0.36956522 -0.02173913 ... -0.10869565  0.22463768
 -0.02898551]
INFO - Q-Learning - Rewards at end of epoch: [ 0.05714286 -0.37857143 -0.01428571 ... -0.1         0.23571429
 -0.02142857]
INFO - Q-Learning - Rewards at end of epoch: [ 0.07042254 -0.36619718 -0.02816901 ... -0.0915493   0.26056338
 -0.02112676]
INFO - Q-Learning - Rewards at end of epoch: [ 0.04166667 -0.375      -0.02083333 ... -0.07638889  0.26388889
 -0.04861111]
INFO - Q-Learning - Rewards at end of epoch: [ 0.04794521 -0.3630137  -0.03424658 ... -0.0890411   0.2739726
 -0.04794521]
INFO - Q-Learning - Rewards at end of epoch: [ 0.05405405 -0.35135135 -0.06081081 ... -0.10135135  0.27702703
 -0.06081081]
INFO - Q-Learning - Rewards at end of epoch: [ 0.04       -0.34       -0.05333333 ... -0.09333333  0.28
 -0.03333333]
INFO - Q-Learning - Rewards at end of epoch: [ 0.04605263 -0.32894737 -0.04605263 ... -0.06578947  0.28289474
 -0.02631579]
INFO - Q-Learning - Rewards at end of epoch: [ 0.04545455 -0.31818182 -0.03896104 ... -0.05844156  0.28571429
 -0.01948052]
INFO - Q-Learning - Rewards at end of epoch: [ 0.03205128 -0.33974359 -0.02564103 ... -0.07692308  0.28846154
 -0.03205128]
INFO - Q-Learning - Rewards at end of epoch: [ 0.00632911 -0.36075949 -0.01898734 ... -0.08860759  0.25949367
 -0.0443038 ]
INFO - Q-Learning - Rewards at end of epoch: [ 0.0125  -0.36875 -0.0125  ... -0.1      0.2625  -0.01875]
INFO - Q-Learning - Rewards at end of epoch: [ 0.02469136 -0.35185185 -0.00617284 ... -0.08641975  0.2654321
 -0.04320988]
INFO - Q-Learning - Rewards at end of epoch: [ 0.0304878  -0.34146341 -0.0304878  ... -0.1097561   0.25
 -0.01829268]
INFO - Q-Learning - Rewards at end of epoch: [ 0.0060241  -0.3313253  -0.01807229 ... -0.09638554  0.23493976
 -0.04216867]
INFO - Q-Learning - Rewards at end of epoch: [ 0.01785714 -0.35119048 -0.01190476 ... -0.11904762  0.2202381
 -0.05357143]
INFO - Q-Learning - Rewards at end of epoch: [ 0.02352941 -0.37058824 -0.00588235 ... -0.10588235  0.21764706
 -0.04705882]
INFO - Q-Learning - Rewards at end of epoch: [ 0.02906977 -0.35465116 -0.01744186 ... -0.09883721  0.22093023
 -0.03488372]
INFO - Q-Learning - Rewards at end of epoch: [ 0.00574713 -0.36206897 -0.01149425 ... -0.09195402  0.1954023
 -0.02873563]
INFO - Q-Learning - Rewards at end of epoch: [-0.00568182 -0.34659091 -0.02272727 ... -0.08522727  0.18181818
 -0.02272727]
INFO - Q-Learning - Rewards at end of epoch: [ 0.00561798 -0.33707865 -0.01685393 ... -0.06179775  0.18539326
 -0.03370787]
INFO - Q-Learning - Rewards at end of epoch: [ 0.01666667 -0.32777778 -0.03888889 ... -0.05        0.20555556
 -0.02777778]
INFO - Q-Learning - Rewards at end of epoch: [-0.00549451 -0.31318681 -0.04945055 ... -0.06043956  0.19230769
 -0.03846154]
INFO - Q-Learning - Rewards at end of epoch: [ 2.60208521e-17 -3.20652174e-01 -5.97826087e-02 ... -7.06521739e-02
  1.79347826e-01 -3.80434783e-02]
INFO - Q-Learning - Rewards at end of epoch: [ 0.00537634 -0.32795699 -0.06989247 ... -0.08064516  0.1827957
 -0.03225806]
INFO - Q-Learning - Rewards at end of epoch: [-0.01595745 -0.31914894 -0.05851064 ... -0.05851064  0.18617021
 -0.02659574]
INFO - Q-Learning - Rewards at end of epoch: [-0.00526316 -0.31052632 -0.06842105 ... -0.06842105  0.16315789
 -0.03684211]
INFO - Q-Learning - Rewards at end of epoch: [ 2.51534904e-17 -3.17708333e-01 -6.25000000e-02 ... -7.81250000e-02
  1.51041667e-01 -5.72916667e-02]
INFO - Q-Learning - Rewards at end of epoch: [-0.01030928 -0.32474227 -0.05670103 ... -0.06701031  0.15463918
 -0.06701031]
INFO - Q-Learning - Rewards at end of epoch: [-0.00510204 -0.31122449 -0.04591837 ... -0.05612245  0.16326531
 -0.07653061]
INFO - Q-Learning - Rewards at end of epoch: [ 2.51534904e-17 -2.97979798e-01 -5.55555556e-02 ... -7.57575758e-02
  1.41414141e-01 -7.07070707e-02]
INFO - Q-Learning - Rewards at end of epoch: [ 0.01  -0.275 -0.075 ... -0.065  0.13  -0.06 ]
INFO - Q-Learning - Rewards at end of epoch: [ 2.  -1.  -2.  ...  0.5  0.5 -1. ]
INFO - Q-Learning - Rewards at end of epoch: [ 1.25 -0.25 -1.5  ... -0.25  0.5  -1.5 ]
INFO - Q-Learning - Rewards at end of epoch: [ 1.          0.         -0.33333333 ...  0.         -0.33333333
 -1.        ]
INFO - Q-Learning - Rewards at end of epoch: [ 0.875 -0.25  -0.5   ... -0.25  -0.75  -0.625]
INFO - Q-Learning - Rewards at end of epoch: [ 9.00000000e-01 -1.00000000e-01  5.55111512e-17 ...  2.00000000e-01
 -4.00000000e-01 -1.00000000e-01]
INFO - Q-Learning - Rewards at end of epoch: [ 9.16666667e-01 -1.38777878e-17  8.33333333e-02 ...  2.77555756e-17
 -2.50000000e-01 -4.16666667e-01]
INFO - Q-Learning - Rewards at end of epoch: [ 0.85714286 -0.14285714  0.21428571 ...  0.14285714 -0.14285714
 -0.28571429]
INFO - Q-Learning - Rewards at end of epoch: [ 0.5    -0.25    0.0625 ...  0.125  -0.0625 -0.375 ]
INFO - Q-Learning - Rewards at end of epoch: [ 0.44444444 -0.33333333 -0.16666667 ...  0.16666667  0.
 -0.11111111]
INFO - Q-Learning - Rewards at end of epoch: [ 0.45 -0.1  -0.1  ... -0.05  0.05 -0.05]
INFO - Q-Learning - Rewards at end of epoch: [ 0.45454545 -0.27272727 -0.04545455 ... -0.13636364 -0.04545455
 -0.13636364]
INFO - Q-Learning - Rewards at end of epoch: [ 3.33333333e-01 -2.08333333e-01  5.55111512e-17 ... -8.33333333e-02
 -6.93889390e-18 -8.33333333e-02]
INFO - Q-Learning - Rewards at end of epoch: [ 4.61538462e-01 -1.53846154e-01  7.69230769e-02 ... -3.84615385e-02
  3.84615385e-02  1.38777878e-17]
INFO - Q-Learning - Rewards at end of epoch: [ 4.64285714e-01 -2.14285714e-01  4.16333634e-17 ... -1.07142857e-01
 -1.07142857e-01  3.57142857e-02]
INFO - Q-Learning - Rewards at end of epoch: [ 0.3        -0.13333333 -0.06666667 ... -0.06666667 -0.06666667
  0.1       ]
INFO - Q-Learning - Rewards at end of epoch: [ 0.28125 -0.09375  0.0625  ... -0.03125 -0.03125  0.125  ]
INFO - Q-Learning - Rewards at end of epoch: [ 1.47058824e-01 -1.47058824e-01  1.17647059e-01 ... -1.47058824e-01
  1.38777878e-17  1.47058824e-01]
INFO - Q-Learning - Rewards at end of epoch: [ 2.50000000e-01 -8.33333333e-02  2.77555756e-17 ... -1.11111111e-01
  5.55555556e-02  1.94444444e-01]
INFO - Q-Learning - Rewards at end of epoch: [ 0.18421053 -0.05263158 -0.05263158 ... -0.07894737  0.07894737
  0.21052632]
INFO - Q-Learning - Rewards at end of epoch: [ 2.00000000e-01 -2.50000000e-02  2.77555756e-17 ... -5.00000000e-02
  1.75000000e-01  2.25000000e-01]
INFO - Q-Learning - Rewards at end of epoch: [ 0.14285714 -0.07142857 -0.04761905 ... -0.0952381   0.19047619
  0.26190476]
INFO - Q-Learning - Rewards at end of epoch: [ 0.04545455 -0.15909091 -0.02272727 ... -0.13636364  0.20454545
  0.29545455]
INFO - Q-Learning - Rewards at end of epoch: [ 6.52173913e-02 -1.30434783e-01  2.77555756e-17 ... -2.17391304e-01
  2.39130435e-01  3.04347826e-01]
INFO - Q-Learning - Rewards at end of epoch: [ 0.08333333 -0.10416667  0.02083333 ... -0.16666667  0.25
  0.33333333]
INFO - Q-Learning - Rewards at end of epoch: [ 0.08 -0.14 -0.06 ... -0.24  0.2   0.36]
INFO - Q-Learning - Rewards at end of epoch: [ 0.07692308 -0.09615385 -0.09615385 ... -0.26923077  0.21153846
  0.36538462]
INFO - Q-Learning - Rewards at end of epoch: [ 0.09259259 -0.05555556 -0.07407407 ... -0.24074074  0.22222222
  0.37037037]
INFO - Q-Learning - Rewards at end of epoch: [ 0.125      -0.01785714 -0.03571429 ... -0.21428571  0.17857143
  0.375     ]
INFO - Q-Learning - Rewards at end of epoch: [ 1.89655172e-01 -3.46944695e-18 -1.03448276e-01 ... -1.89655172e-01
  1.37931034e-01  4.31034483e-01]
INFO - Q-Learning - Rewards at end of epoch: [ 0.21666667 -0.03333333 -0.08333333 ... -0.16666667  0.1
  0.43333333]
INFO - Q-Learning - Rewards at end of epoch: [ 0.22580645  0.         -0.14516129 ... -0.14516129  0.11290323
  0.43548387]
INFO - Q-Learning - Rewards at end of epoch: [ 0.234375 -0.0625   -0.109375 ... -0.203125  0.046875  0.390625]
INFO - Q-Learning - Rewards at end of epoch: [ 0.24242424 -0.03030303 -0.07575758 ... -0.16666667 -0.01515152
  0.39393939]
INFO - Q-Learning - Rewards at end of epoch: [ 0.26470588  0.         -0.10294118 ... -0.13235294 -0.04411765
  0.39705882]
INFO - Q-Learning - Rewards at end of epoch: [ 0.22857143  0.01428571 -0.08571429 ... -0.11428571 -0.02857143
  0.35714286]
INFO - Q-Learning - Rewards at end of epoch: [ 0.16666667 -0.04166667 -0.05555556 ... -0.09722222 -0.05555556
  0.31944444]
INFO - Q-Learning - Rewards at end of epoch: [ 0.18918919 -0.01351351 -0.10810811 ... -0.08108108 -0.10810811
  0.36486486]
INFO - Q-Learning - Rewards at end of epoch: [ 1.31578947e-01  1.73472348e-18 -9.21052632e-02 ... -1.31578947e-01
 -9.21052632e-02  3.68421053e-01]
INFO - Q-Learning - Rewards at end of epoch: [ 0.14102564  0.01282051 -0.07692308 ... -0.11538462 -0.06410256
  0.37179487]
INFO - Q-Learning - Rewards at end of epoch: [ 0.1625  0.025  -0.05   ... -0.1375 -0.0875  0.3125]
INFO - Q-Learning - Rewards at end of epoch: [ 0.15853659 -0.02439024 -0.02439024 ... -0.12195122 -0.07317073
  0.32926829]
INFO - Q-Learning - Rewards at end of epoch: [ 0.17857143 -0.01190476  0.         ... -0.10714286 -0.0952381
  0.36904762]
INFO - Q-Learning - Rewards at end of epoch: [ 0.15116279 -0.05813953  0.01162791 ... -0.15116279 -0.06976744
  0.3372093 ]
INFO - Q-Learning - Rewards at end of epoch: [ 0.15909091 -0.04545455  0.02272727 ... -0.13636364 -0.09090909
  0.34090909]
INFO - Q-Learning - Rewards at end of epoch: [ 0.13333333 -0.02222222  0.         ... -0.17777778 -0.06666667
  0.34444444]
INFO - Q-Learning - Rewards at end of epoch: [ 0.10869565  0.02173913  0.01086957 ... -0.19565217 -0.05434783
  0.34782609]
INFO - Q-Learning - Rewards at end of epoch: [ 0.08510638  0.03191489  0.05319149 ... -0.23404255 -0.07446809
  0.35106383]
INFO - Q-Learning - Rewards at end of epoch: [ 0.10416667  0.04166667  0.0625     ... -0.25       -0.0625
  0.36458333]
INFO - Q-Learning - Rewards at end of epoch: [ 0.10204082  0.05102041  0.07142857 ... -0.23469388 -0.05102041
  0.36734694]
INFO - Q-Learning - Rewards at end of epoch: [ 0.06  0.07  0.05 ... -0.22 -0.07  0.37]
INFO - Q-Learning - Rewards at end of epoch: [ 0.01960784  0.07843137  0.02941176 ... -0.20588235 -0.10784314
  0.37254902]
INFO - Q-Learning - Rewards at end of epoch: [ 4.51028104e-17  8.65384615e-02  9.61538462e-03 ... -1.92307692e-01
 -9.61538462e-02  3.46153846e-01]
INFO - Q-Learning - Rewards at end of epoch: [-0.03773585  0.06603774 -0.00943396 ... -0.20754717 -0.08490566
  0.3490566 ]
INFO - Q-Learning - Rewards at end of epoch: [-0.05555556  0.07407407 -0.02777778 ... -0.18518519 -0.10185185
  0.36111111]
INFO - Q-Learning - Rewards at end of epoch: [-0.03636364  0.08181818 -0.04545455 ... -0.21818182 -0.11818182
  0.37272727]
INFO - Q-Learning - Rewards at end of epoch: [-0.05357143  0.08928571 -0.03571429 ... -0.25       -0.13392857
  0.38392857]
INFO - Q-Learning - Rewards at end of epoch: [-0.04385965  0.07017544 -0.01754386 ... -0.24561404 -0.12280702
  0.38596491]
INFO - Q-Learning - Rewards at end of epoch: [-0.06034483  0.03448276 -0.03448276 ... -0.25862069 -0.11206897
  0.34482759]
INFO - Q-Learning - Rewards at end of epoch: [-0.05084746  0.04237288 -0.02542373 ... -0.28813559 -0.10169492
  0.3220339 ]
INFO - Q-Learning - Rewards at end of epoch: [-0.03333333  0.05       -0.04166667 ... -0.275      -0.09166667
  0.3       ]
INFO - Q-Learning - Rewards at end of epoch: [-0.02459016  0.05737705 -0.05737705 ... -0.26229508 -0.10655738
  0.29508197]
INFO - Q-Learning - Rewards at end of epoch: [-0.01612903  0.04032258 -0.0483871  ... -0.29032258 -0.07258065
  0.25806452]
INFO - Q-Learning - Rewards at end of epoch: [-0.03174603  0.04761905 -0.03174603 ... -0.3015873  -0.1031746
  0.23809524]
INFO - Q-Learning - Rewards at end of epoch: [-0.0625     0.03125   -0.046875  ... -0.3125    -0.1015625  0.25     ]
INFO - Q-Learning - Rewards at end of epoch: [-0.07692308  0.03846154 -0.03846154 ... -0.29230769 -0.08461538
  0.25384615]
INFO - Q-Learning - Rewards at end of epoch: [-0.09090909  0.0530303  -0.03030303 ... -0.28030303 -0.09848485
  0.26515152]
INFO - Q-Learning - Rewards at end of epoch: [-8.20895522e-02  2.23880597e-02 -1.38777878e-17 ... -2.46268657e-01
 -8.95522388e-02  2.46268657e-01]
INFO - Q-Learning - Rewards at end of epoch: [-0.09558824  0.02941176  0.02941176 ... -0.23529412 -0.08823529
  0.25      ]
INFO - Q-Learning - Rewards at end of epoch: [-8.69565217e-02  3.62318841e-02 -1.38777878e-17 ... -2.24637681e-01
 -1.15942029e-01  2.17391304e-01]
INFO - Q-Learning - Rewards at end of epoch: [-0.1         0.04285714  0.00714286 ... -0.23571429 -0.10714286
  0.22857143]
INFO - Q-Learning - Rewards at end of epoch: [-0.0915493   0.04929577  0.01408451 ... -0.22535211 -0.13380282
  0.23943662]
INFO - Q-Learning - Rewards at end of epoch: [-0.07638889  0.05555556  0.04166667 ... -0.25       -0.13194444
  0.25      ]
INFO - Q-Learning - Rewards at end of epoch: [-0.10273973  0.02739726  0.04794521 ... -0.26027397 -0.11643836
  0.2739726 ]
INFO - Q-Learning - Rewards at end of epoch: [-0.11486486  0.01351351  0.03378378 ... -0.25       -0.10810811
  0.27702703]
INFO - Q-Learning - Rewards at end of epoch: [-0.1         0.02        0.03333333 ... -0.26       -0.10666667
  0.28      ]
INFO - Q-Learning - Rewards at end of epoch: [-0.09210526  0.02631579  0.01973684 ... -0.28289474 -0.13157895
  0.26315789]
INFO - Q-Learning - Rewards at end of epoch: [-0.08441558  0.03246753  0.03246753 ... -0.30519481 -0.12337662
  0.26623377]
INFO - Q-Learning - Rewards at end of epoch: [-0.07692308  0.03846154  0.05769231 ... -0.30128205 -0.1474359
  0.26923077]
INFO - Q-Learning - Rewards at end of epoch: [-0.06962025  0.02531646  0.0443038  ... -0.29113924 -0.12025316
  0.2721519 ]
INFO - Q-Learning - Rewards at end of epoch: [-0.09375  0.03125  0.05625 ... -0.3     -0.14375  0.29375]
INFO - Q-Learning - Rewards at end of epoch: [-0.10493827  0.01851852  0.0308642  ... -0.29012346 -0.15432099
  0.2962963 ]
INFO - Q-Learning - Rewards at end of epoch: [-0.09756098  0.0304878   0.03658537 ... -0.29878049 -0.14634146
  0.30487805]
INFO - Q-Learning - Rewards at end of epoch: [-0.10843373  0.04216867  0.04216867 ... -0.30722892 -0.13855422
  0.31325301]
INFO - Q-Learning - Rewards at end of epoch: [-0.0952381   0.04761905  0.0297619  ... -0.29761905 -0.13095238
  0.32142857]
INFO - Q-Learning - Rewards at end of epoch: [-0.08823529  0.05882353  0.00588235 ... -0.28823529 -0.11764706
  0.32352941]
INFO - Q-Learning - Rewards at end of epoch: [-0.09883721  0.06976744 -0.01744186 ... -0.29651163 -0.12790698
  0.33139535]
INFO - Q-Learning - Rewards at end of epoch: [-0.12068966  0.05747126 -0.02873563 ... -0.28735632 -0.12068966
  0.32758621]
INFO - Q-Learning - Rewards at end of epoch: [-0.11363636  0.04545455 -0.01704545 ... -0.29545455 -0.13068182
  0.30113636]
INFO - Q-Learning - Rewards at end of epoch: [-0.13483146  0.03370787 -0.00561798 ... -0.31460674 -0.14044944
  0.28651685]
INFO - Q-Learning - Rewards at end of epoch: [-0.11111111  0.03888889 -0.00555556 ... -0.33333333 -0.13333333
  0.28888889]
INFO - Q-Learning - Rewards at end of epoch: [-1.20879121e-01  4.39560440e-02 -5.20417043e-18 ... -3.40659341e-01
 -1.26373626e-01  2.91208791e-01]
INFO - Q-Learning - Rewards at end of epoch: [-0.11413043  0.05434783 -0.01086957 ... -0.33152174 -0.13586957
  0.30978261]
INFO - Q-Learning - Rewards at end of epoch: [-0.10752688  0.05913978 -0.00537634 ... -0.33870968 -0.14516129
  0.29569892]
INFO - Q-Learning - Rewards at end of epoch: [-0.10106383  0.04787234  0.00531915 ... -0.32978723 -0.16489362
  0.2712766 ]
INFO - Q-Learning - Rewards at end of epoch: [-0.09473684  0.05789474  0.01052632 ... -0.32105263 -0.15789474
  0.26842105]
INFO - Q-Learning - Rewards at end of epoch: [-0.10416667  0.06770833 -0.01041667 ... -0.33854167 -0.15104167
  0.24479167]
INFO - Q-Learning - Rewards at end of epoch: [-0.09793814  0.05670103 -0.00515464 ... -0.32989691 -0.15979381
  0.24742268]
INFO - Q-Learning - Rewards at end of epoch: [-9.18367347e-02  4.59183673e-02 -5.20417043e-18 ... -3.16326531e-01
 -1.53061224e-01  2.24489796e-01]
INFO - Q-Learning - Rewards at end of epoch: [-0.08585859  0.05555556  0.00505051 ... -0.32323232 -0.14646465
  0.22727273]
INFO - Q-Learning - Rewards at end of epoch: [-0.105  0.045  0.015 ... -0.315 -0.14   0.23 ]
INFO - Q-Learning - Rewards at end of epoch: [ 0.5 -1.   2.  ... -2.   1.   0.5]
INFO - Q-Learning - Rewards at end of epoch: [ 0.5   0.    0.5  ... -1.5   1.5   0.75]
INFO - Q-Learning - Rewards at end of epoch: [ 0.          0.16666667  0.66666667 ... -1.66666667  1.16666667
 -0.16666667]
INFO - Q-Learning - Rewards at end of epoch: [ 0.125 -0.375  0.625 ... -1.125  1.375 -0.625]
INFO - Q-Learning - Rewards at end of epoch: [ 0.2 -0.5  0.6 ... -0.7  1.2 -0.9]
INFO - Q-Learning - Rewards at end of epoch: [-0.16666667 -0.25        0.66666667 ... -0.5         1.08333333
 -0.66666667]
INFO - Q-Learning - Rewards at end of epoch: [-0.07142857 -0.14285714  0.28571429 ... -0.35714286  1.
 -0.71428571]
INFO - Q-Learning - Rewards at end of epoch: [ 0.0625 -0.375   0.125  ... -0.5625  1.     -0.5   ]
INFO - Q-Learning - Rewards at end of epoch: [ 0.11111111 -0.44444444  0.16666667 ... -0.61111111  0.94444444
 -0.38888889]
INFO - Q-Learning - Rewards at end of epoch: [ 0.2  -0.35  0.2  ... -0.5   0.75 -0.25]
INFO - Q-Learning - Rewards at end of epoch: [ 0.22727273 -0.40909091  0.27272727 ... -0.40909091  0.72727273
 -0.04545455]
INFO - Q-Learning - Rewards at end of epoch: [ 2.50000000e-01 -5.41666667e-01  3.33333333e-01 ... -3.33333333e-01
  5.00000000e-01  6.93889390e-18]
INFO - Q-Learning - Rewards at end of epoch: [ 0.26923077 -0.46153846  0.34615385 ... -0.23076923  0.38461538
  0.03846154]
INFO - Q-Learning - Rewards at end of epoch: [ 0.28571429 -0.35714286  0.25       ... -0.28571429  0.39285714
  0.07142857]
INFO - Q-Learning - Rewards at end of epoch: [ 3.00000000e-01 -3.00000000e-01  2.33333333e-01 ... -2.33333333e-01
  4.00000000e-01  1.38777878e-17]
INFO - Q-Learning - Rewards at end of epoch: [ 0.28125 -0.34375  0.09375 ... -0.15625  0.3125   0.03125]
INFO - Q-Learning - Rewards at end of epoch: [ 0.29411765 -0.38235294 -0.02941176 ... -0.11764706  0.35294118
  0.05882353]
INFO - Q-Learning - Rewards at end of epoch: [ 0.22222222 -0.33333333 -0.08333333 ... -0.08333333  0.22222222
 -0.05555556]
INFO - Q-Learning - Rewards at end of epoch: [ 0.23684211 -0.28947368 -0.02631579 ... -0.05263158  0.31578947
 -0.02631579]
INFO - Q-Learning - Rewards at end of epoch: [ 1.25000000e-01 -2.50000000e-01  4.16333634e-17 ...  2.77555756e-17
  2.50000000e-01  3.12250226e-17]
INFO - Q-Learning - Rewards at end of epoch: [ 0.02380952 -0.21428571 -0.0952381  ...  0.04761905  0.26190476
  0.02380952]
INFO - Q-Learning - Rewards at end of epoch: [ 1.13636364e-01 -1.81818182e-01 -6.81818182e-02 ...  2.08166817e-17
  2.04545455e-01 -2.27272727e-02]
INFO - Q-Learning - Rewards at end of epoch: [ 0.15217391 -0.13043478 -0.04347826 ...  0.02173913  0.23913043
 -0.06521739]
INFO - Q-Learning - Rewards at end of epoch: [ 0.1875     -0.10416667 -0.02083333 ...  0.04166667  0.1875
 -0.0625    ]
INFO - Q-Learning - Rewards at end of epoch: [ 2.00000000e-01 -8.00000000e-02  3.81639165e-17 ... -4.00000000e-02
  2.00000000e-01 -4.00000000e-02]
INFO - Q-Learning - Rewards at end of epoch: [ 1.53846154e-01 -5.76923077e-02  1.92307692e-02 ... -7.69230769e-02
  1.15384615e-01  2.77555756e-17]
INFO - Q-Learning - Rewards at end of epoch: [ 0.11111111 -0.03703704  0.03703704 ... -0.05555556  0.12962963
  0.01851852]
INFO - Q-Learning - Rewards at end of epoch: [ 0.125      -0.07142857  0.05357143 ...  0.01785714  0.14285714
  0.08928571]
INFO - Q-Learning - Rewards at end of epoch: [ 0.0862069  -0.05172414 -0.01724138 ...  0.03448276  0.15517241
  0.10344828]
INFO - Q-Learning - Rewards at end of epoch: [ 0.01666667  0.01666667 -0.05       ...  0.05        0.11666667
  0.16666667]
INFO - Q-Learning - Rewards at end of epoch: [ 0.03225806  0.03225806 -0.03225806 ...  0.06451613  0.12903226
  0.17741935]
INFO - Q-Learning - Rewards at end of epoch: [ 0.046875 -0.03125  -0.09375  ...  0.03125   0.140625  0.140625]
INFO - Q-Learning - Rewards at end of epoch: [ 0.06060606 -0.09090909 -0.07575758 ...  0.          0.15151515
  0.15151515]
INFO - Q-Learning - Rewards at end of epoch: [ 1.38777878e-17 -7.35294118e-02 -5.88235294e-02 ...  2.94117647e-02
  1.61764706e-01  1.17647059e-01]
INFO - Q-Learning - Rewards at end of epoch: [-0.02857143 -0.12857143 -0.04285714 ...  0.04285714  0.12857143
  0.05714286]
INFO - Q-Learning - Rewards at end of epoch: [-0.05555556 -0.11111111 -0.02777778 ...  0.05555556  0.13888889
  0.06944444]
INFO - Q-Learning - Rewards at end of epoch: [-0.08108108 -0.16216216 -0.08108108 ...  0.10810811  0.16216216
  0.08108108]
INFO - Q-Learning - Rewards at end of epoch: [-0.13157895 -0.21052632 -0.06578947 ...  0.13157895  0.17105263
  0.05263158]
INFO - Q-Learning - Rewards at end of epoch: [-0.07692308 -0.19230769 -0.11538462 ...  0.12820513  0.11538462
  0.06410256]
INFO - Q-Learning - Rewards at end of epoch: [-0.0625 -0.175  -0.0625 ...  0.125   0.125   0.0375]
INFO - Q-Learning - Rewards at end of epoch: [-0.06097561 -0.19512195 -0.03658537 ...  0.07317073  0.07317073
  0.04878049]
INFO - Q-Learning - Rewards at end of epoch: [-0.04761905 -0.17857143 -0.05952381 ...  0.04761905  0.11904762
  0.05952381]
INFO - Q-Learning - Rewards at end of epoch: [-0.06976744 -0.22093023 -0.04651163 ...  0.05813953  0.1627907
  0.06976744]
INFO - Q-Learning - Rewards at end of epoch: [-0.11363636 -0.20454545 -0.06818182 ...  0.07954545  0.17045455
  0.07954545]
INFO - Q-Learning - Rewards at end of epoch: [-0.1        -0.18888889 -0.05555556 ...  0.08888889  0.14444444
  0.08888889]
INFO - Q-Learning - Rewards at end of epoch: [-0.05434783 -0.20652174 -0.04347826 ...  0.09782609  0.16304348
  0.06521739]
INFO - Q-Learning - Rewards at end of epoch: [-0.0106383  -0.19148936 -0.03191489 ...  0.11702128  0.17021277
  0.07446809]
INFO - Q-Learning - Rewards at end of epoch: [-0.03125    -0.16666667 -0.05208333 ...  0.13541667  0.20833333
  0.03125   ]
INFO - Q-Learning - Rewards at end of epoch: [-0.01020408 -0.14285714 -0.04081633 ...  0.1122449   0.18367347
  0.01020408]
INFO - Q-Learning - Rewards at end of epoch: [ 1.73472348e-17 -1.60000000e-01 -3.00000000e-02 ...  1.20000000e-01
  1.40000000e-01  2.00000000e-02]
INFO - Q-Learning - Rewards at end of epoch: [ 0.00980392 -0.19607843 -0.01960784 ...  0.12745098  0.14705882
  0.02941176]
INFO - Q-Learning - Rewards at end of epoch: [-0.02884615 -0.21153846 -0.00961538 ...  0.13461538  0.15384615
 -0.00961538]
INFO - Q-Learning - Rewards at end of epoch: [-1.88679245e-02 -1.88679245e-01  1.21430643e-17 ...  1.41509434e-01
  1.88679245e-01  1.21430643e-17]
INFO - Q-Learning - Rewards at end of epoch: [-0.00925926 -0.16666667 -0.03703704 ...  0.14814815  0.14814815
  0.00925926]
INFO - Q-Learning - Rewards at end of epoch: [ 0.00909091 -0.18181818 -0.02727273 ...  0.15454545  0.14545455
  0.01818182]
INFO - Q-Learning - Rewards at end of epoch: [-0.00892857 -0.16964286 -0.01785714 ...  0.13392857  0.125
  0.03571429]
INFO - Q-Learning - Rewards at end of epoch: [ 1.73472348e-17 -1.31578947e-01 -3.50877193e-02 ...  1.14035088e-01
  1.05263158e-01  4.38596491e-02]
INFO - Q-Learning - Rewards at end of epoch: [-0.01724138 -0.1637931  -0.02586207 ...  0.12068966  0.11206897
  0.00862069]
INFO - Q-Learning - Rewards at end of epoch: [-0.05084746 -0.19491525 -0.01694915 ...  0.10169492  0.11864407
  0.01694915]
INFO - Q-Learning - Rewards at end of epoch: [-0.04166667 -0.175      -0.05       ...  0.10833333  0.125
 -0.01666667]
INFO - Q-Learning - Rewards at end of epoch: [-0.03278689 -0.16393443 -0.03278689 ...  0.1147541   0.09016393
 -0.00819672]
INFO - Q-Learning - Rewards at end of epoch: [-0.02419355 -0.19354839 -0.06451613 ...  0.08064516  0.10483871
  0.00806452]
INFO - Q-Learning - Rewards at end of epoch: [-0.02380952 -0.18253968 -0.0952381  ...  0.06349206  0.11111111
 -0.02380952]
INFO - Q-Learning - Rewards at end of epoch: [-0.0390625 -0.1953125 -0.109375  ...  0.046875   0.125      0.0078125]
INFO - Q-Learning - Rewards at end of epoch: [-0.03076923 -0.16153846 -0.12307692 ...  0.03076923  0.12307692
  0.00769231]
INFO - Q-Learning - Rewards at end of epoch: [-0.02272727 -0.18939394 -0.11363636 ...  0.04545455  0.12878788
  0.01515152]
INFO - Q-Learning - Rewards at end of epoch: [-0.01492537 -0.17910448 -0.10447761 ...  0.01492537  0.1119403
  0.01492537]
INFO - Q-Learning - Rewards at end of epoch: [-4.41176471e-02 -1.61764706e-01 -9.55882353e-02 ...  4.16333634e-17
  8.08823529e-02 -1.73472348e-18]
INFO - Q-Learning - Rewards at end of epoch: [-0.03623188 -0.17391304 -0.12318841 ... -0.01449275  0.05072464
 -0.01449275]
INFO - Q-Learning - Rewards at end of epoch: [-0.00714286 -0.16428571 -0.13571429 ... -0.00714286  0.05714286
 -0.02857143]
INFO - Q-Learning - Rewards at end of epoch: [ 7.04225352e-03 -1.76056338e-01 -1.47887324e-01 ...  4.07660017e-17
  2.81690141e-02 -4.22535211e-02]
INFO - Q-Learning - Rewards at end of epoch: [-0.00694444 -0.16666667 -0.15972222 ...  0.01388889  0.03472222
 -0.04166667]
INFO - Q-Learning - Rewards at end of epoch: [ 0.02054795 -0.17808219 -0.15068493 ...  0.02054795  0.06164384
 -0.03424658]
INFO - Q-Learning - Rewards at end of epoch: [ 0.03378378 -0.16216216 -0.14189189 ...  0.03378378  0.06756757
 -0.0472973 ]
INFO - Q-Learning - Rewards at end of epoch: [ 0.04       -0.15333333 -0.16666667 ...  0.04666667  0.07333333
 -0.04      ]
INFO - Q-Learning - Rewards at end of epoch: [ 0.04605263 -0.14473684 -0.15789474 ...  0.05263158  0.04605263
 -0.05263158]
INFO - Q-Learning - Rewards at end of epoch: [ 0.01948052 -0.11688312 -0.14935065 ...  0.05844156  0.05844156
 -0.06493506]
INFO - Q-Learning - Rewards at end of epoch: [ 0.02564103 -0.14102564 -0.17307692 ...  0.06410256  0.03205128
 -0.07692308]
INFO - Q-Learning - Rewards at end of epoch: [ 0.02531646 -0.13291139 -0.16455696 ...  0.08860759  0.03797468
 -0.05063291]
INFO - Q-Learning - Rewards at end of epoch: [ 0.0125  -0.11875 -0.15    ...  0.09375  0.04375 -0.04375]
INFO - Q-Learning - Rewards at end of epoch: [ 0.02469136 -0.11111111 -0.14197531 ...  0.09876543  0.04938272
 -0.0308642 ]
INFO - Q-Learning - Rewards at end of epoch: [ 0.04878049 -0.08536585 -0.13414634 ...  0.1097561   0.05487805
 -0.05487805]
INFO - Q-Learning - Rewards at end of epoch: [ 0.03614458 -0.09638554 -0.14457831 ...  0.11445783  0.05421687
 -0.04819277]
INFO - Q-Learning - Rewards at end of epoch: [ 0.04761905 -0.08333333 -0.1547619  ...  0.125       0.06547619
 -0.05952381]
INFO - Q-Learning - Rewards at end of epoch: [ 0.05294118 -0.07647059 -0.14705882 ...  0.12941176  0.04117647
 -0.07058824]
INFO - Q-Learning - Rewards at end of epoch: [ 0.06395349 -0.0872093  -0.13372093 ...  0.13372093  0.04651163
 -0.09302326]
INFO - Q-Learning - Rewards at end of epoch: [ 0.06896552 -0.09770115 -0.15517241 ...  0.14367816  0.03448276
 -0.10344828]
INFO - Q-Learning - Rewards at end of epoch: [ 0.04545455 -0.09090909 -0.16477273 ...  0.13068182  0.04545455
 -0.11363636]
INFO - Q-Learning - Rewards at end of epoch: [ 0.02247191 -0.11235955 -0.15730337 ...  0.13483146  0.02247191
 -0.13483146]
INFO - Q-Learning - Rewards at end of epoch: [ 0.02777778 -0.1        -0.14444444 ...  0.15555556  0.03333333
 -0.11111111]
INFO - Q-Learning - Rewards at end of epoch: [ 0.03296703 -0.10989011 -0.14285714 ...  0.15934066  0.02197802
 -0.1043956 ]
INFO - Q-Learning - Rewards at end of epoch: [ 0.03804348 -0.10326087 -0.13043478 ...  0.17934783  0.02717391
 -0.0923913 ]
INFO - Q-Learning - Rewards at end of epoch: [ 0.0483871  -0.10215054 -0.13978495 ...  0.19892473  0.03225806
 -0.08064516]
INFO - Q-Learning - Rewards at end of epoch: [ 0.05319149 -0.07978723 -0.12765957 ...  0.18617021  0.04255319
 -0.07446809]
INFO - Q-Learning - Rewards at end of epoch: [ 0.03157895 -0.07368421 -0.11578947 ...  0.18947368  0.05263158
 -0.08421053]
INFO - Q-Learning - Rewards at end of epoch: [ 0.03645833 -0.06770833 -0.10416667 ...  0.19270833  0.05729167
 -0.078125  ]
INFO - Q-Learning - Rewards at end of epoch: [ 0.04123711 -0.06185567 -0.09793814 ...  0.17010309  0.03608247
 -0.08762887]
INFO - Q-Learning - Rewards at end of epoch: [ 0.04591837 -0.07142857 -0.11734694 ...  0.17346939  0.0255102
 -0.10714286]
INFO - Q-Learning - Rewards at end of epoch: [ 0.02525253 -0.06060606 -0.12626263 ...  0.18181818  0.03030303
 -0.1010101 ]
INFO - Q-Learning - Rewards at end of epoch: [ 0.045 -0.07  -0.105 ...  0.18   0.01  -0.095]
INFO - Monte Carlo - Total average rewards: 0.2179
INFO - Monte Carlo - Total average rewards: 0.2618
INFO - Monte Carlo - Total average rewards: 0.2838666666666667
INFO - Monte Carlo - Total average rewards: 0.290325
INFO - Monte Carlo - Total average rewards: 0.29714
INFO - Monte Carlo - Total average rewards: 0.3003
INFO - Monte Carlo - Total average rewards: 0.30532857142857145
INFO - Monte Carlo - Total average rewards: 0.3074625
INFO - Monte Carlo - Total average rewards: 0.31083333333333335
INFO - Monte Carlo - Total average rewards: 0.31505
INFO - Monte Carlo - Total average rewards: 0.3165545454545454
INFO - Monte Carlo - Total average rewards: 0.318675
INFO - Monte Carlo - Total average rewards: 0.32
INFO - Monte Carlo - Total average rewards: 0.3224214285714285
INFO - Monte Carlo - Total average rewards: 0.32313333333333333
INFO - Monte Carlo - Total average rewards: 0.32330625
INFO - Monte Carlo - Total average rewards: 0.3232235294117647
INFO - Monte Carlo - Total average rewards: 0.32469444444444445
INFO - Monte Carlo - Total average rewards: 0.32505263157894737
INFO - Monte Carlo - Total average rewards: 0.324975
INFO - Monte Carlo - Total average rewards: 0.3259333333333333
INFO - Monte Carlo - Total average rewards: 0.32634545454545455
INFO - Monte Carlo - Total average rewards: 0.3267913043478261
INFO - Monte Carlo - Total average rewards: 0.3277416666666667
INFO - Monte Carlo - Total average rewards: 0.32842
INFO - Monte Carlo - Total average rewards: 0.32814615384615387
INFO - Monte Carlo - Total average rewards: 0.3293851851851852
INFO - Monte Carlo - Total average rewards: 0.329425
INFO - Monte Carlo - Total average rewards: 0.32950000000000007
INFO - Monte Carlo - Total average rewards: 0.3297633333333333
INFO - Monte Carlo - Total average rewards: 0.3300806451612903
INFO - Monte Carlo - Total average rewards: 0.330159375
INFO - Monte Carlo - Total average rewards: 0.33052121212121216
INFO - Monte Carlo - Total average rewards: 0.33079411764705885
INFO - Monte Carlo - Total average rewards: 0.3309628571428571
INFO - Monte Carlo - Total average rewards: 0.3311277777777778
INFO - Monte Carlo - Total average rewards: 0.33139189189189194
INFO - Monte Carlo - Total average rewards: 0.33168157894736844
INFO - Monte Carlo - Total average rewards: 0.33194615384615384
INFO - Monte Carlo - Total average rewards: 0.3326625
INFO - Monte Carlo - Total average rewards: 0.33256341463414635
INFO - Monte Carlo - Total average rewards: 0.332697619047619
INFO - Monte Carlo - Total average rewards: 0.3323302325581395
INFO - Monte Carlo - Total average rewards: 0.3327568181818182
INFO - Monte Carlo - Total average rewards: 0.3326044444444444
INFO - Monte Carlo - Total average rewards: 0.33265217391304347
INFO - Monte Carlo - Total average rewards: 0.33276382978723407
INFO - Monte Carlo - Total average rewards: 0.3327375
INFO - Monte Carlo - Total average rewards: 0.3333183673469388
INFO - Monte Carlo - Total average rewards: 0.333268
INFO - Monte Carlo - Total average rewards: 0.33359803921568626
INFO - Monte Carlo - Total average rewards: 0.3336923076923077
INFO - Monte Carlo - Total average rewards: 0.3341
INFO - Monte Carlo - Total average rewards: 0.3344425925925926
INFO - Monte Carlo - Total average rewards: 0.3345981818181818
INFO - Monte Carlo - Total average rewards: 0.3347428571428571
INFO - Monte Carlo - Total average rewards: 0.3348631578947368
INFO - Monte Carlo - Total average rewards: 0.33507758620689654
INFO - Monte Carlo - Total average rewards: 0.33503728813559325
INFO - Monte Carlo - Total average rewards: 0.3351983333333334
INFO - Monte Carlo - Total average rewards: 0.33536557377049175
INFO - Monte Carlo - Total average rewards: 0.3351903225806452
INFO - Monte Carlo - Total average rewards: 0.3352793650793651
INFO - Monte Carlo - Total average rewards: 0.33544375
INFO - Monte Carlo - Total average rewards: 0.33558000000000004
INFO - Monte Carlo - Total average rewards: 0.33546060606060607
INFO - Monte Carlo - Total average rewards: 0.3353313432835821
INFO - Monte Carlo - Total average rewards: 0.335710294117647
INFO - Monte Carlo - Total average rewards: 0.3355072463768116
INFO - Monte Carlo - Total average rewards: 0.3356914285714286
INFO - Monte Carlo - Total average rewards: 0.3359
INFO - Monte Carlo - Total average rewards: 0.33599861111111107
INFO - Monte Carlo - Total average rewards: 0.3360561643835616
INFO - Monte Carlo - Total average rewards: 0.3362243243243243
INFO - Monte Carlo - Total average rewards: 0.336268
INFO - Monte Carlo - Total average rewards: 0.3360842105263158
INFO - Monte Carlo - Total average rewards: 0.3362285714285715
INFO - Monte Carlo - Total average rewards: 0.3361294871794872
INFO - Monte Carlo - Total average rewards: 0.33622025316455695
INFO - Monte Carlo - Total average rewards: 0.336175
INFO - Monte Carlo - Total average rewards: 0.33617037037037034
INFO - Monte Carlo - Total average rewards: 0.3363524390243902
INFO - Monte Carlo - Total average rewards: 0.3364084337349398
INFO - Monte Carlo - Total average rewards: 0.3364452380952381
INFO - Monte Carlo - Total average rewards: 0.33645294117647057
INFO - Monte Carlo - Total average rewards: 0.33645697674418606
INFO - Monte Carlo - Total average rewards: 0.3365172413793104
INFO - Monte Carlo - Total average rewards: 0.3364772727272727
INFO - Monte Carlo - Total average rewards: 0.3364056179775281
INFO - Monte Carlo - Total average rewards: 0.33625444444444447
INFO - Monte Carlo - Total average rewards: 0.3361736263736264
INFO - Monte Carlo - Total average rewards: 0.3362771739130435
INFO - Monte Carlo - Total average rewards: 0.3364494623655914
INFO - Monte Carlo - Total average rewards: 0.3364670212765957
INFO - Monte Carlo - Total average rewards: 0.33623684210526317
INFO - Monte Carlo - Total average rewards: 0.3365697916666667
INFO - Monte Carlo - Total average rewards: 0.33665463917525773
INFO - Monte Carlo - Total average rewards: 0.33675
INFO - Monte Carlo - Total average rewards: 0.3369151515151515
INFO - Monte Carlo - Total average rewards: 0.336939
INFO - Monte Carlo - Total average rewards: -0.077
INFO - Monte Carlo - Total average rewards: -0.06475
INFO - Monte Carlo - Total average rewards: -0.06073333333333334
INFO - Monte Carlo - Total average rewards: -0.0518
INFO - Monte Carlo - Total average rewards: -0.04962
INFO - Monte Carlo - Total average rewards: -0.04735
INFO - Monte Carlo - Total average rewards: -0.04421428571428571
INFO - Monte Carlo - Total average rewards: -0.0432125
INFO - Monte Carlo - Total average rewards: -0.042577777777777784
INFO - Monte Carlo - Total average rewards: -0.042879999999999995
INFO - Monte Carlo - Total average rewards: -0.040563636363636364
INFO - Monte Carlo - Total average rewards: -0.039825000000000006
INFO - Monte Carlo - Total average rewards: -0.03675384615384616
INFO - Monte Carlo - Total average rewards: -0.036128571428571433
INFO - Monte Carlo - Total average rewards: -0.03346
INFO - Monte Carlo - Total average rewards: -0.0349375
INFO - Monte Carlo - Total average rewards: -0.0345
INFO - Monte Carlo - Total average rewards: -0.034555555555555555
INFO - Monte Carlo - Total average rewards: -0.03607894736842106
INFO - Monte Carlo - Total average rewards: -0.035164999999999995
INFO - Monte Carlo - Total average rewards: -0.03540952380952381
INFO - Monte Carlo - Total average rewards: -0.0355909090909091
INFO - Monte Carlo - Total average rewards: -0.03516521739130435
INFO - Monte Carlo - Total average rewards: -0.03426666666666667
INFO - Monte Carlo - Total average rewards: -0.034067999999999994
INFO - Monte Carlo - Total average rewards: -0.03267307692307692
INFO - Monte Carlo - Total average rewards: -0.03267037037037037
INFO - Monte Carlo - Total average rewards: -0.031775
INFO - Monte Carlo - Total average rewards: -0.03131724137931035
INFO - Monte Carlo - Total average rewards: -0.03070333333333333
INFO - Monte Carlo - Total average rewards: -0.030229032258064514
INFO - Monte Carlo - Total average rewards: -0.029984375
INFO - Monte Carlo - Total average rewards: -0.03056666666666667
INFO - Monte Carlo - Total average rewards: -0.030247058823529415
INFO - Monte Carlo - Total average rewards: -0.029962857142857142
INFO - Monte Carlo - Total average rewards: -0.02994722222222223
INFO - Monte Carlo - Total average rewards: -0.02892702702702703
INFO - Monte Carlo - Total average rewards: -0.02807894736842105
INFO - Monte Carlo - Total average rewards: -0.028135897435897436
INFO - Monte Carlo - Total average rewards: -0.028025000000000005
INFO - Monte Carlo - Total average rewards: -0.026943902439024395
INFO - Monte Carlo - Total average rewards: -0.026164285714285723
INFO - Monte Carlo - Total average rewards: -0.026055813953488372
INFO - Monte Carlo - Total average rewards: -0.02605
INFO - Monte Carlo - Total average rewards: -0.025604444444444447
INFO - Monte Carlo - Total average rewards: -0.02564565217391305
INFO - Monte Carlo - Total average rewards: -0.02478297872340426
INFO - Monte Carlo - Total average rewards: -0.02465
INFO - Monte Carlo - Total average rewards: -0.024334693877551022
INFO - Monte Carlo - Total average rewards: -0.024726
INFO - Monte Carlo - Total average rewards: -0.025196078431372552
INFO - Monte Carlo - Total average rewards: -0.025248076923076925
INFO - Monte Carlo - Total average rewards: -0.025460377358490566
INFO - Monte Carlo - Total average rewards: -0.025307407407407407
INFO - Monte Carlo - Total average rewards: -0.025374545454545455
INFO - Monte Carlo - Total average rewards: -0.02532142857142857
INFO - Monte Carlo - Total average rewards: -0.025054385964912284
INFO - Monte Carlo - Total average rewards: -0.025265517241379314
INFO - Monte Carlo - Total average rewards: -0.0252271186440678
INFO - Monte Carlo - Total average rewards: -0.02501
INFO - Monte Carlo - Total average rewards: -0.024936065573770493
INFO - Monte Carlo - Total average rewards: -0.02472741935483871
INFO - Monte Carlo - Total average rewards: -0.024792063492063494
INFO - Monte Carlo - Total average rewards: -0.0248796875
INFO - Monte Carlo - Total average rewards: -0.025369230769230772
INFO - Monte Carlo - Total average rewards: -0.02545606060606061
INFO - Monte Carlo - Total average rewards: -0.025265671641791044
INFO - Monte Carlo - Total average rewards: -0.025461764705882354
INFO - Monte Carlo - Total average rewards: -0.025260869565217392
INFO - Monte Carlo - Total average rewards: -0.02529714285714286
INFO - Monte Carlo - Total average rewards: -0.025409859154929576
INFO - Monte Carlo - Total average rewards: -0.025108333333333333
INFO - Monte Carlo - Total average rewards: -0.025026027397260276
INFO - Monte Carlo - Total average rewards: -0.02506891891891892
INFO - Monte Carlo - Total average rewards: -0.02508266666666667
INFO - Monte Carlo - Total average rewards: -0.025238157894736844
INFO - Monte Carlo - Total average rewards: -0.024970129870129875
INFO - Monte Carlo - Total average rewards: -0.025178205128205126
INFO - Monte Carlo - Total average rewards: -0.02528101265822785
INFO - Monte Carlo - Total average rewards: -0.025106250000000004
INFO - Monte Carlo - Total average rewards: -0.024787654320987656
INFO - Monte Carlo - Total average rewards: -0.025096341463414638
INFO - Monte Carlo - Total average rewards: -0.024953012048192773
INFO - Monte Carlo - Total average rewards: -0.02480595238095238
INFO - Monte Carlo - Total average rewards: -0.025002352941176472
INFO - Monte Carlo - Total average rewards: -0.02502558139534884
INFO - Monte Carlo - Total average rewards: -0.025067816091954024
INFO - Monte Carlo - Total average rewards: -0.024851136363636363
INFO - Monte Carlo - Total average rewards: -0.024852808988764043
INFO - Monte Carlo - Total average rewards: -0.024734444444444448
INFO - Monte Carlo - Total average rewards: -0.02485274725274725
INFO - Monte Carlo - Total average rewards: -0.025020652173913045
INFO - Monte Carlo - Total average rewards: -0.024844086021505375
INFO - Monte Carlo - Total average rewards: -0.025020212765957447
INFO - Monte Carlo - Total average rewards: -0.025053684210526315
INFO - Monte Carlo - Total average rewards: -0.024840625
INFO - Monte Carlo - Total average rewards: -0.024738144329896905
INFO - Monte Carlo - Total average rewards: -0.0247765306122449
INFO - Monte Carlo - Total average rewards: -0.024758585858585862
INFO - Monte Carlo - Total average rewards: -0.02456
