INFO - Monte Carlo - Total average rewards: -0.3431
INFO - Monte Carlo - Total average rewards: -0.29525
INFO - Monte Carlo - Total average rewards: -0.26993333333333336
INFO - Monte Carlo - Total average rewards: -0.24765
INFO - Monte Carlo - Total average rewards: -0.22985999999999998
INFO - Monte Carlo - Total average rewards: -0.2212833333333333
INFO - Monte Carlo - Total average rewards: -0.21831428571428568
INFO - Monte Carlo - Total average rewards: -0.213
INFO - Monte Carlo - Total average rewards: -0.20764444444444444
INFO - Monte Carlo - Total average rewards: -0.20142000000000002
INFO - Monte Carlo - Total average rewards: -0.1978090909090909
INFO - Monte Carlo - Total average rewards: -0.19643333333333332
INFO - Monte Carlo - Total average rewards: -0.1937
INFO - Monte Carlo - Total average rewards: -0.19187857142857143
INFO - Monte Carlo - Total average rewards: -0.19016666666666665
INFO - Monte Carlo - Total average rewards: -0.18834375
INFO - Monte Carlo - Total average rewards: -0.18679411764705883
INFO - Monte Carlo - Total average rewards: -0.18511111111111112
INFO - Monte Carlo - Total average rewards: -0.18412105263157896
INFO - Monte Carlo - Total average rewards: -0.18273
INFO - Monte Carlo - Total average rewards: -0.1830142857142857
INFO - Monte Carlo - Total average rewards: -0.18227272727272725
INFO - Monte Carlo - Total average rewards: -0.1805
INFO - Monte Carlo - Total average rewards: -0.17978333333333335
INFO - Monte Carlo - Total average rewards: -0.17828000000000002
INFO - Monte Carlo - Total average rewards: -0.17786923076923075
INFO - Monte Carlo - Total average rewards: -0.17731851851851851
INFO - Monte Carlo - Total average rewards: -0.17626785714285714
INFO - Monte Carlo - Total average rewards: -0.1750241379310345
INFO - Monte Carlo - Total average rewards: -0.17333
INFO - Monte Carlo - Total average rewards: -0.1728483870967742
INFO - Monte Carlo - Total average rewards: -0.17158125
INFO - Monte Carlo - Total average rewards: -0.17046363636363637
INFO - Monte Carlo - Total average rewards: -0.17013235294117646
INFO - Monte Carlo - Total average rewards: -0.1702742857142857
INFO - Monte Carlo - Total average rewards: -0.17013055555555553
INFO - Monte Carlo - Total average rewards: -0.1692324324324324
INFO - Monte Carlo - Total average rewards: -0.16833684210526317
INFO - Monte Carlo - Total average rewards: -0.16838205128205128
INFO - Monte Carlo - Total average rewards: -0.16745249999999998
INFO - Monte Carlo - Total average rewards: -0.16613414634146342
INFO - Monte Carlo - Total average rewards: -0.16625
INFO - Monte Carlo - Total average rewards: -0.16617906976744187
INFO - Monte Carlo - Total average rewards: -0.16584318181818183
INFO - Monte Carlo - Total average rewards: -0.16621999999999998
INFO - Monte Carlo - Total average rewards: -0.16642391304347828
INFO - Monte Carlo - Total average rewards: -0.16605744680851064
INFO - Monte Carlo - Total average rewards: -0.16564583333333335
INFO - Monte Carlo - Total average rewards: -0.16551428571428572
INFO - Monte Carlo - Total average rewards: -0.16521999999999998
INFO - Monte Carlo - Total average rewards: -0.16496666666666665
INFO - Monte Carlo - Total average rewards: -0.1641019230769231
INFO - Monte Carlo - Total average rewards: -0.1644566037735849
INFO - Monte Carlo - Total average rewards: -0.16408518518518517
INFO - Monte Carlo - Total average rewards: -0.16368545454545455
INFO - Monte Carlo - Total average rewards: -0.1636
INFO - Monte Carlo - Total average rewards: -0.16348947368421052
INFO - Monte Carlo - Total average rewards: -0.16345
INFO - Monte Carlo - Total average rewards: -0.16265254237288138
INFO - Monte Carlo - Total average rewards: -0.16242333333333334
INFO - Monte Carlo - Total average rewards: -0.16257377049180327
INFO - Monte Carlo - Total average rewards: -0.16193870967741936
INFO - Monte Carlo - Total average rewards: -0.16173333333333334
INFO - Monte Carlo - Total average rewards: -0.1613859375
INFO - Monte Carlo - Total average rewards: -0.1611507692307692
INFO - Monte Carlo - Total average rewards: -0.1608090909090909
INFO - Monte Carlo - Total average rewards: -0.16049104477611942
INFO - Monte Carlo - Total average rewards: -0.16008382352941178
INFO - Monte Carlo - Total average rewards: -0.1599391304347826
INFO - Monte Carlo - Total average rewards: -0.15951285714285715
INFO - Monte Carlo - Total average rewards: -0.15926338028169015
INFO - Monte Carlo - Total average rewards: -0.15855416666666666
INFO - Monte Carlo - Total average rewards: -0.15843835616438356
INFO - Monte Carlo - Total average rewards: -0.1584662162162162
INFO - Monte Carlo - Total average rewards: -0.15872533333333336
INFO - Monte Carlo - Total average rewards: -0.15864473684210528
INFO - Monte Carlo - Total average rewards: -0.15833506493506494
INFO - Monte Carlo - Total average rewards: -0.15839871794871796
INFO - Monte Carlo - Total average rewards: -0.15780253164556965
INFO - Monte Carlo - Total average rewards: -0.15767375000000003
INFO - Monte Carlo - Total average rewards: -0.1579703703703704
INFO - Monte Carlo - Total average rewards: -0.15803902439024392
INFO - Monte Carlo - Total average rewards: -0.15797710843373494
INFO - Monte Carlo - Total average rewards: -0.15717023809523809
INFO - Monte Carlo - Total average rewards: -0.15715176470588235
INFO - Monte Carlo - Total average rewards: -0.1569825581395349
INFO - Monte Carlo - Total average rewards: -0.15695057471264368
INFO - Monte Carlo - Total average rewards: -0.15692727272727275
INFO - Monte Carlo - Total average rewards: -0.15687752808988767
INFO - Monte Carlo - Total average rewards: -0.15669333333333335
INFO - Monte Carlo - Total average rewards: -0.15643626373626376
INFO - Monte Carlo - Total average rewards: -0.15626195652173916
INFO - Monte Carlo - Total average rewards: -0.15586989247311828
INFO - Monte Carlo - Total average rewards: -0.15567872340425534
INFO - Monte Carlo - Total average rewards: -0.15547157894736843
INFO - Monte Carlo - Total average rewards: -0.155321875
INFO - Monte Carlo - Total average rewards: -0.15511134020618556
INFO - Monte Carlo - Total average rewards: -0.15490816326530613
INFO - Monte Carlo - Total average rewards: -0.15490707070707072
INFO - Monte Carlo - Total average rewards: -0.154421
INFO - Q-Learning - Rewards at end of epoch: [ 1. -1. -1. ... -1. -1. -2.]
INFO - Q-Learning - Rewards at end of epoch: [-0.5  0.  -1.  ... -1.   0.  -0.5]
INFO - Q-Learning - Rewards at end of epoch: [ 0.         -0.33333333 -0.33333333 ... -1.33333333  0.33333333
 -1.        ]
INFO - Q-Learning - Rewards at end of epoch: [ 0.25  0.   -0.75 ... -1.25  0.5  -1.25]
INFO - Q-Learning - Rewards at end of epoch: [ 0.  -0.4 -0.6 ... -1.2  0.2 -0.8]
INFO - Q-Learning - Rewards at end of epoch: [-0.33333333 -0.16666667 -0.75       ... -1.16666667  0.08333333
 -0.83333333]
INFO - Q-Learning - Rewards at end of epoch: [-1.42857143e-01 -2.77555756e-17 -5.00000000e-01 ... -1.14285714e+00
  2.14285714e-01 -8.57142857e-01]
INFO - Q-Learning - Rewards at end of epoch: [-0.25   -0.125  -0.5625 ... -1.125  -0.0625 -0.625 ]
INFO - Q-Learning - Rewards at end of epoch: [-0.22222222 -0.33333333 -0.61111111 ... -1.          0.05555556
 -0.66666667]
INFO - Q-Learning - Rewards at end of epoch: [-0.3  -0.5  -0.45 ... -0.8  -0.15 -0.7 ]
INFO - Q-Learning - Rewards at end of epoch: [-0.27272727 -0.27272727 -0.59090909 ... -0.81818182 -0.22727273
 -0.54545455]
INFO - Q-Learning - Rewards at end of epoch: [-0.08333333 -0.33333333 -0.625      ... -0.91666667 -0.20833333
 -0.41666667]
INFO - Q-Learning - Rewards at end of epoch: [-0.15384615 -0.23076923 -0.65384615 ... -1.         -0.26923077
 -0.23076923]
INFO - Q-Learning - Rewards at end of epoch: [-0.07142857 -0.07142857 -0.67857143 ... -1.         -0.17857143
 -0.14285714]
INFO - Q-Learning - Rewards at end of epoch: [-1.38777878e-17 -2.00000000e-01 -5.66666667e-01 ... -9.33333333e-01
 -2.33333333e-01 -2.00000000e-01]
INFO - Q-Learning - Rewards at end of epoch: [ 0.0625  -0.0625  -0.59375 ... -0.8125  -0.15625 -0.125  ]
INFO - Q-Learning - Rewards at end of epoch: [ 5.88235294e-02  2.77555756e-17 -6.17647059e-01 ... -8.23529412e-01
 -2.64705882e-01 -2.35294118e-01]
INFO - Q-Learning - Rewards at end of epoch: [ 0.16666667 -0.05555556 -0.63888889 ... -0.88888889 -0.19444444
 -0.16666667]
INFO - Q-Learning - Rewards at end of epoch: [ 0.21052632 -0.10526316 -0.65789474 ... -0.78947368 -0.23684211
 -0.15789474]
INFO - Q-Learning - Rewards at end of epoch: [ 0.25  -0.15  -0.675 ... -0.8   -0.275 -0.2  ]
INFO - Q-Learning - Rewards at end of epoch: [ 0.28571429 -0.0952381  -0.69047619 ... -0.80952381 -0.21428571
 -0.14285714]
INFO - Q-Learning - Rewards at end of epoch: [ 0.36363636 -0.04545455 -0.61363636 ... -0.81818182 -0.11363636
 -0.18181818]
INFO - Q-Learning - Rewards at end of epoch: [ 3.91304348e-01  2.77555756e-17 -6.30434783e-01 ... -7.39130435e-01
 -2.17391304e-02 -1.30434783e-01]
INFO - Q-Learning - Rewards at end of epoch: [ 0.41666667 -0.04166667 -0.64583333 ... -0.75       -0.02083333
 -0.20833333]
INFO - Q-Learning - Rewards at end of epoch: [ 0.36 -0.12 -0.66 ... -0.68 -0.06 -0.16]
INFO - Q-Learning - Rewards at end of epoch: [ 0.30769231 -0.15384615 -0.67307692 ... -0.69230769 -0.01923077
 -0.23076923]
INFO - Q-Learning - Rewards at end of epoch: [ 0.25925926 -0.11111111 -0.64814815 ... -0.7037037  -0.05555556
 -0.25925926]
INFO - Q-Learning - Rewards at end of epoch: [ 0.32142857 -0.03571429 -0.66071429 ... -0.71428571 -0.01785714
 -0.32142857]
INFO - Q-Learning - Rewards at end of epoch: [ 0.24137931  0.03448276 -0.67241379 ... -0.62068966  0.01724138
 -0.34482759]
INFO - Q-Learning - Rewards at end of epoch: [ 0.26666667  0.06666667 -0.61666667 ... -0.66666667  0.05
 -0.26666667]
INFO - Q-Learning - Rewards at end of epoch: [ 0.29032258  0.03225806 -0.56451613 ... -0.70967742  0.08064516
 -0.32258065]
INFO - Q-Learning - Rewards at end of epoch: [ 2.81250000e-01  2.77555756e-17 -4.84375000e-01 ... -7.18750000e-01
  4.68750000e-02 -3.43750000e-01]
INFO - Q-Learning - Rewards at end of epoch: [ 2.72727273e-01  2.69144976e-17 -4.39393939e-01 ... -7.27272727e-01
  7.57575758e-02 -3.63636364e-01]
INFO - Q-Learning - Rewards at end of epoch: [ 0.29411765 -0.02941176 -0.45588235 ... -0.67647059  0.04411765
 -0.38235294]
INFO - Q-Learning - Rewards at end of epoch: [ 0.31428571 -0.08571429 -0.47142857 ... -0.68571429 -0.01428571
 -0.42857143]
INFO - Q-Learning - Rewards at end of epoch: [ 0.33333333 -0.08333333 -0.43055556 ... -0.72222222 -0.06944444
 -0.44444444]
INFO - Q-Learning - Rewards at end of epoch: [ 0.35135135 -0.05405405 -0.47297297 ... -0.64864865 -0.09459459
 -0.37837838]
INFO - Q-Learning - Rewards at end of epoch: [ 0.31578947 -0.07894737 -0.46052632 ... -0.63157895 -0.14473684
 -0.39473684]
INFO - Q-Learning - Rewards at end of epoch: [ 0.30769231 -0.12820513 -0.42307692 ... -0.58974359 -0.11538462
 -0.43589744]
INFO - Q-Learning - Rewards at end of epoch: [ 0.325  -0.15   -0.4125 ... -0.525  -0.0875 -0.4   ]
INFO - Q-Learning - Rewards at end of epoch: [ 0.29268293 -0.17073171 -0.45121951 ... -0.53658537 -0.13414634
 -0.41463415]
INFO - Q-Learning - Rewards at end of epoch: [ 0.26190476 -0.21428571 -0.46428571 ... -0.52380952 -0.10714286
 -0.38095238]
INFO - Q-Learning - Rewards at end of epoch: [ 0.23255814 -0.20930233 -0.43023256 ... -0.48837209 -0.08139535
 -0.39534884]
INFO - Q-Learning - Rewards at end of epoch: [ 0.25       -0.18181818 -0.44318182 ... -0.45454545 -0.10227273
 -0.40909091]
INFO - Q-Learning - Rewards at end of epoch: [ 0.2        -0.22222222 -0.47777778 ... -0.44444444 -0.07777778
 -0.42222222]
INFO - Q-Learning - Rewards at end of epoch: [ 0.2173913  -0.23913043 -0.44565217 ... -0.41304348 -0.11956522
 -0.43478261]
INFO - Q-Learning - Rewards at end of epoch: [ 0.19148936 -0.27659574 -0.41489362 ... -0.36170213 -0.13829787
 -0.40425532]
INFO - Q-Learning - Rewards at end of epoch: [ 0.1875     -0.27083333 -0.42708333 ... -0.375      -0.15625
 -0.41666667]
INFO - Q-Learning - Rewards at end of epoch: [ 0.20408163 -0.24489796 -0.39795918 ... -0.3877551  -0.15306122
 -0.42857143]
INFO - Q-Learning - Rewards at end of epoch: [ 0.22 -0.2  -0.37 ... -0.36 -0.17 -0.4 ]
INFO - Q-Learning - Rewards at end of epoch: [ 0.19607843 -0.19607843 -0.34313725 ... -0.33333333 -0.14705882
 -0.37254902]
INFO - Q-Learning - Rewards at end of epoch: [ 0.21153846 -0.21153846 -0.33653846 ... -0.36538462 -0.125
 -0.34615385]
INFO - Q-Learning - Rewards at end of epoch: [ 0.18867925 -0.22641509 -0.29245283 ... -0.37735849 -0.14150943
 -0.35849057]
INFO - Q-Learning - Rewards at end of epoch: [ 0.16666667 -0.22222222 -0.30555556 ... -0.40740741 -0.15740741
 -0.33333333]
INFO - Q-Learning - Rewards at end of epoch: [ 0.18181818 -0.23636364 -0.31818182 ... -0.43636364 -0.13636364
 -0.34545455]
INFO - Q-Learning - Rewards at end of epoch: [ 0.19642857 -0.21428571 -0.3125     ... -0.44642857 -0.09821429
 -0.32142857]
INFO - Q-Learning - Rewards at end of epoch: [ 0.15789474 -0.22807018 -0.3245614  ... -0.42105263 -0.11403509
 -0.33333333]
INFO - Q-Learning - Rewards at end of epoch: [ 0.18965517 -0.18965517 -0.3362069  ... -0.39655172 -0.09482759
 -0.36206897]
INFO - Q-Learning - Rewards at end of epoch: [ 0.15254237 -0.20338983 -0.34745763 ... -0.38135593 -0.11016949
 -0.37288136]
INFO - Q-Learning - Rewards at end of epoch: [ 0.16666667 -0.18333333 -0.35833333 ... -0.39166667 -0.125
 -0.4       ]
INFO - Q-Learning - Rewards at end of epoch: [ 0.18032787 -0.21311475 -0.3852459  ... -0.40163934 -0.10655738
 -0.37704918]
INFO - Q-Learning - Rewards at end of epoch: [ 0.17741935 -0.22580645 -0.37903226 ... -0.41129032 -0.08870968
 -0.38709677]
INFO - Q-Learning - Rewards at end of epoch: [ 0.15873016 -0.20634921 -0.38888889 ... -0.37301587 -0.1031746
 -0.41269841]
INFO - Q-Learning - Rewards at end of epoch: [ 0.15625   -0.1875    -0.3984375 ... -0.3515625 -0.1015625 -0.421875 ]
INFO - Q-Learning - Rewards at end of epoch: [ 0.13846154 -0.15384615 -0.40769231 ... -0.37692308 -0.06923077
 -0.43076923]
INFO - Q-Learning - Rewards at end of epoch: [ 0.13636364 -0.16666667 -0.38636364 ... -0.34090909 -0.03787879
 -0.43939394]
INFO - Q-Learning - Rewards at end of epoch: [ 0.10447761 -0.17910448 -0.39552239 ... -0.35074627 -0.00746269
 -0.44776119]
INFO - Q-Learning - Rewards at end of epoch: [ 0.11764706 -0.19117647 -0.375      ... -0.36029412  0.02205882
 -0.45588235]
INFO - Q-Learning - Rewards at end of epoch: [ 0.10144928 -0.20289855 -0.35507246 ... -0.32608696  0.03623188
 -0.46376812]
INFO - Q-Learning - Rewards at end of epoch: [ 0.11428571 -0.22857143 -0.36428571 ... -0.33571429  0.00714286
 -0.48571429]
INFO - Q-Learning - Rewards at end of epoch: [ 0.09859155 -0.23943662 -0.37323944 ... -0.34507042  0.00704225
 -0.49295775]
INFO - Q-Learning - Rewards at end of epoch: [ 0.08333333 -0.26388889 -0.38194444 ... -0.35416667 -0.00694444
 -0.48611111]
INFO - Q-Learning - Rewards at end of epoch: [ 0.10958904 -0.24657534 -0.34931507 ... -0.34931507 -0.00684932
 -0.50684932]
INFO - Q-Learning - Rewards at end of epoch: [ 0.12162162 -0.22972973 -0.35810811 ... -0.33108108 -0.02027027
 -0.48648649]
INFO - Q-Learning - Rewards at end of epoch: [ 0.13333333 -0.25333333 -0.34       ... -0.31333333 -0.00666667
 -0.46666667]
INFO - Q-Learning - Rewards at end of epoch: [ 0.11842105 -0.27631579 -0.32236842 ... -0.29605263  0.01973684
 -0.48684211]
INFO - Q-Learning - Rewards at end of epoch: [ 0.1038961  -0.28571429 -0.33116883 ... -0.30519481  0.01948052
 -0.49350649]
INFO - Q-Learning - Rewards at end of epoch: [ 0.12820513 -0.29487179 -0.33974359 ... -0.28846154  0.03205128
 -0.48717949]
INFO - Q-Learning - Rewards at end of epoch: [ 0.13924051 -0.30379747 -0.32278481 ... -0.2721519   0.0443038
 -0.49367089]
INFO - Q-Learning - Rewards at end of epoch: [ 0.1125  -0.3125  -0.30625 ... -0.25625  0.03125 -0.5    ]
INFO - Q-Learning - Rewards at end of epoch: [ 0.09876543 -0.2962963  -0.30246914 ... -0.2654321   0.04320988
 -0.48148148]
INFO - Q-Learning - Rewards at end of epoch: [ 0.08536585 -0.30487805 -0.31097561 ... -0.27439024  0.0304878
 -0.46341463]
INFO - Q-Learning - Rewards at end of epoch: [ 0.07228916 -0.28915663 -0.29518072 ... -0.29518072  0.01807229
 -0.46987952]
INFO - Q-Learning - Rewards at end of epoch: [ 0.05952381 -0.27380952 -0.29166667 ... -0.26785714  0.00595238
 -0.47619048]
INFO - Q-Learning - Rewards at end of epoch: [ 0.03529412 -0.29411765 -0.3        ... -0.25294118 -0.00588235
 -0.45882353]
INFO - Q-Learning - Rewards at end of epoch: [ 0.02325581 -0.27906977 -0.29651163 ... -0.26162791 -0.02906977
 -0.46511628]
INFO - Q-Learning - Rewards at end of epoch: [-2.77555756e-17 -2.98850575e-01 -2.81609195e-01 ... -2.47126437e-01
 -2.87356322e-02 -4.71264368e-01]
INFO - Q-Learning - Rewards at end of epoch: [-0.02272727 -0.30681818 -0.27840909 ... -0.25568182 -0.00568182
 -0.44318182]
INFO - Q-Learning - Rewards at end of epoch: [-0.01123596 -0.3258427  -0.26404494 ... -0.24157303 -0.01685393
 -0.4494382 ]
INFO - Q-Learning - Rewards at end of epoch: [-0.02222222 -0.33333333 -0.27222222 ... -0.22777778  0.00555556
 -0.45555556]
INFO - Q-Learning - Rewards at end of epoch: [-0.01098901 -0.34065934 -0.25824176 ... -0.23626374  0.01648352
 -0.46153846]
INFO - Q-Learning - Rewards at end of epoch: [-0.02173913 -0.31521739 -0.27717391 ... -0.24456522  0.02717391
 -0.4673913 ]
INFO - Q-Learning - Rewards at end of epoch: [-0.02150538 -0.30107527 -0.28494624 ... -0.24193548  0.0483871
 -0.4516129 ]
INFO - Q-Learning - Rewards at end of epoch: [-0.0106383  -0.30851064 -0.29255319 ... -0.25        0.03723404
 -0.45744681]
INFO - Q-Learning - Rewards at end of epoch: [-0.02105263 -0.29473684 -0.27894737 ... -0.22631579  0.01578947
 -0.44210526]
INFO - Q-Learning - Rewards at end of epoch: [-2.42861287e-17 -3.02083333e-01 -2.65625000e-01 ... -2.13541667e-01
  5.20833333e-03 -4.27083333e-01]
INFO - Q-Learning - Rewards at end of epoch: [-0.02061856 -0.28865979 -0.27319588 ... -0.22164948  0.01546392
 -0.41237113]
INFO - Q-Learning - Rewards at end of epoch: [-0.01020408 -0.29591837 -0.28061224 ... -0.21938776  0.00510204
 -0.39795918]
INFO - Q-Learning - Rewards at end of epoch: [-2.42861287e-17 -2.82828283e-01 -2.87878788e-01 ... -2.27272727e-01
 -5.05050505e-03 -3.73737374e-01]
INFO - Q-Learning - Rewards at end of epoch: [-0.02  -0.27  -0.305 ... -0.215 -0.005 -0.38 ]
