INFO - Monte Carlo - Total average rewards: -0.279
INFO - Monte Carlo - Total average rewards: -0.21355
INFO - Monte Carlo - Total average rewards: -0.19076666666666667
INFO - Monte Carlo - Total average rewards: -0.179375
INFO - Monte Carlo - Total average rewards: -0.1719
INFO - Monte Carlo - Total average rewards: -0.16646666666666665
INFO - Monte Carlo - Total average rewards: -0.16232857142857143
INFO - Monte Carlo - Total average rewards: -0.1540125
INFO - Monte Carlo - Total average rewards: -0.14985555555555558
INFO - Monte Carlo - Total average rewards: -0.14743
INFO - Monte Carlo - Total average rewards: -0.1460090909090909
INFO - Monte Carlo - Total average rewards: -0.14331666666666665
INFO - Monte Carlo - Total average rewards: -0.13823846153846153
INFO - Monte Carlo - Total average rewards: -0.13556428571428572
INFO - Monte Carlo - Total average rewards: -0.13435999999999998
INFO - Monte Carlo - Total average rewards: -0.1333375
INFO - Monte Carlo - Total average rewards: -0.1337470588235294
INFO - Monte Carlo - Total average rewards: -0.13292222222222222
INFO - Monte Carlo - Total average rewards: -0.13213157894736843
INFO - Monte Carlo - Total average rewards: -0.13094499999999998
INFO - Monte Carlo - Total average rewards: -0.13
INFO - Monte Carlo - Total average rewards: -0.12775454545454545
INFO - Monte Carlo - Total average rewards: -0.12501739130434783
INFO - Monte Carlo - Total average rewards: -0.1255
INFO - Monte Carlo - Total average rewards: -0.12451999999999998
INFO - Monte Carlo - Total average rewards: -0.12222692307692307
INFO - Monte Carlo - Total average rewards: -0.12101481481481483
INFO - Monte Carlo - Total average rewards: -0.11966428571428574
INFO - Monte Carlo - Total average rewards: -0.1189
INFO - Monte Carlo - Total average rewards: -0.11747666666666669
INFO - Monte Carlo - Total average rewards: -0.11598064516129032
INFO - Monte Carlo - Total average rewards: -0.116540625
INFO - Monte Carlo - Total average rewards: -0.1162818181818182
INFO - Monte Carlo - Total average rewards: -0.1150205882352941
INFO - Monte Carlo - Total average rewards: -0.11468857142857142
INFO - Monte Carlo - Total average rewards: -0.114675
INFO - Monte Carlo - Total average rewards: -0.11298378378378379
INFO - Monte Carlo - Total average rewards: -0.11264473684210524
INFO - Monte Carlo - Total average rewards: -0.1128923076923077
INFO - Monte Carlo - Total average rewards: -0.11259000000000001
INFO - Monte Carlo - Total average rewards: -0.11296341463414633
INFO - Monte Carlo - Total average rewards: -0.11307857142857142
INFO - Monte Carlo - Total average rewards: -0.11260930232558139
INFO - Monte Carlo - Total average rewards: -0.11273863636363635
INFO - Monte Carlo - Total average rewards: -0.11234222222222222
INFO - Monte Carlo - Total average rewards: -0.11257391304347825
INFO - Monte Carlo - Total average rewards: -0.11204893617021275
INFO - Monte Carlo - Total average rewards: -0.11162916666666665
INFO - Monte Carlo - Total average rewards: -0.11103673469387754
INFO - Monte Carlo - Total average rewards: -0.11091200000000001
INFO - Monte Carlo - Total average rewards: -0.11045686274509803
INFO - Monte Carlo - Total average rewards: -0.1102980769230769
INFO - Monte Carlo - Total average rewards: -0.1102433962264151
INFO - Monte Carlo - Total average rewards: -0.11000555555555556
INFO - Monte Carlo - Total average rewards: -0.10988181818181818
INFO - Monte Carlo - Total average rewards: -0.10963214285714284
INFO - Monte Carlo - Total average rewards: -0.10962456140350878
INFO - Monte Carlo - Total average rewards: -0.10943620689655172
INFO - Monte Carlo - Total average rewards: -0.10913050847457628
INFO - Monte Carlo - Total average rewards: -0.108635
INFO - Monte Carlo - Total average rewards: -0.10838524590163934
INFO - Monte Carlo - Total average rewards: -0.10824354838709678
INFO - Monte Carlo - Total average rewards: -0.10780634920634921
INFO - Monte Carlo - Total average rewards: -0.1081125
INFO - Monte Carlo - Total average rewards: -0.10808923076923077
INFO - Monte Carlo - Total average rewards: -0.10760151515151516
INFO - Monte Carlo - Total average rewards: -0.1072492537313433
INFO - Monte Carlo - Total average rewards: -0.10656617647058825
INFO - Monte Carlo - Total average rewards: -0.10644057971014495
INFO - Monte Carlo - Total average rewards: -0.10582714285714287
INFO - Monte Carlo - Total average rewards: -0.10559014084507044
INFO - Monte Carlo - Total average rewards: -0.10505138888888892
INFO - Monte Carlo - Total average rewards: -0.10480136986301371
INFO - Monte Carlo - Total average rewards: -0.10489459459459458
INFO - Monte Carlo - Total average rewards: -0.10460266666666666
INFO - Monte Carlo - Total average rewards: -0.10481052631578945
INFO - Monte Carlo - Total average rewards: -0.10455454545454546
INFO - Monte Carlo - Total average rewards: -0.10416666666666667
INFO - Monte Carlo - Total average rewards: -0.10413037974683544
INFO - Monte Carlo - Total average rewards: -0.10429124999999999
INFO - Monte Carlo - Total average rewards: -0.10416543209876546
INFO - Monte Carlo - Total average rewards: -0.10433536585365855
INFO - Monte Carlo - Total average rewards: -0.10434578313253012
INFO - Monte Carlo - Total average rewards: -0.10406428571428573
INFO - Monte Carlo - Total average rewards: -0.10401411764705881
INFO - Monte Carlo - Total average rewards: -0.10368372093023256
INFO - Monte Carlo - Total average rewards: -0.10374022988505749
INFO - Monte Carlo - Total average rewards: -0.1035068181818182
INFO - Monte Carlo - Total average rewards: -0.10344157303370786
INFO - Monte Carlo - Total average rewards: -0.10315
INFO - Monte Carlo - Total average rewards: -0.10304945054945056
INFO - Monte Carlo - Total average rewards: -0.1029891304347826
INFO - Monte Carlo - Total average rewards: -0.10295913978494622
INFO - Monte Carlo - Total average rewards: -0.10302021276595746
INFO - Monte Carlo - Total average rewards: -0.10307999999999999
INFO - Monte Carlo - Total average rewards: -0.102978125
INFO - Monte Carlo - Total average rewards: -0.10278659793814432
INFO - Monte Carlo - Total average rewards: -0.10243061224489795
INFO - Monte Carlo - Total average rewards: -0.10226666666666667
INFO - Monte Carlo - Total average rewards: -0.10178100000000001
INFO - Q-Learning - Rewards at end of epoch: [-1.  1. -2. ... -1. -2.  1.]
INFO - Q-Learning - Rewards at end of epoch: [ 0.   1.  -0.5 ... -1.  -1.5  1. ]
INFO - Q-Learning - Rewards at end of epoch: [ 0.          1.         -0.66666667 ... -1.         -1.
  1.        ]
INFO - Q-Learning - Rewards at end of epoch: [ 0.25  1.25 -0.75 ... -1.25 -1.    0.5 ]
INFO - Q-Learning - Rewards at end of epoch: [ 0.   1.2 -0.8 ... -0.8 -1.   0.2]
INFO - Q-Learning - Rewards at end of epoch: [-0.33333333  1.16666667 -0.83333333 ... -0.83333333 -1.
  0.33333333]
INFO - Q-Learning - Rewards at end of epoch: [-0.14285714  1.14285714 -0.42857143 ... -1.         -0.85714286
  0.        ]
INFO - Q-Learning - Rewards at end of epoch: [-0.25   1.25  -0.5   ... -0.625 -0.5    0.125]
INFO - Q-Learning - Rewards at end of epoch: [-0.11111111  1.         -0.66666667 ... -0.55555556 -0.33333333
  0.22222222]
INFO - Q-Learning - Rewards at end of epoch: [ 0.1  0.8 -0.7 ... -0.6 -0.4  0.1]
INFO - Q-Learning - Rewards at end of epoch: [ 0.27272727  0.72727273 -0.54545455 ... -0.63636364 -0.27272727
  0.27272727]
INFO - Q-Learning - Rewards at end of epoch: [ 0.08333333  0.83333333 -0.58333333 ... -0.5        -0.25
  0.41666667]
INFO - Q-Learning - Rewards at end of epoch: [ 1.38777878e-17  8.46153846e-01 -3.84615385e-01 ... -5.38461538e-01
 -3.07692308e-01  2.30769231e-01]
INFO - Q-Learning - Rewards at end of epoch: [-0.14285714  0.78571429 -0.21428571 ... -0.64285714 -0.35714286
  0.28571429]
INFO - Q-Learning - Rewards at end of epoch: [-0.2         0.8        -0.2        ... -0.6        -0.33333333
  0.2       ]
INFO - Q-Learning - Rewards at end of epoch: [-0.0625  0.625  -0.125  ... -0.4375 -0.375   0.125 ]
INFO - Q-Learning - Rewards at end of epoch: [ 0.          0.64705882 -0.17647059 ... -0.47058824 -0.41176471
  0.17647059]
INFO - Q-Learning - Rewards at end of epoch: [ 0.11111111  0.66666667 -0.11111111 ... -0.38888889 -0.33333333
  0.11111111]
INFO - Q-Learning - Rewards at end of epoch: [ 0.05263158  0.57894737 -0.21052632 ... -0.42105263 -0.36842105
  0.05263158]
INFO - Q-Learning - Rewards at end of epoch: [ 1.00000000e-01  6.50000000e-01 -1.00000000e-01 ... -4.50000000e-01
 -4.00000000e-01 -2.08166817e-17]
INFO - Q-Learning - Rewards at end of epoch: [ 0.0952381   0.66666667 -0.0952381  ... -0.42857143 -0.33333333
  0.04761905]
INFO - Q-Learning - Rewards at end of epoch: [ 1.36363636e-01  5.90909091e-01  5.55111512e-17 ... -5.00000000e-01
 -2.72727273e-01 -2.77555756e-17]
INFO - Q-Learning - Rewards at end of epoch: [ 0.06521739  0.60869565 -0.04347826 ... -0.52173913 -0.2173913
 -0.04347826]
INFO - Q-Learning - Rewards at end of epoch: [ 2.08333333e-02  6.25000000e-01  5.55111512e-17 ... -4.58333333e-01
 -2.50000000e-01 -2.08333333e-02]
INFO - Q-Learning - Rewards at end of epoch: [-0.02  0.56  0.04 ... -0.48 -0.28 -0.02]
INFO - Q-Learning - Rewards at end of epoch: [-0.05769231  0.5         0.07692308 ... -0.5        -0.34615385
  0.01923077]
INFO - Q-Learning - Rewards at end of epoch: [-0.09259259  0.44444444  0.07407407 ... -0.44444444 -0.2962963
  0.09259259]
INFO - Q-Learning - Rewards at end of epoch: [-0.01785714  0.39285714  0.10714286 ... -0.35714286 -0.21428571
  0.16071429]
INFO - Q-Learning - Rewards at end of epoch: [-0.01724138  0.34482759  0.06896552 ... -0.37931034 -0.24137931
  0.12068966]
INFO - Q-Learning - Rewards at end of epoch: [-0.08333333  0.33333333  0.03333333 ... -0.4        -0.26666667
  0.15      ]
INFO - Q-Learning - Rewards at end of epoch: [-0.11290323  0.29032258  0.03225806 ... -0.35483871 -0.29032258
  0.14516129]
INFO - Q-Learning - Rewards at end of epoch: [-0.140625  0.25      0.03125  ... -0.375    -0.3125    0.109375]
INFO - Q-Learning - Rewards at end of epoch: [-0.07575758  0.21212121  0.06060606 ... -0.33333333 -0.33333333
  0.16666667]
INFO - Q-Learning - Rewards at end of epoch: [-1.02941176e-01  2.35294118e-01  4.85722573e-17 ... -3.52941176e-01
 -3.52941176e-01  1.91176471e-01]
INFO - Q-Learning - Rewards at end of epoch: [-0.12857143  0.28571429 -0.05714286 ... -0.31428571 -0.31428571
  0.18571429]
INFO - Q-Learning - Rewards at end of epoch: [-0.15277778  0.33333333 -0.08333333 ... -0.36111111 -0.36111111
  0.20833333]
INFO - Q-Learning - Rewards at end of epoch: [-0.17567568  0.37837838 -0.02702703 ... -0.37837838 -0.32432432
  0.22972973]
INFO - Q-Learning - Rewards at end of epoch: [-0.22368421  0.34210526 -0.05263158 ... -0.34210526 -0.34210526
  0.25      ]
INFO - Q-Learning - Rewards at end of epoch: [-0.24358974  0.35897436 -0.02564103 ... -0.30769231 -0.30769231
  0.24358974]
INFO - Q-Learning - Rewards at end of epoch: [-0.2125  0.325   0.025  ... -0.325  -0.275   0.1875]
INFO - Q-Learning - Rewards at end of epoch: [-2.31707317e-01  2.92682927e-01  3.81639165e-17 ... -3.17073171e-01
 -2.68292683e-01  1.58536585e-01]
INFO - Q-Learning - Rewards at end of epoch: [-0.20238095  0.25       -0.02380952 ... -0.30952381 -0.28571429
  0.13095238]
INFO - Q-Learning - Rewards at end of epoch: [-0.15116279  0.29069767 -0.04651163 ... -0.3255814  -0.30232558
  0.15116279]
INFO - Q-Learning - Rewards at end of epoch: [-0.17045455  0.30681818 -0.06818182 ... -0.31818182 -0.29545455
  0.14772727]
INFO - Q-Learning - Rewards at end of epoch: [-0.18888889  0.27777778 -0.11111111 ... -0.35555556 -0.31111111
  0.12222222]
INFO - Q-Learning - Rewards at end of epoch: [-0.20652174  0.25       -0.08695652 ... -0.36956522 -0.34782609
  0.14130435]
INFO - Q-Learning - Rewards at end of epoch: [-0.22340426  0.22340426 -0.06382979 ... -0.38297872 -0.29787234
  0.11702128]
INFO - Q-Learning - Rewards at end of epoch: [-0.23958333  0.21875    -0.02083333 ... -0.41666667 -0.27083333
  0.13541667]
INFO - Q-Learning - Rewards at end of epoch: [-0.25510204  0.17346939 -0.02040816 ... -0.3877551  -0.24489796
  0.1122449 ]
INFO - Q-Learning - Rewards at end of epoch: [-0.21  0.19 -0.04 ... -0.42 -0.22  0.13]
INFO - Q-Learning - Rewards at end of epoch: [-0.2254902   0.16666667 -0.07843137 ... -0.45098039 -0.19607843
  0.10784314]
INFO - Q-Learning - Rewards at end of epoch: [-0.20192308  0.14423077 -0.05769231 ... -0.42307692 -0.21153846
  0.125     ]
INFO - Q-Learning - Rewards at end of epoch: [-0.21698113  0.12264151 -0.0754717  ... -0.43396226 -0.24528302
  0.08490566]
INFO - Q-Learning - Rewards at end of epoch: [-0.23148148  0.13888889 -0.03703704 ... -0.40740741 -0.27777778
  0.10185185]
INFO - Q-Learning - Rewards at end of epoch: [-0.24545455  0.15454545 -0.03636364 ... -0.41818182 -0.30909091
  0.08181818]
INFO - Q-Learning - Rewards at end of epoch: [-0.24107143  0.13392857 -0.05357143 ... -0.375      -0.32142857
  0.04464286]
INFO - Q-Learning - Rewards at end of epoch: [-0.25438596  0.11403509 -0.07017544 ... -0.35087719 -0.35087719
  0.02631579]
INFO - Q-Learning - Rewards at end of epoch: [-0.23275862  0.09482759 -0.03448276 ... -0.36206897 -0.32758621
  0.04310345]
INFO - Q-Learning - Rewards at end of epoch: [-0.24576271  0.11016949 -0.01694915 ... -0.37288136 -0.33898305
  0.04237288]
INFO - Q-Learning - Rewards at end of epoch: [-2.58333333e-01  1.41666667e-01  3.81639165e-17 ... -3.83333333e-01
 -3.50000000e-01  2.50000000e-02]
INFO - Q-Learning - Rewards at end of epoch: [-0.25409836  0.1557377   0.01639344 ... -0.3442623  -0.31147541
  0.04098361]
INFO - Q-Learning - Rewards at end of epoch: [-0.28225806  0.13709677  0.03225806 ... -0.33870968 -0.30645161
  0.07258065]
INFO - Q-Learning - Rewards at end of epoch: [-0.26190476  0.1031746   0.03174603 ... -0.3015873  -0.28571429
  0.05555556]
INFO - Q-Learning - Rewards at end of epoch: [-0.2890625  0.0859375  0.046875  ... -0.3125    -0.25       0.0703125]
INFO - Q-Learning - Rewards at end of epoch: [-0.26923077  0.06923077  0.06153846 ... -0.29230769 -0.26153846
  0.08461538]
INFO - Q-Learning - Rewards at end of epoch: [-0.28030303  0.08333333  0.07575758 ... -0.31818182 -0.28787879
  0.06818182]
INFO - Q-Learning - Rewards at end of epoch: [-0.26119403  0.09701493  0.10447761 ... -0.32835821 -0.31343284
  0.08208955]
INFO - Q-Learning - Rewards at end of epoch: [-0.27205882  0.08088235  0.08823529 ... -0.33823529 -0.27941176
  0.06617647]
INFO - Q-Learning - Rewards at end of epoch: [-0.25362319  0.10869565  0.10144928 ... -0.31884058 -0.27536232
  0.05072464]
INFO - Q-Learning - Rewards at end of epoch: [-0.23571429  0.09285714  0.11428571 ... -0.32857143 -0.28571429
  0.03571429]
INFO - Q-Learning - Rewards at end of epoch: [-0.24647887  0.07746479  0.12676056 ... -0.29577465 -0.25352113
  0.04929577]
INFO - Q-Learning - Rewards at end of epoch: [-0.22916667  0.0625      0.09722222 ... -0.30555556 -0.23611111
  0.07638889]
INFO - Q-Learning - Rewards at end of epoch: [-0.21232877  0.03424658  0.08219178 ... -0.28767123 -0.21917808
  0.10273973]
INFO - Q-Learning - Rewards at end of epoch: [-0.22297297  0.0472973   0.05405405 ... -0.2972973  -0.24324324
  0.11486486]
INFO - Q-Learning - Rewards at end of epoch: [-0.23333333  0.06        0.02666667 ... -0.30666667 -0.22666667
  0.1       ]
INFO - Q-Learning - Rewards at end of epoch: [-0.24342105  0.07236842  0.01315789 ... -0.28947368 -0.23684211
  0.11184211]
INFO - Q-Learning - Rewards at end of epoch: [-2.66233766e-01  5.84415584e-02  4.16333634e-17 ... -2.85714286e-01
 -2.33766234e-01  1.23376623e-01]
INFO - Q-Learning - Rewards at end of epoch: [-0.23717949  0.04487179 -0.01282051 ... -0.25641026 -0.25641026
  0.09615385]
INFO - Q-Learning - Rewards at end of epoch: [-0.24683544  0.03164557 -0.01265823 ... -0.26582278 -0.24050633
  0.08227848]
INFO - Q-Learning - Rewards at end of epoch: [-0.24375  0.00625 -0.025   ... -0.25    -0.25     0.0875 ]
INFO - Q-Learning - Rewards at end of epoch: [-0.25308642  0.01851852 -0.03703704 ... -0.25925926 -0.2345679
  0.09876543]
INFO - Q-Learning - Rewards at end of epoch: [-0.26219512  0.00609756 -0.02439024 ... -0.23170732 -0.23170732
  0.1097561 ]
INFO - Q-Learning - Rewards at end of epoch: [-0.27108434  0.01807229 -0.01204819 ... -0.21686747 -0.21686747
  0.09638554]
INFO - Q-Learning - Rewards at end of epoch: [-0.2797619   0.0297619  -0.01190476 ... -0.20238095 -0.22619048
  0.08333333]
INFO - Q-Learning - Rewards at end of epoch: [-0.28823529  0.00588235  0.01176471 ... -0.21176471 -0.21176471
  0.05882353]
INFO - Q-Learning - Rewards at end of epoch: [-0.29651163 -0.00581395 -0.00581395 ... -0.22093023 -0.19767442
  0.04651163]
INFO - Q-Learning - Rewards at end of epoch: [-0.2816092   0.00574713 -0.01724138 ... -0.20689655 -0.18390805
  0.03448276]
INFO - Q-Learning - Rewards at end of epoch: [-0.26704545 -0.00568182 -0.02840909 ... -0.21590909 -0.15909091
  0.05681818]
INFO - Q-Learning - Rewards at end of epoch: [-0.2752809  -0.00561798 -0.03932584 ... -0.2247191  -0.16853933
  0.04494382]
INFO - Q-Learning - Rewards at end of epoch: [-0.28333333 -0.02777778 -0.05       ... -0.2        -0.15555556
  0.05555556]
INFO - Q-Learning - Rewards at end of epoch: [-0.29120879 -0.03846154 -0.03846154 ... -0.20879121 -0.14285714
  0.03296703]
INFO - Q-Learning - Rewards at end of epoch: [-0.26630435 -0.01630435 -0.02717391 ... -0.19565217 -0.15217391
  0.05434783]
INFO - Q-Learning - Rewards at end of epoch: [-0.25268817 -0.00537634 -0.03763441 ... -0.19354839 -0.13978495
  0.04301075]
INFO - Q-Learning - Rewards at end of epoch: [-0.2606383  -0.02659574 -0.02659574 ... -0.20212766 -0.14893617
  0.0212766 ]
INFO - Q-Learning - Rewards at end of epoch: [-0.26842105 -0.03684211 -0.01578947 ... -0.21052632 -0.13684211
  0.01052632]
INFO - Q-Learning - Rewards at end of epoch: [-2.55208333e-01 -2.60416667e-02 -5.20833333e-03 ... -1.97916667e-01
 -1.56250000e-01  2.42861287e-17]
INFO - Q-Learning - Rewards at end of epoch: [-0.24226804 -0.01546392 -0.01546392 ... -0.20618557 -0.15463918
 -0.01030928]
INFO - Q-Learning - Rewards at end of epoch: [-0.25       -0.0255102  -0.00510204 ... -0.18367347 -0.16326531
 -0.02040816]
INFO - Q-Learning - Rewards at end of epoch: [-0.25757576 -0.01515152  0.00505051 ... -0.19191919 -0.15151515
 -0.01010101]
INFO - Q-Learning - Rewards at end of epoch: [-2.35000000e-01  5.00000000e-03 -5.00000000e-03 ... -2.00000000e-01
 -1.60000000e-01  2.77555756e-17]
