INFO - Q-Learning - Rewards at end of epoch: [-1. -1.  1. ... -2. -1. -1.]
INFO - Q-Learning - Rewards at end of epoch: [ 0.   0.  -0.5 ... -1.5 -1.  -0.5]
INFO - Q-Learning - Rewards at end of epoch: [ 0.33333333  0.          0.         ... -0.66666667 -1.33333333
 -0.66666667]
INFO - Q-Learning - Rewards at end of epoch: [ 0.5   0.5   0.25 ... -0.75 -1.25 -1.  ]
INFO - Q-Learning - Rewards at end of epoch: [ 0.4  0.   0.  ... -0.8 -0.8 -1.2]
INFO - Q-Learning - Rewards at end of epoch: [ 0.66666667 -0.16666667 -0.16666667 ... -0.83333333 -0.83333333
 -0.83333333]
INFO - Q-Learning - Rewards at end of epoch: [ 4.28571429e-01 -4.28571429e-01  2.77555756e-17 ... -8.57142857e-01
 -5.71428571e-01 -5.71428571e-01]
INFO - Q-Learning - Rewards at end of epoch: [ 0.25  -0.625  0.25  ... -0.5   -0.375 -0.625]
INFO - Q-Learning - Rewards at end of epoch: [ 0.11111111 -0.66666667  0.27777778 ... -0.66666667 -0.5
 -0.55555556]
INFO - Q-Learning - Rewards at end of epoch: [-1.38777878e-17 -6.00000000e-01  3.50000000e-01 ... -7.00000000e-01
 -5.50000000e-01 -5.00000000e-01]
INFO - Q-Learning - Rewards at end of epoch: [-0.09090909 -0.63636364  0.40909091 ... -0.45454545 -0.59090909
 -0.54545455]
INFO - Q-Learning - Rewards at end of epoch: [-0.16666667 -0.75        0.29166667 ... -0.58333333 -0.45833333
 -0.66666667]
INFO - Q-Learning - Rewards at end of epoch: [-0.23076923 -0.61538462  0.42307692 ... -0.38461538 -0.5
 -0.76923077]
INFO - Q-Learning - Rewards at end of epoch: [-0.14285714 -0.64285714  0.46428571 ... -0.42857143 -0.39285714
 -0.64285714]
INFO - Q-Learning - Rewards at end of epoch: [-0.2        -0.73333333  0.43333333 ... -0.33333333 -0.43333333
 -0.73333333]
INFO - Q-Learning - Rewards at end of epoch: [-0.25    -0.6875   0.34375 ... -0.4375  -0.46875 -0.75   ]
INFO - Q-Learning - Rewards at end of epoch: [-0.29411765 -0.52941176  0.38235294 ... -0.47058824 -0.5
 -0.64705882]
INFO - Q-Learning - Rewards at end of epoch: [-0.16666667 -0.44444444  0.25       ... -0.5        -0.41666667
 -0.66666667]
INFO - Q-Learning - Rewards at end of epoch: [-0.21052632 -0.47368421  0.18421053 ... -0.42105263 -0.34210526
 -0.73684211]
INFO - Q-Learning - Rewards at end of epoch: [-0.25  -0.5    0.075 ... -0.45  -0.375 -0.6  ]
INFO - Q-Learning - Rewards at end of epoch: [-0.33333333 -0.47619048  0.02380952 ... -0.38095238 -0.30952381
 -0.52380952]
INFO - Q-Learning - Rewards at end of epoch: [-0.31818182 -0.5        -0.02272727 ... -0.40909091 -0.34090909
 -0.45454545]
INFO - Q-Learning - Rewards at end of epoch: [-0.26086957 -0.52173913 -0.06521739 ... -0.34782609 -0.2826087
 -0.47826087]
INFO - Q-Learning - Rewards at end of epoch: [-0.20833333 -0.41666667 -0.10416667 ... -0.29166667 -0.22916667
 -0.41666667]
INFO - Q-Learning - Rewards at end of epoch: [-0.2  -0.42 -0.02 ... -0.32 -0.18 -0.44]
INFO - Q-Learning - Rewards at end of epoch: [-0.15384615 -0.40384615  0.01923077 ... -0.34615385 -0.13461538
 -0.38461538]
INFO - Q-Learning - Rewards at end of epoch: [-0.11111111 -0.46296296 -0.01851852 ... -0.37037037 -0.09259259
 -0.40740741]
INFO - Q-Learning - Rewards at end of epoch: [-0.17857143 -0.48214286  0.01785714 ... -0.39285714 -0.08928571
 -0.35714286]
INFO - Q-Learning - Rewards at end of epoch: [-0.13793103 -0.5        -0.01724138 ... -0.4137931  -0.05172414
 -0.31034483]
INFO - Q-Learning - Rewards at end of epoch: [-0.06666667 -0.45        0.01666667 ... -0.36666667 -0.08333333
 -0.3       ]
INFO - Q-Learning - Rewards at end of epoch: [-0.03225806 -0.46774194  0.0483871  ... -0.38709677 -0.0483871
 -0.25806452]
INFO - Q-Learning - Rewards at end of epoch: [ 2.77555756e-17 -4.84375000e-01  7.81250000e-02 ... -3.43750000e-01
 -1.09375000e-01 -2.81250000e-01]
INFO - Q-Learning - Rewards at end of epoch: [ 2.69144976e-17 -4.39393939e-01  1.36363636e-01 ... -3.03030303e-01
 -1.36363636e-01 -2.72727273e-01]
INFO - Q-Learning - Rewards at end of epoch: [-0.02941176 -0.45588235  0.10294118 ... -0.29411765 -0.13235294
 -0.23529412]
INFO - Q-Learning - Rewards at end of epoch: [-0.05714286 -0.47142857  0.07142857 ... -0.28571429 -0.15714286
 -0.28571429]
INFO - Q-Learning - Rewards at end of epoch: [ 2.08166817e-17 -4.30555556e-01  1.25000000e-01 ... -2.50000000e-01
 -1.25000000e-01 -3.05555556e-01]
INFO - Q-Learning - Rewards at end of epoch: [-0.05405405 -0.44594595  0.09459459 ... -0.27027027 -0.17567568
 -0.2972973 ]
INFO - Q-Learning - Rewards at end of epoch: [-0.07894737 -0.40789474  0.06578947 ... -0.28947368 -0.19736842
 -0.28947368]
INFO - Q-Learning - Rewards at end of epoch: [-0.12820513 -0.34615385  0.03846154 ... -0.25641026 -0.21794872
 -0.23076923]
INFO - Q-Learning - Rewards at end of epoch: [-0.1    -0.3125  0.0125 ... -0.275  -0.2375 -0.225 ]
INFO - Q-Learning - Rewards at end of epoch: [-0.12195122 -0.31707317 -0.01219512 ... -0.26829268 -0.25609756
 -0.24390244]
INFO - Q-Learning - Rewards at end of epoch: [-0.16666667 -0.28571429  0.01190476 ... -0.30952381 -0.29761905
 -0.19047619]
INFO - Q-Learning - Rewards at end of epoch: [-0.13953488 -0.30232558 -0.03488372 ... -0.34883721 -0.3372093
 -0.20930233]
INFO - Q-Learning - Rewards at end of epoch: [-0.15909091 -0.31818182 -0.05681818 ... -0.31818182 -0.30681818
 -0.22727273]
INFO - Q-Learning - Rewards at end of epoch: [-0.17777778 -0.33333333 -0.07777778 ... -0.33333333 -0.32222222
 -0.24444444]
INFO - Q-Learning - Rewards at end of epoch: [-0.19565217 -0.30434783 -0.05434783 ... -0.30434783 -0.33695652
 -0.26086957]
INFO - Q-Learning - Rewards at end of epoch: [-0.17021277 -0.31914894 -0.0106383  ... -0.34042553 -0.35106383
 -0.27659574]
INFO - Q-Learning - Rewards at end of epoch: [-0.14583333 -0.35416667 -0.03125    ... -0.375      -0.36458333
 -0.27083333]
INFO - Q-Learning - Rewards at end of epoch: [-0.13265306 -0.34693878 -0.01020408 ... -0.34693878 -0.35714286
 -0.30612245]
INFO - Q-Learning - Rewards at end of epoch: [-0.11 -0.34 -0.03 ... -0.34 -0.37 -0.32]
INFO - Q-Learning - Rewards at end of epoch: [-0.12745098 -0.35294118 -0.04901961 ... -0.37254902 -0.34313725
 -0.33333333]
INFO - Q-Learning - Rewards at end of epoch: [-0.14423077 -0.38461538 -0.02884615 ... -0.34615385 -0.35576923
 -0.34615385]
INFO - Q-Learning - Rewards at end of epoch: [-0.12264151 -0.35849057 -0.04716981 ... -0.32075472 -0.33018868
 -0.35849057]
INFO - Q-Learning - Rewards at end of epoch: [-0.10185185 -0.37037037 -0.06481481 ... -0.2962963  -0.30555556
 -0.33333333]
INFO - Q-Learning - Rewards at end of epoch: [-0.11818182 -0.38181818 -0.04545455 ... -0.27272727 -0.33636364
 -0.30909091]
INFO - Q-Learning - Rewards at end of epoch: [-0.13392857 -0.39285714 -0.08035714 ... -0.28571429 -0.36607143
 -0.30357143]
INFO - Q-Learning - Rewards at end of epoch: [-0.16666667 -0.40350877 -0.09649123 ... -0.29824561 -0.39473684
 -0.29824561]
INFO - Q-Learning - Rewards at end of epoch: [-0.1637931  -0.37931034 -0.07758621 ... -0.27586207 -0.40517241
 -0.31034483]
INFO - Q-Learning - Rewards at end of epoch: [-0.19491525 -0.38983051 -0.05932203 ... -0.30508475 -0.43220339
 -0.3220339 ]
INFO - Q-Learning - Rewards at end of epoch: [-0.20833333 -0.41666667 -0.04166667 ... -0.31666667 -0.40833333
 -0.33333333]
INFO - Q-Learning - Rewards at end of epoch: [-0.22131148 -0.44262295 -0.04098361 ... -0.31147541 -0.36885246
 -0.3442623 ]
INFO - Q-Learning - Rewards at end of epoch: [-0.2016129  -0.41935484 -0.05645161 ... -0.32258065 -0.33064516
 -0.30645161]
INFO - Q-Learning - Rewards at end of epoch: [-0.18253968 -0.3968254  -0.08730159 ... -0.33333333 -0.34126984
 -0.31746032]
INFO - Q-Learning - Rewards at end of epoch: [-0.1640625 -0.40625   -0.1015625 ... -0.34375   -0.3515625 -0.34375  ]
INFO - Q-Learning - Rewards at end of epoch: [-0.17692308 -0.41538462 -0.08461538 ... -0.33846154 -0.34615385
 -0.35384615]
INFO - Q-Learning - Rewards at end of epoch: [-0.15909091 -0.42424242 -0.09848485 ... -0.31818182 -0.35606061
 -0.33333333]
INFO - Q-Learning - Rewards at end of epoch: [-0.14179104 -0.40298507 -0.12686567 ... -0.32835821 -0.3358209
 -0.35820896]
INFO - Q-Learning - Rewards at end of epoch: [-0.125      -0.42647059 -0.125      ... -0.33823529 -0.31617647
 -0.33823529]
INFO - Q-Learning - Rewards at end of epoch: [-0.0942029  -0.4057971  -0.0942029  ... -0.34782609 -0.3115942
 -0.31884058]
INFO - Q-Learning - Rewards at end of epoch: [-0.12142857 -0.37142857 -0.07857143 ... -0.32857143 -0.30714286
 -0.3       ]
INFO - Q-Learning - Rewards at end of epoch: [-0.1056338  -0.38028169 -0.07042254 ... -0.33802817 -0.31690141
 -0.28169014]
INFO - Q-Learning - Rewards at end of epoch: [-0.09027778 -0.38888889 -0.08333333 ... -0.31944444 -0.32638889
 -0.26388889]
INFO - Q-Learning - Rewards at end of epoch: [-0.06164384 -0.39726027 -0.06849315 ... -0.31506849 -0.33561644
 -0.2739726 ]
INFO - Q-Learning - Rewards at end of epoch: [-0.08783784 -0.37837838 -0.05405405 ... -0.32432432 -0.34459459
 -0.25675676]
INFO - Q-Learning - Rewards at end of epoch: [-0.1        -0.36       -0.04       ... -0.30666667 -0.35333333
 -0.28      ]
INFO - Q-Learning - Rewards at end of epoch: [-0.08552632 -0.32894737 -0.05263158 ... -0.28947368 -0.36184211
 -0.29605263]
INFO - Q-Learning - Rewards at end of epoch: [-0.11038961 -0.33766234 -0.06493506 ... -0.27272727 -0.34415584
 -0.31818182]
INFO - Q-Learning - Rewards at end of epoch: [-0.09615385 -0.34615385 -0.05128205 ... -0.28205128 -0.36538462
 -0.32692308]
INFO - Q-Learning - Rewards at end of epoch: [-0.08227848 -0.35443038 -0.06329114 ... -0.30379747 -0.34810127
 -0.31012658]
INFO - Q-Learning - Rewards at end of epoch: [-0.06875 -0.3625  -0.075   ... -0.3125  -0.33125 -0.31875]
INFO - Q-Learning - Rewards at end of epoch: [-0.08024691 -0.37037037 -0.08641975 ... -0.33333333 -0.32716049
 -0.33950617]
INFO - Q-Learning - Rewards at end of epoch: [-0.06707317 -0.3902439  -0.1097561  ... -0.34146341 -0.33536585
 -0.34756098]
INFO - Q-Learning - Rewards at end of epoch: [-0.05421687 -0.39759036 -0.09638554 ... -0.34939759 -0.31927711
 -0.35542169]
INFO - Q-Learning - Rewards at end of epoch: [-0.06547619 -0.4047619  -0.0952381  ... -0.35714286 -0.32738095
 -0.36309524]
INFO - Q-Learning - Rewards at end of epoch: [-0.05294118 -0.41176471 -0.08235294 ... -0.32941176 -0.31176471
 -0.38235294]
INFO - Q-Learning - Rewards at end of epoch: [-0.05232558 -0.40697674 -0.09302326 ... -0.31395349 -0.29651163
 -0.38953488]
INFO - Q-Learning - Rewards at end of epoch: [-0.05172414 -0.4137931  -0.08045977 ... -0.32183908 -0.3045977
 -0.36206897]
INFO - Q-Learning - Rewards at end of epoch: [-0.0625     -0.43181818 -0.06818182 ... -0.32954545 -0.3125
 -0.36931818]
INFO - Q-Learning - Rewards at end of epoch: [-0.03932584 -0.43820225 -0.05617978 ... -0.33707865 -0.29775281
 -0.35393258]
INFO - Q-Learning - Rewards at end of epoch: [-0.02777778 -0.45555556 -0.07777778 ... -0.34444444 -0.28333333
 -0.32777778]
INFO - Q-Learning - Rewards at end of epoch: [-0.01648352 -0.42857143 -0.06593407 ... -0.32967033 -0.26923077
 -0.33516484]
INFO - Q-Learning - Rewards at end of epoch: [ 0.00543478 -0.43478261 -0.08695652 ... -0.33695652 -0.28804348
 -0.3423913 ]
INFO - Q-Learning - Rewards at end of epoch: [ 0.01612903 -0.41935484 -0.09677419 ... -0.35483871 -0.29569892
 -0.36021505]
INFO - Q-Learning - Rewards at end of epoch: [-0.00531915 -0.40425532 -0.10638298 ... -0.35106383 -0.28191489
 -0.34574468]
INFO - Q-Learning - Rewards at end of epoch: [-0.02631579 -0.41052632 -0.11578947 ... -0.33684211 -0.28947368
 -0.33157895]
INFO - Q-Learning - Rewards at end of epoch: [-0.015625   -0.41666667 -0.10416667 ... -0.32291667 -0.27604167
 -0.31770833]
INFO - Q-Learning - Rewards at end of epoch: [-0.00515464 -0.42268041 -0.09278351 ... -0.32989691 -0.28350515
 -0.32474227]
INFO - Q-Learning - Rewards at end of epoch: [-0.0255102  -0.42857143 -0.09183673 ... -0.34693878 -0.30102041
 -0.30102041]
INFO - Q-Learning - Rewards at end of epoch: [-0.01515152 -0.43434343 -0.08080808 ... -0.35353535 -0.30808081
 -0.28787879]
INFO - Q-Learning - Rewards at end of epoch: [-0.025 -0.44  -0.09  ... -0.33  -0.305 -0.295]
INFO - Q-Learning - Rewards at end of epoch: [-1. -1. -1. ... -2. -1. -1.]
INFO - Q-Learning - Rewards at end of epoch: [ 0.   0.   0.5 ... -1.5  0.   0. ]
INFO - Q-Learning - Rewards at end of epoch: [ 0.33333333  0.33333333  0.66666667 ... -1.33333333  0.33333333
 -0.33333333]
INFO - Q-Learning - Rewards at end of epoch: [ 0.    0.    0.75 ... -1.25 -0.25 -0.5 ]
INFO - Q-Learning - Rewards at end of epoch: [ 0.2  0.2  0.4 ... -1.  -0.4 -0.6]
INFO - Q-Learning - Rewards at end of epoch: [-0.16666667  0.33333333  0.5        ... -0.66666667 -0.5
 -0.33333333]
INFO - Q-Learning - Rewards at end of epoch: [-0.28571429  0.14285714  0.42857143 ... -0.42857143 -0.28571429
 -0.42857143]
INFO - Q-Learning - Rewards at end of epoch: [-0.375 -0.125  0.5   ... -0.125 -0.375 -0.5  ]
INFO - Q-Learning - Rewards at end of epoch: [-2.22222222e-01  2.77555756e-17  5.55555556e-01 ... -2.22222222e-01
 -1.11111111e-01 -5.55555556e-01]
INFO - Q-Learning - Rewards at end of epoch: [-3.00000000e-01  2.49800181e-17  4.00000000e-01 ... -3.00000000e-01
 -2.00000000e-01 -7.00000000e-01]
INFO - Q-Learning - Rewards at end of epoch: [-0.18181818 -0.09090909  0.45454545 ... -0.45454545 -0.27272727
 -0.54545455]
INFO - Q-Learning - Rewards at end of epoch: [-0.25       -0.16666667  0.5        ... -0.41666667 -0.33333333
 -0.33333333]
INFO - Q-Learning - Rewards at end of epoch: [-0.07692308 -0.23076923  0.53846154 ... -0.53846154 -0.38461538
 -0.38461538]
INFO - Q-Learning - Rewards at end of epoch: [-0.07142857 -0.28571429  0.57142857 ... -0.42857143 -0.42857143
 -0.28571429]
INFO - Q-Learning - Rewards at end of epoch: [-0.13333333 -0.26666667  0.6        ... -0.46666667 -0.4
 -0.4       ]
INFO - Q-Learning - Rewards at end of epoch: [-2.77555756e-17 -1.87500000e-01  5.00000000e-01 ... -3.75000000e-01
 -3.12500000e-01 -3.12500000e-01]
INFO - Q-Learning - Rewards at end of epoch: [-0.11764706 -0.17647059  0.52941176 ... -0.41176471 -0.35294118
 -0.23529412]
INFO - Q-Learning - Rewards at end of epoch: [-0.16666667 -0.11111111  0.61111111 ... -0.44444444 -0.36111111
 -0.16666667]
INFO - Q-Learning - Rewards at end of epoch: [-0.10526316 -0.21052632  0.52631579 ... -0.52631579 -0.39473684
 -0.26315789]
INFO - Q-Learning - Rewards at end of epoch: [-0.05  -0.25   0.55  ... -0.55  -0.425 -0.25 ]
INFO - Q-Learning - Rewards at end of epoch: [ 0.04761905 -0.19047619  0.47619048 ... -0.47619048 -0.45238095
 -0.19047619]
INFO - Q-Learning - Rewards at end of epoch: [-0.02272727 -0.22727273  0.5        ... -0.5        -0.38636364
 -0.22727273]
INFO - Q-Learning - Rewards at end of epoch: [-0.02173913 -0.26086957  0.52173913 ... -0.52173913 -0.41304348
 -0.17391304]
INFO - Q-Learning - Rewards at end of epoch: [ 0.02083333 -0.16666667  0.45833333 ... -0.45833333 -0.39583333
 -0.125     ]
INFO - Q-Learning - Rewards at end of epoch: [ 0.06 -0.12  0.48 ... -0.48 -0.34 -0.16]
INFO - Q-Learning - Rewards at end of epoch: [ 0.09615385 -0.15384615  0.53846154 ... -0.42307692 -0.32692308
 -0.19230769]
INFO - Q-Learning - Rewards at end of epoch: [ 0.05555556 -0.18518519  0.59259259 ... -0.44444444 -0.31481481
 -0.14814815]
INFO - Q-Learning - Rewards at end of epoch: [ 0.01785714 -0.21428571  0.60714286 ... -0.39285714 -0.33928571
 -0.17857143]
INFO - Q-Learning - Rewards at end of epoch: [ 0.0862069  -0.13793103  0.5862069  ... -0.4137931  -0.32758621
 -0.13793103]
INFO - Q-Learning - Rewards at end of epoch: [ 0.11666667 -0.16666667  0.53333333 ... -0.46666667 -0.28333333
 -0.06666667]
INFO - Q-Learning - Rewards at end of epoch: [ 0.08064516 -0.19354839  0.48387097 ... -0.4516129  -0.30645161
 -0.09677419]
INFO - Q-Learning - Rewards at end of epoch: [ 0.140625 -0.15625   0.5      ... -0.46875  -0.328125 -0.125   ]
INFO - Q-Learning - Rewards at end of epoch: [ 0.10606061 -0.21212121  0.42424242 ... -0.42424242 -0.37878788
 -0.09090909]
INFO - Q-Learning - Rewards at end of epoch: [ 0.13235294 -0.23529412  0.44117647 ... -0.44117647 -0.41176471
 -0.08823529]
INFO - Q-Learning - Rewards at end of epoch: [ 0.15714286 -0.25714286  0.4        ... -0.4        -0.37142857
 -0.11428571]
INFO - Q-Learning - Rewards at end of epoch: [ 0.09722222 -0.27777778  0.38888889 ... -0.36111111 -0.33333333
 -0.11111111]
INFO - Q-Learning - Rewards at end of epoch: [ 0.09459459 -0.32432432  0.32432432 ... -0.40540541 -0.35135135
 -0.13513514]
INFO - Q-Learning - Rewards at end of epoch: [ 0.11842105 -0.34210526  0.34210526 ... -0.42105263 -0.34210526
 -0.10526316]
INFO - Q-Learning - Rewards at end of epoch: [ 0.14102564 -0.35897436  0.35897436 ... -0.43589744 -0.35897436
 -0.12820513]
INFO - Q-Learning - Rewards at end of epoch: [ 0.1875 -0.325   0.375  ... -0.4    -0.375  -0.1   ]
INFO - Q-Learning - Rewards at end of epoch: [ 0.20731707 -0.36585366  0.3902439  ... -0.36585366 -0.41463415
 -0.07317073]
INFO - Q-Learning - Rewards at end of epoch: [ 0.22619048 -0.33333333  0.33333333 ... -0.38095238 -0.38095238
 -0.04761905]
INFO - Q-Learning - Rewards at end of epoch: [ 0.24418605 -0.34883721  0.30232558 ... -0.34883721 -0.34883721
 -0.06976744]
INFO - Q-Learning - Rewards at end of epoch: [ 0.21590909 -0.31818182  0.25       ... -0.29545455 -0.31818182
 -0.06818182]
INFO - Q-Learning - Rewards at end of epoch: [ 0.18888889 -0.31111111  0.22222222 ... -0.31111111 -0.35555556
 -0.08888889]
INFO - Q-Learning - Rewards at end of epoch: [ 0.16304348 -0.32608696  0.19565217 ... -0.2826087  -0.34782609
 -0.06521739]
INFO - Q-Learning - Rewards at end of epoch: [ 0.13829787 -0.34042553  0.17021277 ... -0.25531915 -0.31914894
 -0.08510638]
INFO - Q-Learning - Rewards at end of epoch: [ 0.17708333 -0.33333333  0.14583333 ... -0.27083333 -0.27083333
 -0.10416667]
INFO - Q-Learning - Rewards at end of epoch: [ 0.19387755 -0.30612245  0.12244898 ... -0.30612245 -0.24489796
 -0.12244898]
INFO - Q-Learning - Rewards at end of epoch: [ 0.17 -0.32  0.14 ... -0.32 -0.22 -0.16]
INFO - Q-Learning - Rewards at end of epoch: [ 0.16666667 -0.33333333  0.11764706 ... -0.33333333 -0.25490196
 -0.19607843]
INFO - Q-Learning - Rewards at end of epoch: [ 0.18269231 -0.34615385  0.09615385 ... -0.30769231 -0.23076923
 -0.17307692]
INFO - Q-Learning - Rewards at end of epoch: [ 0.17924528 -0.32075472  0.0754717  ... -0.26415094 -0.20754717
 -0.20754717]
INFO - Q-Learning - Rewards at end of epoch: [ 0.19444444 -0.33333333  0.11111111 ... -0.27777778 -0.22222222
 -0.22222222]
INFO - Q-Learning - Rewards at end of epoch: [ 0.20909091 -0.30909091  0.07272727 ... -0.29090909 -0.23636364
 -0.23636364]
INFO - Q-Learning - Rewards at end of epoch: [ 0.20535714 -0.28571429  0.08928571 ... -0.30357143 -0.25
 -0.25      ]
INFO - Q-Learning - Rewards at end of epoch: [ 0.1754386  -0.31578947  0.05263158 ... -0.33333333 -0.22807018
 -0.26315789]
INFO - Q-Learning - Rewards at end of epoch: [ 0.18965517 -0.32758621  0.0862069  ... -0.34482759 -0.20689655
 -0.27586207]
INFO - Q-Learning - Rewards at end of epoch: [ 0.20338983 -0.31355932  0.10169492 ... -0.3220339  -0.23728814
 -0.28813559]
INFO - Q-Learning - Rewards at end of epoch: [ 0.18333333 -0.29166667  0.08333333 ... -0.3        -0.21666667
 -0.3       ]
INFO - Q-Learning - Rewards at end of epoch: [ 0.16393443 -0.30327869  0.06557377 ... -0.31147541 -0.21311475
 -0.31147541]
INFO - Q-Learning - Rewards at end of epoch: [ 0.14516129 -0.28225806  0.0483871  ... -0.33870968 -0.22580645
 -0.29032258]
INFO - Q-Learning - Rewards at end of epoch: [ 0.15873016 -0.29365079  0.06349206 ... -0.31746032 -0.25396825
 -0.3015873 ]
INFO - Q-Learning - Rewards at end of epoch: [ 0.140625  -0.3203125  0.046875  ... -0.3125    -0.234375  -0.3125   ]
INFO - Q-Learning - Rewards at end of epoch: [ 0.12307692 -0.33076923  0.03076923 ... -0.29230769 -0.24615385
 -0.32307692]
INFO - Q-Learning - Rewards at end of epoch: [ 0.13636364 -0.34090909  0.04545455 ... -0.3030303  -0.25757576
 -0.3030303 ]
INFO - Q-Learning - Rewards at end of epoch: [ 0.11940299 -0.3358209   0.02985075 ... -0.28358209 -0.26865672
 -0.28358209]
INFO - Q-Learning - Rewards at end of epoch: [ 0.13235294 -0.36029412  0.01470588 ... -0.29411765 -0.27941176
 -0.27941176]
INFO - Q-Learning - Rewards at end of epoch: [ 1.01449275e-01 -3.69565217e-01 -1.21430643e-17 ... -2.75362319e-01
 -2.60869565e-01 -2.60869565e-01]
INFO - Q-Learning - Rewards at end of epoch: [ 0.11428571 -0.37857143 -0.01428571 ... -0.27142857 -0.27142857
 -0.28571429]
INFO - Q-Learning - Rewards at end of epoch: [ 8.45070423e-02 -4.01408451e-01 -1.21430643e-17 ... -2.53521127e-01
 -2.81690141e-01 -2.67605634e-01]
INFO - Q-Learning - Rewards at end of epoch: [ 0.06944444 -0.38194444  0.01388889 ... -0.26388889 -0.26388889
 -0.27777778]
INFO - Q-Learning - Rewards at end of epoch: [ 0.05479452 -0.3630137   0.01369863 ... -0.28767123 -0.2739726
 -0.26027397]
INFO - Q-Learning - Rewards at end of epoch: [ 0.04054054 -0.37162162  0.02702703 ... -0.31081081 -0.28378378
 -0.27027027]
INFO - Q-Learning - Rewards at end of epoch: [ 0.02666667 -0.35333333  0.05333333 ... -0.32       -0.29333333
 -0.25333333]
INFO - Q-Learning - Rewards at end of epoch: [ 0.01315789 -0.36184211  0.06578947 ... -0.30263158 -0.30263158
 -0.26315789]
INFO - Q-Learning - Rewards at end of epoch: [ 0.02597403 -0.37012987  0.07792208 ... -0.28571429 -0.28571429
 -0.24675325]
INFO - Q-Learning - Rewards at end of epoch: [ 0.03846154 -0.37820513  0.08974359 ... -0.30769231 -0.25641026
 -0.26923077]
INFO - Q-Learning - Rewards at end of epoch: [ 0.02531646 -0.38607595  0.07594937 ... -0.29113924 -0.26582278
 -0.25316456]
INFO - Q-Learning - Rewards at end of epoch: [ 0.      -0.36875  0.075   ... -0.275   -0.275   -0.2375 ]
INFO - Q-Learning - Rewards at end of epoch: [-0.02469136 -0.37654321  0.0617284  ... -0.28395062 -0.28395062
 -0.24691358]
INFO - Q-Learning - Rewards at end of epoch: [-0.01219512 -0.3597561   0.07317073 ... -0.26829268 -0.29268293
 -0.25609756]
INFO - Q-Learning - Rewards at end of epoch: [ 3.46944695e-18 -3.31325301e-01  8.43373494e-02 ... -2.77108434e-01
 -2.77108434e-01 -2.40963855e-01]
INFO - Q-Learning - Rewards at end of epoch: [-0.01190476 -0.31547619  0.10714286 ... -0.26190476 -0.28571429
 -0.22619048]
INFO - Q-Learning - Rewards at end of epoch: [-0.02352941 -0.3         0.09411765 ... -0.27058824 -0.29411765
 -0.22352941]
INFO - Q-Learning - Rewards at end of epoch: [-0.03488372 -0.28488372  0.10465116 ... -0.26744186 -0.30232558
 -0.24418605]
INFO - Q-Learning - Rewards at end of epoch: [-0.02298851 -0.27011494  0.09195402 ... -0.27586207 -0.31034483
 -0.24137931]
INFO - Q-Learning - Rewards at end of epoch: [ 1.04083409e-17 -2.78409091e-01  7.95454545e-02 ... -2.95454545e-01
 -3.23863636e-01 -2.50000000e-01]
INFO - Q-Learning - Rewards at end of epoch: [ 0.01123596 -0.25280899  0.05617978 ... -0.30337079 -0.33146067
 -0.25842697]
INFO - Q-Learning - Rewards at end of epoch: [ 0.02222222 -0.23888889  0.04444444 ... -0.31111111 -0.31666667
 -0.26666667]
INFO - Q-Learning - Rewards at end of epoch: [ 0.01098901 -0.22527473  0.03296703 ... -0.32967033 -0.32417582
 -0.25274725]
INFO - Q-Learning - Rewards at end of epoch: [ 1.21430643e-17 -2.22826087e-01  4.34782609e-02 ... -3.36956522e-01
 -3.31521739e-01 -2.39130435e-01]
INFO - Q-Learning - Rewards at end of epoch: [-0.01075269 -0.2311828   0.03225806 ... -0.34408602 -0.3172043
 -0.24731183]
INFO - Q-Learning - Rewards at end of epoch: [-0.0212766  -0.21808511  0.04255319 ... -0.35106383 -0.31382979
 -0.25531915]
INFO - Q-Learning - Rewards at end of epoch: [-0.01052632 -0.20526316  0.03157895 ... -0.33684211 -0.32105263
 -0.26315789]
INFO - Q-Learning - Rewards at end of epoch: [ 0.01041667 -0.21354167  0.03125    ... -0.34375    -0.328125
 -0.27083333]
INFO - Q-Learning - Rewards at end of epoch: [ 0.02061856 -0.22164948  0.02061856 ... -0.35051546 -0.34536082
 -0.27835052]
INFO - Q-Learning - Rewards at end of epoch: [ 0.01020408 -0.23469388  0.01020408 ... -0.33673469 -0.33163265
 -0.28571429]
INFO - Q-Learning - Rewards at end of epoch: [ 0.02020202 -0.22222222 -0.01010101 ... -0.34343434 -0.31818182
 -0.29292929]
INFO - Q-Learning - Rewards at end of epoch: [ 0.01  -0.23  -0.02  ... -0.35  -0.325 -0.3  ]
INFO - Q-Learning - Rewards at end of epoch: [ 2.  1.  1. ...  0. -1. -2.]
INFO - Q-Learning - Rewards at end of epoch: [ 1.5   0.    0.5  ...  0.5  -0.25 -1.5 ]
INFO - Q-Learning - Rewards at end of epoch: [ 1.          0.33333333  0.33333333 ... -0.33333333 -0.83333333
 -0.66666667]
INFO - Q-Learning - Rewards at end of epoch: [ 0.5    0.5    0.    ...  0.    -0.875 -0.75 ]
INFO - Q-Learning - Rewards at end of epoch: [ 0.2  0.6 -0.2 ...  0.2 -0.5 -1. ]
INFO - Q-Learning - Rewards at end of epoch: [ 3.33333333e-01  3.33333333e-01 -3.33333333e-01 ...  2.77555756e-17
 -2.50000000e-01 -6.66666667e-01]
INFO - Q-Learning - Rewards at end of epoch: [ 0.42857143  0.14285714 -0.42857143 ...  0.14285714 -0.35714286
 -0.71428571]
INFO - Q-Learning - Rewards at end of epoch: [ 0.25    0.25   -0.25   ...  0.375  -0.4375 -0.625 ]
INFO - Q-Learning - Rewards at end of epoch: [ 0.11111111  0.11111111 -0.11111111 ...  0.22222222 -0.5
 -0.44444444]
INFO - Q-Learning - Rewards at end of epoch: [-1.38777878e-17 -1.38777878e-17  1.38777878e-17 ...  3.00000000e-01
 -4.50000000e-01 -3.00000000e-01]
INFO - Q-Learning - Rewards at end of epoch: [-1.26161707e-17 -9.09090909e-02 -9.09090909e-02 ...  1.81818182e-01
 -5.00000000e-01 -1.81818182e-01]
INFO - Q-Learning - Rewards at end of epoch: [ 0.04166667 -0.16666667  0.         ...  0.08333333 -0.375
 -0.25      ]
INFO - Q-Learning - Rewards at end of epoch: [ 0.11538462 -0.23076923 -0.07692308 ...  0.15384615 -0.42307692
 -0.38461538]
INFO - Q-Learning - Rewards at end of epoch: [ 3.57142857e-02 -1.42857143e-01 -1.38777878e-17 ...  2.14285714e-01
 -4.64285714e-01 -4.28571429e-01]
INFO - Q-Learning - Rewards at end of epoch: [-0.03333333 -0.13333333  0.06666667 ...  0.13333333 -0.36666667
 -0.53333333]
INFO - Q-Learning - Rewards at end of epoch: [-0.15625 -0.0625   0.125   ...  0.1875  -0.46875 -0.4375 ]
INFO - Q-Learning - Rewards at end of epoch: [-0.08823529 -0.11764706  0.08823529 ...  0.11764706 -0.5
 -0.47058824]
INFO - Q-Learning - Rewards at end of epoch: [-0.13888889 -0.16666667  0.13888889 ...  0.16666667 -0.41666667
 -0.38888889]
INFO - Q-Learning - Rewards at end of epoch: [-0.18421053 -0.21052632  0.18421053 ...  0.10526316 -0.44736842
 -0.42105263]
INFO - Q-Learning - Rewards at end of epoch: [-0.225 -0.15   0.125 ...  0.05  -0.375 -0.35 ]
INFO - Q-Learning - Rewards at end of epoch: [-0.26190476 -0.19047619  0.02380952 ...  0.0952381  -0.45238095
 -0.38095238]
INFO - Q-Learning - Rewards at end of epoch: [-0.20454545 -0.13636364 -0.02272727 ...  0.04545455 -0.52272727
 -0.40909091]
INFO - Q-Learning - Rewards at end of epoch: [-0.15217391 -0.08695652 -0.06521739 ... -0.04347826 -0.45652174
 -0.43478261]
INFO - Q-Learning - Rewards at end of epoch: [-0.1875     -0.04166667 -0.02083333 ... -0.08333333 -0.47916667
 -0.375     ]
INFO - Q-Learning - Rewards at end of epoch: [-0.22 -0.12  0.02 ... -0.12 -0.5  -0.28]
INFO - Q-Learning - Rewards at end of epoch: [-0.25       -0.15384615 -0.01923077 ... -0.03846154 -0.53846154
 -0.23076923]
INFO - Q-Learning - Rewards at end of epoch: [-2.40740741e-01 -1.11111111e-01  1.85185185e-02 ...  2.08166817e-17
 -5.92592593e-01 -2.59259259e-01]
INFO - Q-Learning - Rewards at end of epoch: [-0.19642857 -0.07142857 -0.05357143 ... -0.07142857 -0.53571429
 -0.17857143]
INFO - Q-Learning - Rewards at end of epoch: [-0.22413793 -0.03448276 -0.01724138 ... -0.13793103 -0.55172414
 -0.24137931]
INFO - Q-Learning - Rewards at end of epoch: [-1.83333333e-01 -2.77555756e-17  1.66666667e-02 ... -1.33333333e-01
 -5.66666667e-01 -2.00000000e-01]
INFO - Q-Learning - Rewards at end of epoch: [-0.20967742  0.03225806 -0.01612903 ... -0.09677419 -0.51612903
 -0.16129032]
INFO - Q-Learning - Rewards at end of epoch: [-1.71875000e-01 -2.77555756e-17 -4.68750000e-02 ... -1.25000000e-01
 -5.31250000e-01 -1.87500000e-01]
INFO - Q-Learning - Rewards at end of epoch: [-0.1969697   0.03030303 -0.07575758 ... -0.09090909 -0.54545455
 -0.21212121]
INFO - Q-Learning - Rewards at end of epoch: [-0.22058824  0.08823529 -0.07352941 ... -0.11764706 -0.52941176
 -0.17647059]
INFO - Q-Learning - Rewards at end of epoch: [-0.24285714  0.05714286 -0.1        ... -0.14285714 -0.54285714
 -0.14285714]
INFO - Q-Learning - Rewards at end of epoch: [-2.08333333e-01 -2.77555756e-17 -1.25000000e-01 ... -1.66666667e-01
 -5.55555556e-01 -1.11111111e-01]
INFO - Q-Learning - Rewards at end of epoch: [-0.22972973  0.02702703 -0.09459459 ... -0.18918919 -0.51351351
 -0.13513514]
INFO - Q-Learning - Rewards at end of epoch: [-0.19736842  0.05263158 -0.03947368 ... -0.21052632 -0.52631579
 -0.15789474]
INFO - Q-Learning - Rewards at end of epoch: [-0.21794872  0.07692308 -0.06410256 ... -0.23076923 -0.48717949
 -0.15384615]
INFO - Q-Learning - Rewards at end of epoch: [-0.1875  0.1    -0.0875 ... -0.275  -0.5    -0.125 ]
INFO - Q-Learning - Rewards at end of epoch: [-0.15853659  0.07317073 -0.06097561 ... -0.26829268 -0.46341463
 -0.09756098]
INFO - Q-Learning - Rewards at end of epoch: [-0.1547619   0.07142857 -0.08333333 ... -0.23809524 -0.4047619
 -0.07142857]
INFO - Q-Learning - Rewards at end of epoch: [-0.1744186   0.02325581 -0.05813953 ... -0.25581395 -0.39534884
 -0.06976744]
INFO - Q-Learning - Rewards at end of epoch: [-1.93181818e-01 -2.08166817e-17 -3.40909091e-02 ... -2.72727273e-01
 -4.09090909e-01 -2.27272727e-02]
INFO - Q-Learning - Rewards at end of epoch: [-1.44444444e-01 -4.44444444e-02 -7.77777778e-02 ... -2.88888889e-01
 -4.44444444e-01  6.93889390e-18]
INFO - Q-Learning - Rewards at end of epoch: [-9.78260870e-02 -2.77555756e-17 -5.43478261e-02 ... -2.60869565e-01
 -4.56521739e-01  2.17391304e-02]
INFO - Q-Learning - Rewards at end of epoch: [-7.44680851e-02  2.12765957e-02 -5.31914894e-02 ... -2.97872340e-01
 -4.68085106e-01  3.46944695e-18]
INFO - Q-Learning - Rewards at end of epoch: [-9.37500000e-02 -2.77555756e-17 -9.37500000e-02 ... -2.91666667e-01
 -5.00000000e-01  2.08333333e-02]
INFO - Q-Learning - Rewards at end of epoch: [-1.12244898e-01 -2.04081633e-02 -1.32653061e-01 ... -3.06122449e-01
 -5.10204082e-01  3.46944695e-18]
INFO - Q-Learning - Rewards at end of epoch: [-0.13 -0.06 -0.15 ... -0.32 -0.54  0.02]
INFO - Q-Learning - Rewards at end of epoch: [-1.47058824e-01 -7.84313725e-02 -1.66666667e-01 ... -3.33333333e-01
 -5.49019608e-01  3.46944695e-18]
INFO - Q-Learning - Rewards at end of epoch: [-0.16346154 -0.09615385 -0.16346154 ... -0.34615385 -0.51923077
 -0.01923077]
INFO - Q-Learning - Rewards at end of epoch: [-0.12264151 -0.11320755 -0.17924528 ... -0.37735849 -0.50943396
 -0.03773585]
INFO - Q-Learning - Rewards at end of epoch: [-0.13888889 -0.12962963 -0.15740741 ... -0.40740741 -0.51851852
 -0.01851852]
INFO - Q-Learning - Rewards at end of epoch: [-0.15454545 -0.14545455 -0.19090909 ... -0.38181818 -0.49090909
 -0.03636364]
INFO - Q-Learning - Rewards at end of epoch: [-0.16964286 -0.125      -0.20535714 ... -0.35714286 -0.48214286
 -0.01785714]
INFO - Q-Learning - Rewards at end of epoch: [-0.14912281 -0.14035088 -0.20175439 ... -0.33333333 -0.49122807
 -0.01754386]
INFO - Q-Learning - Rewards at end of epoch: [-0.12931034 -0.12068966 -0.18103448 ... -0.31034483 -0.46551724
 -0.03448276]
INFO - Q-Learning - Rewards at end of epoch: [-0.11016949 -0.13559322 -0.19491525 ... -0.28813559 -0.45762712
 -0.01694915]
INFO - Q-Learning - Rewards at end of epoch: [-0.09166667 -0.15       -0.20833333 ... -0.26666667 -0.43333333
 -0.03333333]
INFO - Q-Learning - Rewards at end of epoch: [-0.10655738 -0.13114754 -0.22131148 ... -0.29508197 -0.44262295
 -0.04918033]
INFO - Q-Learning - Rewards at end of epoch: [-0.08870968 -0.11290323 -0.23387097 ... -0.27419355 -0.4516129
 -0.06451613]
INFO - Q-Learning - Rewards at end of epoch: [-0.1031746  -0.12698413 -0.24603175 ... -0.25396825 -0.44444444
 -0.06349206]
INFO - Q-Learning - Rewards at end of epoch: [-0.0859375 -0.109375  -0.2734375 ... -0.265625  -0.46875   -0.078125 ]
INFO - Q-Learning - Rewards at end of epoch: [-0.05384615 -0.09230769 -0.28461538 ... -0.27692308 -0.47692308
 -0.06153846]
INFO - Q-Learning - Rewards at end of epoch: [-0.03787879 -0.10606061 -0.29545455 ... -0.28787879 -0.45454545
 -0.06060606]
INFO - Q-Learning - Rewards at end of epoch: [-0.02238806 -0.08955224 -0.30597015 ... -0.26865672 -0.43283582
 -0.04477612]
INFO - Q-Learning - Rewards at end of epoch: [-0.00735294 -0.10294118 -0.28676471 ... -0.27941176 -0.44117647
 -0.02941176]
INFO - Q-Learning - Rewards at end of epoch: [ 0.00724638 -0.13043478 -0.2826087  ... -0.28985507 -0.4057971
 -0.04347826]
INFO - Q-Learning - Rewards at end of epoch: [-0.00714286 -0.11428571 -0.26428571 ... -0.3        -0.41428571
 -0.05714286]
INFO - Q-Learning - Rewards at end of epoch: [-0.02112676 -0.09859155 -0.27464789 ... -0.28169014 -0.42253521
 -0.04225352]
INFO - Q-Learning - Rewards at end of epoch: [-0.02083333 -0.11111111 -0.25694444 ... -0.30555556 -0.44444444
 -0.05555556]
INFO - Q-Learning - Rewards at end of epoch: [-0.03424658 -0.12328767 -0.26712329 ... -0.28767123 -0.42465753
 -0.04109589]
INFO - Q-Learning - Rewards at end of epoch: [-0.0472973  -0.13513514 -0.27702703 ... -0.2972973  -0.43243243
 -0.05405405]
INFO - Q-Learning - Rewards at end of epoch: [-0.03333333 -0.12       -0.28666667 ... -0.29333333 -0.44
 -0.04      ]
INFO - Q-Learning - Rewards at end of epoch: [-0.01973684 -0.11842105 -0.29605263 ... -0.31578947 -0.42105263
 -0.05263158]
INFO - Q-Learning - Rewards at end of epoch: [-0.04545455 -0.12987013 -0.31818182 ... -0.32467532 -0.44155844
 -0.03896104]
INFO - Q-Learning - Rewards at end of epoch: [-0.05769231 -0.14102564 -0.32692308 ... -0.33333333 -0.42307692
 -0.05128205]
INFO - Q-Learning - Rewards at end of epoch: [-0.0443038  -0.12658228 -0.34810127 ... -0.3164557  -0.39240506
 -0.06329114]
INFO - Q-Learning - Rewards at end of epoch: [-0.05625 -0.1125  -0.35625 ... -0.325   -0.375   -0.05   ]
INFO - Q-Learning - Rewards at end of epoch: [-0.06790123 -0.09876543 -0.37654321 ... -0.30864198 -0.38271605
 -0.0617284 ]
INFO - Q-Learning - Rewards at end of epoch: [-0.07926829 -0.1097561  -0.37195122 ... -0.29268293 -0.36585366
 -0.06097561]
INFO - Q-Learning - Rewards at end of epoch: [-0.09036145 -0.12048193 -0.35542169 ... -0.30120482 -0.38554217
 -0.04819277]
INFO - Q-Learning - Rewards at end of epoch: [-0.07738095 -0.13095238 -0.36309524 ... -0.28571429 -0.39285714
 -0.07142857]
INFO - Q-Learning - Rewards at end of epoch: [-0.09411765 -0.11764706 -0.37058824 ... -0.27058824 -0.41176471
 -0.08235294]
INFO - Q-Learning - Rewards at end of epoch: [-0.11627907 -0.10465116 -0.37790698 ... -0.25581395 -0.43023256
 -0.09302326]
INFO - Q-Learning - Rewards at end of epoch: [-0.12643678 -0.09195402 -0.38505747 ... -0.26436782 -0.4137931
 -0.08045977]
INFO - Q-Learning - Rewards at end of epoch: [-0.11363636 -0.11363636 -0.36931818 ... -0.27272727 -0.39772727
 -0.09090909]
INFO - Q-Learning - Rewards at end of epoch: [-0.11235955 -0.13483146 -0.34269663 ... -0.28089888 -0.38202247
 -0.07865169]
INFO - Q-Learning - Rewards at end of epoch: [-0.12222222 -0.14444444 -0.35       ... -0.25555556 -0.38888889
 -0.08888889]
INFO - Q-Learning - Rewards at end of epoch: [-0.13186813 -0.15384615 -0.33516484 ... -0.26373626 -0.3956044
 -0.08791209]
INFO - Q-Learning - Rewards at end of epoch: [-0.14130435 -0.14130435 -0.3423913  ... -0.27173913 -0.40217391
 -0.07608696]
INFO - Q-Learning - Rewards at end of epoch: [-0.15053763 -0.16129032 -0.34946237 ... -0.25806452 -0.40860215
 -0.07526882]
INFO - Q-Learning - Rewards at end of epoch: [-0.15957447 -0.14893617 -0.33510638 ... -0.26595745 -0.41489362
 -0.08510638]
INFO - Q-Learning - Rewards at end of epoch: [-0.15789474 -0.15789474 -0.34210526 ... -0.25263158 -0.42105263
 -0.10526316]
INFO - Q-Learning - Rewards at end of epoch: [-0.14583333 -0.16666667 -0.359375   ... -0.26041667 -0.41666667
 -0.125     ]
INFO - Q-Learning - Rewards at end of epoch: [-0.15463918 -0.15463918 -0.36597938 ... -0.26804124 -0.42268041
 -0.11340206]
INFO - Q-Learning - Rewards at end of epoch: [-0.14285714 -0.16326531 -0.35204082 ... -0.25510204 -0.43367347
 -0.12244898]
INFO - Q-Learning - Rewards at end of epoch: [-0.14141414 -0.17171717 -0.33838384 ... -0.24242424 -0.41919192
 -0.13131313]
INFO - Q-Learning - Rewards at end of epoch: [-0.14  -0.19  -0.315 ... -0.26  -0.425 -0.14 ]
INFO - Q-Learning - Rewards at end of epoch: [ 1. -1. -1. ... -1.  1.  1.]
INFO - Q-Learning - Rewards at end of epoch: [ 0.   0.5  0.5 ... -1.   0.  -0.5]
INFO - Q-Learning - Rewards at end of epoch: [ 0.          0.          0.66666667 ... -0.33333333 -0.33333333
 -0.66666667]
INFO - Q-Learning - Rewards at end of epoch: [-0.25 -0.25  0.25 ... -0.25 -0.5   0.  ]
INFO - Q-Learning - Rewards at end of epoch: [-0.4 -0.2  0.  ... -0.6 -0.6 -0.2]
INFO - Q-Learning - Rewards at end of epoch: [-1.66666667e-01 -3.33333333e-01 -3.33333333e-01 ... -3.33333333e-01
 -3.33333333e-01 -2.77555756e-17]
INFO - Q-Learning - Rewards at end of epoch: [-2.77555756e-17 -4.28571429e-01 -1.42857143e-01 ... -4.28571429e-01
 -5.71428571e-01  1.42857143e-01]
INFO - Q-Learning - Rewards at end of epoch: [ 1.25000000e-01 -5.00000000e-01  0.00000000e+00 ... -5.00000000e-01
 -6.25000000e-01 -2.77555756e-17]
INFO - Q-Learning - Rewards at end of epoch: [ 0.11111111 -0.66666667 -0.11111111 ... -0.55555556 -0.66666667
 -0.11111111]
INFO - Q-Learning - Rewards at end of epoch: [-2.77555756e-17 -8.00000000e-01 -1.00000000e-01 ... -7.00000000e-01
 -8.00000000e-01 -2.00000000e-01]
INFO - Q-Learning - Rewards at end of epoch: [ 0.09090909 -0.54545455 -0.18181818 ... -0.54545455 -0.63636364
 -0.36363636]
INFO - Q-Learning - Rewards at end of epoch: [-1.38777878e-17 -5.00000000e-01 -8.33333333e-02 ... -4.16666667e-01
 -6.66666667e-01 -2.50000000e-01]
INFO - Q-Learning - Rewards at end of epoch: [ 0.07692308 -0.46153846  0.         ... -0.30769231 -0.69230769
 -0.15384615]
INFO - Q-Learning - Rewards at end of epoch: [ 0.21428571 -0.5         0.         ... -0.35714286 -0.71428571
 -0.14285714]
INFO - Q-Learning - Rewards at end of epoch: [ 0.06666667 -0.6         0.06666667 ... -0.4        -0.73333333
 -0.06666667]
INFO - Q-Learning - Rewards at end of epoch: [-6.25000000e-02 -4.37500000e-01  0.00000000e+00 ... -3.12500000e-01
 -8.12500000e-01 -2.77555756e-17]
INFO - Q-Learning - Rewards at end of epoch: [ 0.         -0.35294118  0.         ... -0.17647059 -0.82352941
  0.11764706]
INFO - Q-Learning - Rewards at end of epoch: [-0.05555556 -0.38888889 -0.05555556 ... -0.22222222 -0.83333333
  0.05555556]
INFO - Q-Learning - Rewards at end of epoch: [ 6.93889390e-18 -4.21052632e-01 -1.57894737e-01 ... -2.63157895e-01
 -8.94736842e-01  1.05263158e-01]
INFO - Q-Learning - Rewards at end of epoch: [ 6.59194921e-18 -3.50000000e-01 -5.00000000e-02 ... -3.00000000e-01
 -8.00000000e-01  5.00000000e-02]
INFO - Q-Learning - Rewards at end of epoch: [-0.04761905 -0.38095238 -0.14285714 ... -0.33333333 -0.80952381
 -0.04761905]
INFO - Q-Learning - Rewards at end of epoch: [-0.13636364 -0.27272727 -0.09090909 ... -0.27272727 -0.81818182
 -0.13636364]
INFO - Q-Learning - Rewards at end of epoch: [-0.17391304 -0.30434783 -0.13043478 ... -0.30434783 -0.82608696
 -0.17391304]
INFO - Q-Learning - Rewards at end of epoch: [-0.25       -0.25       -0.08333333 ... -0.33333333 -0.83333333
 -0.20833333]
INFO - Q-Learning - Rewards at end of epoch: [-0.32 -0.2  -0.16 ... -0.36 -0.84 -0.24]
INFO - Q-Learning - Rewards at end of epoch: [-0.30769231 -0.26923077 -0.19230769 ... -0.30769231 -0.88461538
 -0.30769231]
INFO - Q-Learning - Rewards at end of epoch: [-0.25925926 -0.18518519 -0.22222222 ... -0.37037037 -0.92592593
 -0.33333333]
INFO - Q-Learning - Rewards at end of epoch: [-0.28571429 -0.21428571 -0.17857143 ... -0.39285714 -0.92857143
 -0.35714286]
INFO - Q-Learning - Rewards at end of epoch: [-0.31034483 -0.17241379 -0.20689655 ... -0.44827586 -0.93103448
 -0.31034483]
INFO - Q-Learning - Rewards at end of epoch: [-0.23333333 -0.2        -0.16666667 ... -0.46666667 -0.93333333
 -0.33333333]
INFO - Q-Learning - Rewards at end of epoch: [-0.25806452 -0.16129032 -0.12903226 ... -0.41935484 -0.96774194
 -0.32258065]
INFO - Q-Learning - Rewards at end of epoch: [-0.3125  -0.1875  -0.09375 ... -0.4375  -0.96875 -0.34375]
INFO - Q-Learning - Rewards at end of epoch: [-0.27272727 -0.12121212 -0.12121212 ... -0.45454545 -0.90909091
 -0.36363636]
INFO - Q-Learning - Rewards at end of epoch: [-0.23529412 -0.14705882 -0.14705882 ... -0.47058824 -0.88235294
 -0.29411765]
INFO - Q-Learning - Rewards at end of epoch: [-0.28571429 -0.17142857 -0.17142857 ... -0.51428571 -0.82857143
 -0.25714286]
INFO - Q-Learning - Rewards at end of epoch: [-0.30555556 -0.13888889 -0.19444444 ... -0.55555556 -0.86111111
 -0.22222222]
INFO - Q-Learning - Rewards at end of epoch: [-0.2972973  -0.16216216 -0.21621622 ... -0.59459459 -0.83783784
 -0.18918919]
INFO - Q-Learning - Rewards at end of epoch: [-0.31578947 -0.21052632 -0.23684211 ... -0.60526316 -0.76315789
 -0.23684211]
INFO - Q-Learning - Rewards at end of epoch: [-0.35897436 -0.23076923 -0.25641026 ... -0.61538462 -0.71794872
 -0.25641026]
INFO - Q-Learning - Rewards at end of epoch: [-0.375 -0.275 -0.225 ... -0.65  -0.725 -0.275]
INFO - Q-Learning - Rewards at end of epoch: [-0.34146341 -0.29268293 -0.17073171 ... -0.68292683 -0.73170732
 -0.24390244]
INFO - Q-Learning - Rewards at end of epoch: [-0.35714286 -0.33333333 -0.19047619 ... -0.64285714 -0.76190476
 -0.23809524]
INFO - Q-Learning - Rewards at end of epoch: [-0.3255814  -0.27906977 -0.20930233 ... -0.60465116 -0.72093023
 -0.25581395]
INFO - Q-Learning - Rewards at end of epoch: [-0.29545455 -0.29545455 -0.18181818 ... -0.56818182 -0.68181818
 -0.20454545]
INFO - Q-Learning - Rewards at end of epoch: [-0.31111111 -0.31111111 -0.22222222 ... -0.57777778 -0.71111111
 -0.22222222]
INFO - Q-Learning - Rewards at end of epoch: [-0.32608696 -0.30434783 -0.26086957 ... -0.60869565 -0.7173913
 -0.19565217]
INFO - Q-Learning - Rewards at end of epoch: [-0.27659574 -0.34042553 -0.27659574 ... -0.61702128 -0.72340426
 -0.17021277]
INFO - Q-Learning - Rewards at end of epoch: [-0.25       -0.35416667 -0.29166667 ... -0.58333333 -0.6875
 -0.20833333]
INFO - Q-Learning - Rewards at end of epoch: [-0.20408163 -0.32653061 -0.26530612 ... -0.59183673 -0.71428571
 -0.18367347]
INFO - Q-Learning - Rewards at end of epoch: [-0.22 -0.34 -0.28 ... -0.62 -0.68 -0.16]
INFO - Q-Learning - Rewards at end of epoch: [-0.19607843 -0.31372549 -0.29411765 ... -0.62745098 -0.65686275
 -0.17647059]
INFO - Q-Learning - Rewards at end of epoch: [-0.21153846 -0.26923077 -0.30769231 ... -0.63461538 -0.64423077
 -0.13461538]
INFO - Q-Learning - Rewards at end of epoch: [-0.16981132 -0.24528302 -0.32075472 ... -0.64150943 -0.6509434
 -0.1509434 ]
INFO - Q-Learning - Rewards at end of epoch: [-0.18518519 -0.2037037  -0.33333333 ... -0.62962963 -0.65740741
 -0.16666667]
INFO - Q-Learning - Rewards at end of epoch: [-0.21818182 -0.16363636 -0.30909091 ... -0.65454545 -0.66363636
 -0.18181818]
INFO - Q-Learning - Rewards at end of epoch: [-0.23214286 -0.14285714 -0.26785714 ... -0.625      -0.61607143
 -0.19642857]
INFO - Q-Learning - Rewards at end of epoch: [-0.24561404 -0.14035088 -0.29824561 ... -0.63157895 -0.64035088
 -0.22807018]
INFO - Q-Learning - Rewards at end of epoch: [-0.25862069 -0.12068966 -0.31034483 ... -0.63793103 -0.64655172
 -0.20689655]
INFO - Q-Learning - Rewards at end of epoch: [-0.23728814 -0.13559322 -0.3220339  ... -0.61016949 -0.61864407
 -0.20338983]
INFO - Q-Learning - Rewards at end of epoch: [-0.26666667 -0.11666667 -0.33333333 ... -0.61666667 -0.625
 -0.23333333]
INFO - Q-Learning - Rewards at end of epoch: [-0.24590164 -0.09836066 -0.3442623  ... -0.62295082 -0.6147541
 -0.26229508]
INFO - Q-Learning - Rewards at end of epoch: [-0.27419355 -0.11290323 -0.37096774 ... -0.62903226 -0.63709677
 -0.29032258]
INFO - Q-Learning - Rewards at end of epoch: [-0.26984127 -0.12698413 -0.36507937 ... -0.58730159 -0.64285714
 -0.31746032]
INFO - Q-Learning - Rewards at end of epoch: [-0.28125   -0.140625  -0.390625  ... -0.59375   -0.6015625 -0.328125 ]
INFO - Q-Learning - Rewards at end of epoch: [-0.29230769 -0.12307692 -0.4        ... -0.6        -0.59230769
 -0.30769231]
INFO - Q-Learning - Rewards at end of epoch: [-0.3030303  -0.13636364 -0.40909091 ... -0.60606061 -0.56818182
 -0.28787879]
INFO - Q-Learning - Rewards at end of epoch: [-0.31343284 -0.14925373 -0.41791045 ... -0.58208955 -0.57462687
 -0.26865672]
INFO - Q-Learning - Rewards at end of epoch: [-0.27941176 -0.16911765 -0.44117647 ... -0.58823529 -0.58088235
 -0.29411765]
INFO - Q-Learning - Rewards at end of epoch: [-0.28985507 -0.19565217 -0.4057971  ... -0.56521739 -0.58695652
 -0.30434783]
INFO - Q-Learning - Rewards at end of epoch: [-0.31428571 -0.17857143 -0.38571429 ... -0.52857143 -0.59285714
 -0.27142857]
INFO - Q-Learning - Rewards at end of epoch: [-0.32394366 -0.16197183 -0.36619718 ... -0.54929577 -0.59859155
 -0.28169014]
INFO - Q-Learning - Rewards at end of epoch: [-0.30555556 -0.1875     -0.34722222 ... -0.55555556 -0.60416667
 -0.25      ]
INFO - Q-Learning - Rewards at end of epoch: [-0.30136986 -0.17123288 -0.32876712 ... -0.57534247 -0.58219178
 -0.26027397]
INFO - Q-Learning - Rewards at end of epoch: [-0.2972973  -0.15540541 -0.31081081 ... -0.55405405 -0.56081081
 -0.27027027]
INFO - Q-Learning - Rewards at end of epoch: [-0.28       -0.18       -0.32       ... -0.56       -0.58
 -0.25333333]
INFO - Q-Learning - Rewards at end of epoch: [-0.28947368 -0.16447368 -0.32894737 ... -0.53947368 -0.58552632
 -0.25      ]
INFO - Q-Learning - Rewards at end of epoch: [-0.28571429 -0.18831169 -0.33766234 ... -0.51948052 -0.59090909
 -0.25974026]
INFO - Q-Learning - Rewards at end of epoch: [-0.26923077 -0.17307692 -0.32051282 ... -0.5        -0.59615385
 -0.26923077]
INFO - Q-Learning - Rewards at end of epoch: [-0.27848101 -0.1835443  -0.32911392 ... -0.51898734 -0.60126582
 -0.25316456]
INFO - Q-Learning - Rewards at end of epoch: [-0.2875  -0.19375 -0.3125  ... -0.5375  -0.5875  -0.2375 ]
INFO - Q-Learning - Rewards at end of epoch: [-0.30864198 -0.19135802 -0.32098765 ... -0.55555556 -0.58024691
 -0.24691358]
INFO - Q-Learning - Rewards at end of epoch: [-0.31707317 -0.18902439 -0.32926829 ... -0.56097561 -0.59756098
 -0.26829268]
INFO - Q-Learning - Rewards at end of epoch: [-0.3373494  -0.1746988  -0.30120482 ... -0.54216867 -0.59036145
 -0.25301205]
INFO - Q-Learning - Rewards at end of epoch: [-0.3452381  -0.18452381 -0.32142857 ... -0.52380952 -0.60714286
 -0.23809524]
INFO - Q-Learning - Rewards at end of epoch: [-0.32941176 -0.19411765 -0.32941176 ... -0.49411765 -0.61176471
 -0.24705882]
INFO - Q-Learning - Rewards at end of epoch: [-0.30232558 -0.16860465 -0.3372093  ... -0.47674419 -0.59302326
 -0.22093023]
INFO - Q-Learning - Rewards at end of epoch: [-0.32183908 -0.18965517 -0.34482759 ... -0.48275862 -0.6091954
 -0.24137931]
INFO - Q-Learning - Rewards at end of epoch: [-0.31818182 -0.19886364 -0.35227273 ... -0.48863636 -0.61363636
 -0.21590909]
INFO - Q-Learning - Rewards at end of epoch: [-0.33707865 -0.18539326 -0.33707865 ... -0.46067416 -0.60674157
 -0.2247191 ]
INFO - Q-Learning - Rewards at end of epoch: [-0.34444444 -0.19444444 -0.34444444 ... -0.43333333 -0.62222222
 -0.24444444]
INFO - Q-Learning - Rewards at end of epoch: [-0.35164835 -0.19230769 -0.35164835 ... -0.41758242 -0.59340659
 -0.25274725]
INFO - Q-Learning - Rewards at end of epoch: [-0.33695652 -0.21195652 -0.36956522 ... -0.40217391 -0.60869565
 -0.23913043]
INFO - Q-Learning - Rewards at end of epoch: [-0.32258065 -0.22043011 -0.35483871 ... -0.37634409 -0.61290323
 -0.25806452]
INFO - Q-Learning - Rewards at end of epoch: [-0.34042553 -0.20744681 -0.35106383 ... -0.38297872 -0.61702128
 -0.24468085]
INFO - Q-Learning - Rewards at end of epoch: [-0.35789474 -0.21578947 -0.35789474 ... -0.38947368 -0.63157895
 -0.23157895]
INFO - Q-Learning - Rewards at end of epoch: [-0.36458333 -0.22395833 -0.375      ... -0.39583333 -0.63541667
 -0.23958333]
INFO - Q-Learning - Rewards at end of epoch: [-0.35051546 -0.23195876 -0.3814433  ... -0.3814433  -0.63917526
 -0.2371134 ]
INFO - Q-Learning - Rewards at end of epoch: [-0.35714286 -0.25       -0.35714286 ... -0.37755102 -0.64285714
 -0.2244898 ]
INFO - Q-Learning - Rewards at end of epoch: [-0.36363636 -0.25757576 -0.34343434 ... -0.38383838 -0.64646465
 -0.24242424]
INFO - Q-Learning - Rewards at end of epoch: [-0.37  -0.265 -0.35  ... -0.39  -0.65  -0.25 ]
INFO - Q-Learning - Rewards at end of epoch: [-2.  1. -2. ... -1.  1. -1.]
INFO - Q-Learning - Rewards at end of epoch: [-1.5 -0.5 -1.5 ... -1.5  0.  -0.5]
INFO - Q-Learning - Rewards at end of epoch: [-1.66666667  0.         -1.         ... -0.33333333 -0.33333333
 -0.66666667]
INFO - Q-Learning - Rewards at end of epoch: [-1.    0.   -0.5  ...  0.25 -0.25 -0.75]
INFO - Q-Learning - Rewards at end of epoch: [-1.2  0.4 -0.6 ...  0.4 -0.6 -0.4]
INFO - Q-Learning - Rewards at end of epoch: [-1.16666667  0.16666667 -0.66666667 ...  0.16666667 -0.66666667
 -0.5       ]
INFO - Q-Learning - Rewards at end of epoch: [-1.28571429e+00  2.77555756e-17 -8.57142857e-01 ...  2.77555756e-17
 -8.57142857e-01 -1.42857143e-01]
INFO - Q-Learning - Rewards at end of epoch: [-1.    -0.125 -0.875 ...  0.25  -0.5    0.   ]
INFO - Q-Learning - Rewards at end of epoch: [-1.00000000e+00  2.77555756e-17 -6.66666667e-01 ...  1.11111111e-01
 -5.55555556e-01 -1.11111111e-01]
INFO - Q-Learning - Rewards at end of epoch: [-1.00000000e+00 -1.00000000e-01 -4.00000000e-01 ... -1.38777878e-17
 -6.00000000e-01  1.38777878e-17]
INFO - Q-Learning - Rewards at end of epoch: [-0.81818182 -0.18181818 -0.45454545 ... -0.09090909 -0.63636364
 -0.09090909]
INFO - Q-Learning - Rewards at end of epoch: [-0.75       -0.33333333 -0.58333333 ... -0.25       -0.58333333
  0.        ]
INFO - Q-Learning - Rewards at end of epoch: [-0.53846154 -0.38461538 -0.69230769 ... -0.30769231 -0.53846154
  0.07692308]
INFO - Q-Learning - Rewards at end of epoch: [-0.64285714 -0.42857143 -0.71428571 ... -0.14285714 -0.35714286
  0.14285714]
INFO - Q-Learning - Rewards at end of epoch: [-0.66666667 -0.46666667 -0.8        ... -0.06666667 -0.4
  0.06666667]
INFO - Q-Learning - Rewards at end of epoch: [-0.5625 -0.5    -0.625  ... -0.125  -0.375  -0.0625]
INFO - Q-Learning - Rewards at end of epoch: [-5.29411765e-01 -5.29411765e-01 -4.70588235e-01 ... -1.76470588e-01
 -4.70588235e-01 -1.38777878e-17]
INFO - Q-Learning - Rewards at end of epoch: [-0.61111111 -0.52777778 -0.44444444 ... -0.22222222 -0.38888889
 -0.11111111]
INFO - Q-Learning - Rewards at end of epoch: [-0.52631579 -0.44736842 -0.36842105 ... -0.26315789 -0.26315789
  0.        ]
INFO - Q-Learning - Rewards at end of epoch: [-0.45  -0.475 -0.4   ... -0.35  -0.3   -0.1  ]
INFO - Q-Learning - Rewards at end of epoch: [-0.52380952 -0.5        -0.38095238 ... -0.42857143 -0.33333333
  0.        ]
INFO - Q-Learning - Rewards at end of epoch: [-0.54545455 -0.56818182 -0.40909091 ... -0.36363636 -0.40909091
  0.04545455]
INFO - Q-Learning - Rewards at end of epoch: [-0.56521739 -0.63043478 -0.34782609 ... -0.30434783 -0.34782609
  0.04347826]
INFO - Q-Learning - Rewards at end of epoch: [-0.58333333 -0.6875     -0.375      ... -0.375      -0.25
  0.04166667]
INFO - Q-Learning - Rewards at end of epoch: [-0.64 -0.7  -0.32 ... -0.4  -0.28 -0.04]
INFO - Q-Learning - Rewards at end of epoch: [-0.65384615 -0.63461538 -0.38461538 ... -0.42307692 -0.34615385
 -0.07692308]
INFO - Q-Learning - Rewards at end of epoch: [-0.7037037  -0.57407407 -0.44444444 ... -0.48148148 -0.2962963
 -0.11111111]
INFO - Q-Learning - Rewards at end of epoch: [-0.64285714 -0.625      -0.5        ... -0.5        -0.25
 -0.10714286]
INFO - Q-Learning - Rewards at end of epoch: [-0.68965517 -0.67241379 -0.48275862 ... -0.4137931  -0.27586207
 -0.06896552]
INFO - Q-Learning - Rewards at end of epoch: [-0.7        -0.68333333 -0.5        ... -0.46666667 -0.3
 -0.1       ]
INFO - Q-Learning - Rewards at end of epoch: [-0.61290323 -0.62903226 -0.4516129  ... -0.38709677 -0.35483871
 -0.12903226]
INFO - Q-Learning - Rewards at end of epoch: [-0.65625  -0.578125 -0.46875  ... -0.40625  -0.40625  -0.125   ]
INFO - Q-Learning - Rewards at end of epoch: [-0.66666667 -0.5        -0.39393939 ... -0.42424242 -0.36363636
 -0.18181818]
INFO - Q-Learning - Rewards at end of epoch: [-0.67647059 -0.51470588 -0.35294118 ... -0.47058824 -0.38235294
 -0.14705882]
INFO - Q-Learning - Rewards at end of epoch: [-0.68571429 -0.55714286 -0.37142857 ... -0.42857143 -0.31428571
 -0.11428571]
INFO - Q-Learning - Rewards at end of epoch: [-0.63888889 -0.59722222 -0.30555556 ... -0.44444444 -0.25
 -0.13888889]
INFO - Q-Learning - Rewards at end of epoch: [-0.67567568 -0.60810811 -0.32432432 ... -0.45945946 -0.2972973
 -0.13513514]
INFO - Q-Learning - Rewards at end of epoch: [-0.63157895 -0.61842105 -0.36842105 ... -0.39473684 -0.26315789
 -0.18421053]
INFO - Q-Learning - Rewards at end of epoch: [-0.64102564 -0.62820513 -0.38461538 ... -0.35897436 -0.20512821
 -0.23076923]
INFO - Q-Learning - Rewards at end of epoch: [-0.575  -0.6375 -0.4    ... -0.375  -0.175  -0.25  ]
INFO - Q-Learning - Rewards at end of epoch: [-0.58536585 -0.59756098 -0.43902439 ... -0.41463415 -0.19512195
 -0.26829268]
INFO - Q-Learning - Rewards at end of epoch: [-0.54761905 -0.53571429 -0.45238095 ... -0.38095238 -0.21428571
 -0.23809524]
INFO - Q-Learning - Rewards at end of epoch: [-0.55813953 -0.54651163 -0.39534884 ... -0.41860465 -0.18604651
 -0.25581395]
INFO - Q-Learning - Rewards at end of epoch: [-0.52272727 -0.48863636 -0.40909091 ... -0.43181818 -0.22727273
 -0.27272727]
INFO - Q-Learning - Rewards at end of epoch: [-0.53333333 -0.52222222 -0.44444444 ... -0.44444444 -0.24444444
 -0.31111111]
INFO - Q-Learning - Rewards at end of epoch: [-0.56521739 -0.55434783 -0.45652174 ... -0.47826087 -0.26086957
 -0.30434783]
INFO - Q-Learning - Rewards at end of epoch: [-0.59574468 -0.5212766  -0.46808511 ... -0.44680851 -0.27659574
 -0.31914894]
INFO - Q-Learning - Rewards at end of epoch: [-0.60416667 -0.46875    -0.4375     ... -0.47916667 -0.25
 -0.33333333]
INFO - Q-Learning - Rewards at end of epoch: [-0.6122449  -0.5        -0.44897959 ... -0.44897959 -0.26530612
 -0.34693878]
INFO - Q-Learning - Rewards at end of epoch: [-0.62 -0.51 -0.46 ... -0.48 -0.28 -0.38]
INFO - Q-Learning - Rewards at end of epoch: [-0.64705882 -0.51960784 -0.47058824 ... -0.45098039 -0.31372549
 -0.33333333]
INFO - Q-Learning - Rewards at end of epoch: [-0.65384615 -0.52884615 -0.48076923 ... -0.48076923 -0.32692308
 -0.34615385]
INFO - Q-Learning - Rewards at end of epoch: [-0.66037736 -0.48113208 -0.49056604 ... -0.50943396 -0.32075472
 -0.37735849]
INFO - Q-Learning - Rewards at end of epoch: [-0.66666667 -0.4537037  -0.5        ... -0.46296296 -0.35185185
 -0.38888889]
INFO - Q-Learning - Rewards at end of epoch: [-0.67272727 -0.48181818 -0.50909091 ... -0.43636364 -0.36363636
 -0.41818182]
INFO - Q-Learning - Rewards at end of epoch: [-0.67857143 -0.49107143 -0.48214286 ... -0.39285714 -0.375
 -0.39285714]
INFO - Q-Learning - Rewards at end of epoch: [-0.64912281 -0.50877193 -0.49122807 ... -0.38596491 -0.35087719
 -0.42105263]
INFO - Q-Learning - Rewards at end of epoch: [-0.65517241 -0.51724138 -0.5        ... -0.39655172 -0.36206897
 -0.39655172]
INFO - Q-Learning - Rewards at end of epoch: [-0.66101695 -0.52542373 -0.50847458 ... -0.40677966 -0.38983051
 -0.37288136]
INFO - Q-Learning - Rewards at end of epoch: [-0.68333333 -0.53333333 -0.46666667 ... -0.41666667 -0.4
 -0.38333333]
INFO - Q-Learning - Rewards at end of epoch: [-0.68852459 -0.54098361 -0.47540984 ... -0.40983607 -0.40983607
 -0.39344262]
INFO - Q-Learning - Rewards at end of epoch: [-0.69354839 -0.5483871  -0.43548387 ... -0.41935484 -0.43548387
 -0.37096774]
INFO - Q-Learning - Rewards at end of epoch: [-0.6984127  -0.55555556 -0.44444444 ... -0.44444444 -0.44444444
 -0.38095238]
INFO - Q-Learning - Rewards at end of epoch: [-0.703125 -0.53125  -0.421875 ... -0.46875  -0.40625  -0.359375]
INFO - Q-Learning - Rewards at end of epoch: [-0.70769231 -0.50769231 -0.41538462 ... -0.44615385 -0.41538462
 -0.36923077]
INFO - Q-Learning - Rewards at end of epoch: [-0.71212121 -0.51515152 -0.40909091 ... -0.42424242 -0.42424242
 -0.39393939]
INFO - Q-Learning - Rewards at end of epoch: [-0.71641791 -0.52238806 -0.41791045 ... -0.43283582 -0.43283582
 -0.40298507]
INFO - Q-Learning - Rewards at end of epoch: [-0.69117647 -0.48529412 -0.42647059 ... -0.42647059 -0.45588235
 -0.41176471]
INFO - Q-Learning - Rewards at end of epoch: [-0.65217391 -0.46376812 -0.43478261 ... -0.44927536 -0.46376812
 -0.37681159]
INFO - Q-Learning - Rewards at end of epoch: [-0.62857143 -0.47142857 -0.41428571 ... -0.44285714 -0.45714286
 -0.38571429]
INFO - Q-Learning - Rewards at end of epoch: [-0.64788732 -0.45070423 -0.42253521 ... -0.46478873 -0.43661972
 -0.35211268]
INFO - Q-Learning - Rewards at end of epoch: [-0.66666667 -0.47222222 -0.43055556 ... -0.47222222 -0.41666667
 -0.36111111]
INFO - Q-Learning - Rewards at end of epoch: [-0.64383562 -0.43835616 -0.42465753 ... -0.45205479 -0.42465753
 -0.36986301]
INFO - Q-Learning - Rewards at end of epoch: [-0.64864865 -0.44594595 -0.41891892 ... -0.45945946 -0.44594595
 -0.35135135]
INFO - Q-Learning - Rewards at end of epoch: [-0.66666667 -0.45333333 -0.44       ... -0.42666667 -0.45333333
 -0.36      ]
INFO - Q-Learning - Rewards at end of epoch: [-0.65789474 -0.42105263 -0.40789474 ... -0.40789474 -0.47368421
 -0.36842105]
INFO - Q-Learning - Rewards at end of epoch: [-0.64935065 -0.42857143 -0.42857143 ... -0.38961039 -0.45454545
 -0.35064935]
INFO - Q-Learning - Rewards at end of epoch: [-0.65384615 -0.44871795 -0.43589744 ... -0.40384615 -0.43589744
 -0.37179487]
INFO - Q-Learning - Rewards at end of epoch: [-0.63291139 -0.43037975 -0.4556962  ... -0.41139241 -0.41772152
 -0.39240506]
INFO - Q-Learning - Rewards at end of epoch: [-0.61875 -0.45    -0.4625  ... -0.38125 -0.425   -0.4125 ]
INFO - Q-Learning - Rewards at end of epoch: [-0.62345679 -0.4691358  -0.43209877 ... -0.36419753 -0.43209877
 -0.41975309]
INFO - Q-Learning - Rewards at end of epoch: [-0.61585366 -0.45121951 -0.43902439 ... -0.38414634 -0.43902439
 -0.42682927]
INFO - Q-Learning - Rewards at end of epoch: [-0.59638554 -0.45783133 -0.43373494 ... -0.36746988 -0.42168675
 -0.43373494]
INFO - Q-Learning - Rewards at end of epoch: [-0.60119048 -0.44047619 -0.41666667 ... -0.375      -0.39285714
 -0.4047619 ]
INFO - Q-Learning - Rewards at end of epoch: [-0.60588235 -0.44705882 -0.4        ... -0.39411765 -0.4
 -0.37647059]
INFO - Q-Learning - Rewards at end of epoch: [-0.62209302 -0.43023256 -0.40697674 ... -0.40116279 -0.40697674
 -0.36046512]
INFO - Q-Learning - Rewards at end of epoch: [-0.60344828 -0.4137931  -0.40229885 ... -0.40804598 -0.4137931
 -0.37931034]
INFO - Q-Learning - Rewards at end of epoch: [-0.58522727 -0.42045455 -0.375      ... -0.42613636 -0.42045455
 -0.39772727]
INFO - Q-Learning - Rewards at end of epoch: [-0.56741573 -0.43820225 -0.38202247 ... -0.43258427 -0.41573034
 -0.40449438]
INFO - Q-Learning - Rewards at end of epoch: [-0.55       -0.44444444 -0.38888889 ... -0.43888889 -0.43333333
 -0.42222222]
INFO - Q-Learning - Rewards at end of epoch: [-0.55494505 -0.42857143 -0.3956044  ... -0.44505495 -0.45054945
 -0.40659341]
INFO - Q-Learning - Rewards at end of epoch: [-0.55978261 -0.41304348 -0.38043478 ... -0.45108696 -0.42391304
 -0.41304348]
INFO - Q-Learning - Rewards at end of epoch: [-0.56451613 -0.41935484 -0.38709677 ... -0.45698925 -0.44086022
 -0.39784946]
INFO - Q-Learning - Rewards at end of epoch: [-0.57978723 -0.43617021 -0.36170213 ... -0.46276596 -0.42553191
 -0.40425532]
INFO - Q-Learning - Rewards at end of epoch: [-0.58421053 -0.44210526 -0.34736842 ... -0.46842105 -0.43157895
 -0.38947368]
INFO - Q-Learning - Rewards at end of epoch: [-0.58854167 -0.42708333 -0.32291667 ... -0.47395833 -0.40625
 -0.375     ]
INFO - Q-Learning - Rewards at end of epoch: [-0.59278351 -0.41237113 -0.32989691 ... -0.47938144 -0.3814433
 -0.3814433 ]
INFO - Q-Learning - Rewards at end of epoch: [-0.58673469 -0.41836735 -0.33673469 ... -0.4744898  -0.3877551
 -0.3877551 ]
INFO - Q-Learning - Rewards at end of epoch: [-0.57070707 -0.4040404  -0.35353535 ... -0.47979798 -0.36363636
 -0.37373737]
INFO - Q-Learning - Rewards at end of epoch: [-0.555 -0.39  -0.33  ... -0.485 -0.38  -0.36 ]
INFO - Q-Learning - Rewards at end of epoch: [ 1. -1. -1. ...  1. -1. -2.]
INFO - Q-Learning - Rewards at end of epoch: [ 0.  -1.  -1.  ...  1.5 -1.  -2. ]
INFO - Q-Learning - Rewards at end of epoch: [-0.33333333 -1.          0.         ...  1.66666667 -1.
 -1.66666667]
INFO - Q-Learning - Rewards at end of epoch: [-0.5  -1.   -0.25 ...  1.5  -1.   -1.5 ]
INFO - Q-Learning - Rewards at end of epoch: [-0.6 -1.  -0.6 ...  1.  -1.2 -1. ]
INFO - Q-Learning - Rewards at end of epoch: [-0.33333333 -1.         -0.33333333 ...  1.         -1.16666667
 -1.        ]
INFO - Q-Learning - Rewards at end of epoch: [-0.57142857 -0.85714286 -0.42857143 ...  1.14285714 -1.28571429
 -1.        ]
INFO - Q-Learning - Rewards at end of epoch: [-0.75  -0.625 -0.625 ...  0.75  -1.375 -1.   ]
INFO - Q-Learning - Rewards at end of epoch: [-0.55555556 -0.77777778 -0.66666667 ...  0.55555556 -1.33333333
 -1.        ]
INFO - Q-Learning - Rewards at end of epoch: [-0.7 -0.6 -0.8 ...  0.7 -1.1 -0.8]
INFO - Q-Learning - Rewards at end of epoch: [-0.54545455 -0.63636364 -0.81818182 ...  0.54545455 -0.81818182
 -0.90909091]
INFO - Q-Learning - Rewards at end of epoch: [-0.58333333 -0.75       -0.83333333 ...  0.41666667 -0.66666667
 -0.91666667]
INFO - Q-Learning - Rewards at end of epoch: [-0.38461538 -0.61538462 -0.84615385 ...  0.46153846 -0.53846154
 -0.76923077]
INFO - Q-Learning - Rewards at end of epoch: [-0.5        -0.64285714 -0.92857143 ...  0.35714286 -0.42857143
 -0.78571429]
INFO - Q-Learning - Rewards at end of epoch: [-0.46666667 -0.66666667 -0.8        ...  0.26666667 -0.46666667
 -0.6       ]
INFO - Q-Learning - Rewards at end of epoch: [-0.5    -0.5    -0.875  ...  0.1875 -0.5625 -0.5   ]
INFO - Q-Learning - Rewards at end of epoch: [-0.41176471 -0.41176471 -0.88235294 ...  0.11764706 -0.58823529
 -0.52941176]
INFO - Q-Learning - Rewards at end of epoch: [-0.33333333 -0.44444444 -0.77777778 ...  0.05555556 -0.5
 -0.61111111]
INFO - Q-Learning - Rewards at end of epoch: [-0.42105263 -0.47368421 -0.78947368 ...  0.15789474 -0.57894737
 -0.47368421]
INFO - Q-Learning - Rewards at end of epoch: [-0.45 -0.4  -0.8  ...  0.1  -0.6  -0.4 ]
INFO - Q-Learning - Rewards at end of epoch: [-0.47619048 -0.47619048 -0.85714286 ...  0.0952381  -0.52380952
 -0.33333333]
INFO - Q-Learning - Rewards at end of epoch: [-0.5        -0.5        -0.86363636 ...  0.04545455 -0.54545455
 -0.40909091]
INFO - Q-Learning - Rewards at end of epoch: [-3.91304348e-01 -5.21739130e-01 -9.13043478e-01 ... -5.55111512e-17
 -6.08695652e-01 -4.34782609e-01]
INFO - Q-Learning - Rewards at end of epoch: [-0.33333333 -0.45833333 -0.91666667 ... -0.08333333 -0.54166667
 -0.375     ]
INFO - Q-Learning - Rewards at end of epoch: [-0.36 -0.4  -0.92 ... -0.12 -0.56 -0.4 ]
INFO - Q-Learning - Rewards at end of epoch: [-0.34615385 -0.46153846 -0.92307692 ... -0.15384615 -0.57692308
 -0.46153846]
INFO - Q-Learning - Rewards at end of epoch: [-0.40740741 -0.48148148 -0.92592593 ... -0.18518519 -0.51851852
 -0.51851852]
INFO - Q-Learning - Rewards at end of epoch: [-0.46428571 -0.53571429 -0.92857143 ... -0.21428571 -0.46428571
 -0.57142857]
INFO - Q-Learning - Rewards at end of epoch: [-0.4137931  -0.55172414 -0.93103448 ... -0.13793103 -0.48275862
 -0.55172414]
INFO - Q-Learning - Rewards at end of epoch: [-0.33333333 -0.6        -0.93333333 ... -0.06666667 -0.43333333
 -0.56666667]
INFO - Q-Learning - Rewards at end of epoch: [-0.35483871 -0.61290323 -0.87096774 ... -0.09677419 -0.4516129
 -0.58064516]
INFO - Q-Learning - Rewards at end of epoch: [-0.3125  -0.53125 -0.875   ... -0.125   -0.46875 -0.59375]
INFO - Q-Learning - Rewards at end of epoch: [-0.27272727 -0.54545455 -0.84848485 ... -0.18181818 -0.48484848
 -0.63636364]
INFO - Q-Learning - Rewards at end of epoch: [-0.29411765 -0.58823529 -0.88235294 ... -0.11764706 -0.52941176
 -0.58823529]
INFO - Q-Learning - Rewards at end of epoch: [-0.34285714 -0.55714286 -0.91428571 ... -0.14285714 -0.45714286
 -0.54285714]
INFO - Q-Learning - Rewards at end of epoch: [-0.36111111 -0.51388889 -0.86111111 ... -0.13888889 -0.47222222
 -0.5       ]
INFO - Q-Learning - Rewards at end of epoch: [-0.37837838 -0.47297297 -0.78378378 ... -0.18918919 -0.43243243
 -0.51351351]
INFO - Q-Learning - Rewards at end of epoch: [-0.36842105 -0.43421053 -0.73684211 ... -0.23684211 -0.47368421
 -0.52631579]
INFO - Q-Learning - Rewards at end of epoch: [-0.33333333 -0.42307692 -0.74358974 ... -0.25641026 -0.51282051
 -0.46153846]
INFO - Q-Learning - Rewards at end of epoch: [-0.35   -0.3875 -0.75   ... -0.275  -0.475  -0.475 ]
INFO - Q-Learning - Rewards at end of epoch: [-0.36585366 -0.40243902 -0.70731707 ... -0.29268293 -0.48780488
 -0.51219512]
INFO - Q-Learning - Rewards at end of epoch: [-0.38095238 -0.36904762 -0.71428571 ... -0.26190476 -0.52380952
 -0.52380952]
INFO - Q-Learning - Rewards at end of epoch: [-0.39534884 -0.31395349 -0.65116279 ... -0.30232558 -0.53488372
 -0.55813953]
INFO - Q-Learning - Rewards at end of epoch: [-0.43181818 -0.35227273 -0.61363636 ... -0.31818182 -0.54545455
 -0.5       ]
INFO - Q-Learning - Rewards at end of epoch: [-0.44444444 -0.38888889 -0.55555556 ... -0.33333333 -0.51111111
 -0.51111111]
INFO - Q-Learning - Rewards at end of epoch: [-0.47826087 -0.42391304 -0.52173913 ... -0.34782609 -0.52173913
 -0.47826087]
INFO - Q-Learning - Rewards at end of epoch: [-0.44680851 -0.43617021 -0.53191489 ... -0.36170213 -0.53191489
 -0.4893617 ]
INFO - Q-Learning - Rewards at end of epoch: [-0.45833333 -0.44791667 -0.52083333 ... -0.39583333 -0.5625
 -0.5       ]
INFO - Q-Learning - Rewards at end of epoch: [-0.46938776 -0.45918367 -0.53061224 ... -0.42857143 -0.53061224
 -0.48979592]
INFO - Q-Learning - Rewards at end of epoch: [-0.42 -0.47 -0.5  ... -0.44 -0.54 -0.5 ]
INFO - Q-Learning - Rewards at end of epoch: [-0.39215686 -0.5        -0.50980392 ... -0.43137255 -0.54901961
 -0.50980392]
INFO - Q-Learning - Rewards at end of epoch: [-0.40384615 -0.45192308 -0.48076923 ... -0.44230769 -0.57692308
 -0.53846154]
INFO - Q-Learning - Rewards at end of epoch: [-0.43396226 -0.48113208 -0.43396226 ... -0.47169811 -0.58490566
 -0.56603774]
INFO - Q-Learning - Rewards at end of epoch: [-0.40740741 -0.4537037  -0.44444444 ... -0.44444444 -0.59259259
 -0.59259259]
INFO - Q-Learning - Rewards at end of epoch: [-0.41818182 -0.46363636 -0.41818182 ... -0.4        -0.56363636
 -0.58181818]
INFO - Q-Learning - Rewards at end of epoch: [-0.44642857 -0.4375     -0.39285714 ... -0.41071429 -0.53571429
 -0.58928571]
INFO - Q-Learning - Rewards at end of epoch: [-0.42105263 -0.45614035 -0.40350877 ... -0.42105263 -0.56140351
 -0.56140351]
INFO - Q-Learning - Rewards at end of epoch: [-0.43103448 -0.43103448 -0.37931034 ... -0.39655172 -0.5862069
 -0.56896552]
INFO - Q-Learning - Rewards at end of epoch: [-0.40677966 -0.44067797 -0.38983051 ... -0.40677966 -0.61016949
 -0.57627119]
INFO - Q-Learning - Rewards at end of epoch: [-0.41666667 -0.46666667 -0.4        ... -0.38333333 -0.58333333
 -0.58333333]
INFO - Q-Learning - Rewards at end of epoch: [-0.44262295 -0.42622951 -0.40983607 ... -0.40983607 -0.59016393
 -0.59016393]
INFO - Q-Learning - Rewards at end of epoch: [-0.40322581 -0.4516129  -0.43548387 ... -0.43548387 -0.5483871
 -0.58064516]
INFO - Q-Learning - Rewards at end of epoch: [-0.41269841 -0.42857143 -0.41269841 ... -0.44444444 -0.53968254
 -0.58730159]
INFO - Q-Learning - Rewards at end of epoch: [-0.390625 -0.40625  -0.40625  ... -0.453125 -0.5      -0.5625  ]
INFO - Q-Learning - Rewards at end of epoch: [-0.4        -0.41538462 -0.41538462 ... -0.43076923 -0.46153846
 -0.58461538]
INFO - Q-Learning - Rewards at end of epoch: [-0.40909091 -0.42424242 -0.43939394 ... -0.40909091 -0.46969697
 -0.59090909]
INFO - Q-Learning - Rewards at end of epoch: [-0.41791045 -0.44029851 -0.44776119 ... -0.43283582 -0.44776119
 -0.6119403 ]
INFO - Q-Learning - Rewards at end of epoch: [-0.42647059 -0.44852941 -0.42647059 ... -0.44117647 -0.45588235
 -0.63235294]
INFO - Q-Learning - Rewards at end of epoch: [-0.44927536 -0.47101449 -0.4057971  ... -0.44927536 -0.46376812
 -0.63768116]
INFO - Q-Learning - Rewards at end of epoch: [-0.45714286 -0.45       -0.4        ... -0.45714286 -0.47142857
 -0.64285714]
INFO - Q-Learning - Rewards at end of epoch: [-0.44366197 -0.47183099 -0.38028169 ... -0.47887324 -0.45070423
 -0.64788732]
INFO - Q-Learning - Rewards at end of epoch: [-0.42361111 -0.47916667 -0.38888889 ... -0.48611111 -0.45833333
 -0.625     ]
INFO - Q-Learning - Rewards at end of epoch: [-0.44520548 -0.48630137 -0.36986301 ... -0.45205479 -0.46575342
 -0.60273973]
INFO - Q-Learning - Rewards at end of epoch: [-0.42567568 -0.49324324 -0.39189189 ... -0.43243243 -0.47297297
 -0.60810811]
INFO - Q-Learning - Rewards at end of epoch: [-0.39333333 -0.5        -0.41333333 ... -0.41333333 -0.48
 -0.62666667]
INFO - Q-Learning - Rewards at end of epoch: [-0.40131579 -0.48026316 -0.39473684 ... -0.38157895 -0.46052632
 -0.60526316]
INFO - Q-Learning - Rewards at end of epoch: [-0.40909091 -0.46103896 -0.4025974  ... -0.37662338 -0.46753247
 -0.61038961]
INFO - Q-Learning - Rewards at end of epoch: [-0.41666667 -0.44230769 -0.38461538 ... -0.3974359  -0.47435897
 -0.62820513]
INFO - Q-Learning - Rewards at end of epoch: [-0.42405063 -0.43670886 -0.36708861 ... -0.40506329 -0.4556962
 -0.63291139]
INFO - Q-Learning - Rewards at end of epoch: [-0.43125 -0.44375 -0.3875  ... -0.4125  -0.4625  -0.6375 ]
INFO - Q-Learning - Rewards at end of epoch: [-0.4382716  -0.46296296 -0.38271605 ... -0.41975309 -0.4691358
 -0.60493827]
INFO - Q-Learning - Rewards at end of epoch: [-0.43292683 -0.44512195 -0.40243902 ... -0.42682927 -0.45121951
 -0.6097561 ]
INFO - Q-Learning - Rewards at end of epoch: [-0.43975904 -0.41566265 -0.37349398 ... -0.44578313 -0.46987952
 -0.61445783]
INFO - Q-Learning - Rewards at end of epoch: [-0.44642857 -0.42261905 -0.38095238 ... -0.45238095 -0.46428571
 -0.5952381 ]
INFO - Q-Learning - Rewards at end of epoch: [-0.45294118 -0.40588235 -0.38823529 ... -0.47058824 -0.47058824
 -0.57647059]
INFO - Q-Learning - Rewards at end of epoch: [-0.45930233 -0.38953488 -0.37209302 ... -0.45348837 -0.45348837
 -0.55813953]
INFO - Q-Learning - Rewards at end of epoch: [-0.46551724 -0.39655172 -0.37931034 ... -0.45977011 -0.43678161
 -0.56321839]
INFO - Q-Learning - Rewards at end of epoch: [-0.47159091 -0.36931818 -0.38636364 ... -0.46590909 -0.44318182
 -0.55681818]
INFO - Q-Learning - Rewards at end of epoch: [-0.47752809 -0.37640449 -0.39325843 ... -0.47191011 -0.46067416
 -0.52808989]
INFO - Q-Learning - Rewards at end of epoch: [-0.48333333 -0.38333333 -0.37777778 ... -0.45555556 -0.46666667
 -0.54444444]
INFO - Q-Learning - Rewards at end of epoch: [-0.48901099 -0.37912088 -0.35164835 ... -0.47252747 -0.45054945
 -0.56043956]
INFO - Q-Learning - Rewards at end of epoch: [-0.48369565 -0.36413043 -0.32608696 ... -0.45652174 -0.45652174
 -0.55434783]
INFO - Q-Learning - Rewards at end of epoch: [-0.5        -0.37096774 -0.30107527 ... -0.47311828 -0.44086022
 -0.52688172]
INFO - Q-Learning - Rewards at end of epoch: [-0.50531915 -0.37765957 -0.27659574 ... -0.44680851 -0.45744681
 -0.53191489]
INFO - Q-Learning - Rewards at end of epoch: [-0.47894737 -0.37368421 -0.29473684 ... -0.46315789 -0.46315789
 -0.53684211]
INFO - Q-Learning - Rewards at end of epoch: [-0.49479167 -0.390625   -0.30208333 ... -0.46875    -0.46875
 -0.52083333]
INFO - Q-Learning - Rewards at end of epoch: [-0.5        -0.39690722 -0.28865979 ... -0.4742268  -0.48453608
 -0.53608247]
INFO - Q-Learning - Rewards at end of epoch: [-0.50510204 -0.37244898 -0.29591837 ... -0.47959184 -0.46938776
 -0.54081633]
INFO - Q-Learning - Rewards at end of epoch: [-0.51010101 -0.35858586 -0.27272727 ... -0.49494949 -0.48484848
 -0.51515152]
INFO - Q-Learning - Rewards at end of epoch: [-0.485 -0.345 -0.26  ... -0.5   -0.49  -0.53 ]
